INFO - 2026-03-06 04:31:45 --> Session: Class initialized using 'CodeIgniter\Session\Handlers\FileHandler' driver.
INFO - 2026-03-06 04:31:45 --> Session: Class initialized using 'CodeIgniter\Session\Handlers\FileHandler' driver.
INFO - 2026-03-06 04:33:20 --> Session: Class initialized using 'CodeIgniter\Session\Handlers\FileHandler' driver.
INFO - 2026-03-06 04:33:20 --> Session: Class initialized using 'CodeIgniter\Session\Handlers\FileHandler' driver.
INFO - 2026-03-06 04:41:44 --> Session: Class initialized using 'CodeIgniter\Session\Handlers\FileHandler' driver.
INFO - 2026-03-06 04:44:32 --> Session: Class initialized using 'CodeIgniter\Session\Handlers\FileHandler' driver.
INFO - 2026-03-06 05:00:12 --> Session: Class initialized using 'CodeIgniter\Session\Handlers\FileHandler' driver.
INFO - 2026-03-06 05:24:01 --> Session: Class initialized using 'CodeIgniter\Session\Handlers\FileHandler' driver.
INFO - 2026-03-06 05:24:02 --> Session: Class initialized using 'CodeIgniter\Session\Handlers\FileHandler' driver.
INFO - 2026-03-06 05:24:12 --> Session: Class initialized using 'CodeIgniter\Session\Handlers\FileHandler' driver.
INFO - 2026-03-06 05:24:12 --> Session: Class initialized using 'CodeIgniter\Session\Handlers\FileHandler' driver.
INFO - 2026-03-06 05:24:15 --> Session: Class initialized using 'CodeIgniter\Session\Handlers\FileHandler' driver.
INFO - 2026-03-06 05:33:20 --> Session: Class initialized using 'CodeIgniter\Session\Handlers\FileHandler' driver.
INFO - 2026-03-06 05:33:33 --> Session: Class initialized using 'CodeIgniter\Session\Handlers\FileHandler' driver.
INFO - 2026-03-06 05:33:35 --> Session: Class initialized using 'CodeIgniter\Session\Handlers\FileHandler' driver.
INFO - 2026-03-06 05:36:03 --> Session: Class initialized using 'CodeIgniter\Session\Handlers\FileHandler' driver.
INFO - 2026-03-06 05:36:26 --> Session: Class initialized using 'CodeIgniter\Session\Handlers\FileHandler' driver.
INFO - 2026-03-06 05:37:48 --> Session: Class initialized using 'CodeIgniter\Session\Handlers\FileHandler' driver.
INFO - 2026-03-06 05:38:19 --> Session: Class initialized using 'CodeIgniter\Session\Handlers\FileHandler' driver.
INFO - 2026-03-06 05:43:03 --> Session: Class initialized using 'CodeIgniter\Session\Handlers\FileHandler' driver.
INFO - 2026-03-06 05:43:49 --> Session: Class initialized using 'CodeIgniter\Session\Handlers\FileHandler' driver.
INFO - 2026-03-06 09:07:20 --> Session: Class initialized using 'CodeIgniter\Session\Handlers\FileHandler' driver.
INFO - 2026-03-06 09:07:22 --> Session: Class initialized using 'CodeIgniter\Session\Handlers\FileHandler' driver.
INFO - 2026-03-06 09:07:34 --> Session: Class initialized using 'CodeIgniter\Session\Handlers\FileHandler' driver.
INFO - 2026-03-06 09:07:34 --> Session: Class initialized using 'CodeIgniter\Session\Handlers\FileHandler' driver.
INFO - 2026-03-06 09:07:38 --> Session: Class initialized using 'CodeIgniter\Session\Handlers\FileHandler' driver.
INFO - 2026-03-06 09:07:40 --> Session: Class initialized using 'CodeIgniter\Session\Handlers\FileHandler' driver.
INFO - 2026-03-06 09:07:46 --> Session: Class initialized using 'CodeIgniter\Session\Handlers\FileHandler' driver.
INFO - 2026-03-06 09:07:48 --> Session: Class initialized using 'CodeIgniter\Session\Handlers\FileHandler' driver.
INFO - 2026-03-06 09:10:02 --> Session: Class initialized using 'CodeIgniter\Session\Handlers\FileHandler' driver.
INFO - 2026-03-06 09:11:06 --> Session: Class initialized using 'CodeIgniter\Session\Handlers\FileHandler' driver.
INFO - 2026-03-06 09:11:07 --> Session: Class initialized using 'CodeIgniter\Session\Handlers\FileHandler' driver.
INFO - 2026-03-06 09:12:16 --> Session: Class initialized using 'CodeIgniter\Session\Handlers\FileHandler' driver.
INFO - 2026-03-06 09:12:22 --> Session: Class initialized using 'CodeIgniter\Session\Handlers\FileHandler' driver.
INFO - 2026-03-06 09:12:22 --> Session: Class initialized using 'CodeIgniter\Session\Handlers\FileHandler' driver.
INFO - 2026-03-06 09:12:55 --> Session: Class initialized using 'CodeIgniter\Session\Handlers\FileHandler' driver.
INFO - 2026-03-06 09:12:55 --> Session: Class initialized using 'CodeIgniter\Session\Handlers\FileHandler' driver.
INFO - 2026-03-06 09:15:33 --> Session: Class initialized using 'CodeIgniter\Session\Handlers\FileHandler' driver.
INFO - 2026-03-06 09:17:16 --> Session: Class initialized using 'CodeIgniter\Session\Handlers\FileHandler' driver.
INFO - 2026-03-06 09:17:39 --> Session: Class initialized using 'CodeIgniter\Session\Handlers\FileHandler' driver.
INFO - 2026-03-06 09:17:44 --> Session: Class initialized using 'CodeIgniter\Session\Handlers\FileHandler' driver.
INFO - 2026-03-06 09:18:22 --> Session: Class initialized using 'CodeIgniter\Session\Handlers\FileHandler' driver.
INFO - 2026-03-06 09:18:26 --> Session: Class initialized using 'CodeIgniter\Session\Handlers\FileHandler' driver.
INFO - 2026-03-06 09:18:26 --> Session: Class initialized using 'CodeIgniter\Session\Handlers\FileHandler' driver.
INFO - 2026-03-06 09:19:20 --> Session: Class initialized using 'CodeIgniter\Session\Handlers\FileHandler' driver.
INFO - 2026-03-06 09:19:23 --> Session: Class initialized using 'CodeIgniter\Session\Handlers\FileHandler' driver.
INFO - 2026-03-06 09:19:24 --> Session: Class initialized using 'CodeIgniter\Session\Handlers\FileHandler' driver.
INFO - 2026-03-06 09:19:38 --> Session: Class initialized using 'CodeIgniter\Session\Handlers\FileHandler' driver.
INFO - 2026-03-06 09:19:41 --> Session: Class initialized using 'CodeIgniter\Session\Handlers\FileHandler' driver.
INFO - 2026-03-06 09:19:41 --> Session: Class initialized using 'CodeIgniter\Session\Handlers\FileHandler' driver.
INFO - 2026-03-06 09:19:45 --> Session: Class initialized using 'CodeIgniter\Session\Handlers\FileHandler' driver.
INFO - 2026-03-06 09:19:51 --> Session: Class initialized using 'CodeIgniter\Session\Handlers\FileHandler' driver.
INFO - 2026-03-06 09:20:22 --> Session: Class initialized using 'CodeIgniter\Session\Handlers\FileHandler' driver.
INFO - 2026-03-06 09:22:20 --> Session: Class initialized using 'CodeIgniter\Session\Handlers\FileHandler' driver.
INFO - 2026-03-06 09:22:20 --> Session: Class initialized using 'CodeIgniter\Session\Handlers\FileHandler' driver.
INFO - 2026-03-06 09:23:18 --> Session: Class initialized using 'CodeIgniter\Session\Handlers\FileHandler' driver.
INFO - 2026-03-06 09:40:26 --> Session: Class initialized using 'CodeIgniter\Session\Handlers\FileHandler' driver.
INFO - 2026-03-06 09:40:29 --> Session: Class initialized using 'CodeIgniter\Session\Handlers\FileHandler' driver.
INFO - 2026-03-06 09:40:29 --> replaceApprovalInfo: Starting for document ID: 5
INFO - 2026-03-06 09:40:29 --> replaceApprovalInfo: No approval table found in content
INFO - 2026-03-06 09:48:49 --> Session: Class initialized using 'CodeIgniter\Session\Handlers\FileHandler' driver.
CRITICAL - 2026-03-06 09:48:49 --> ErrorException: Undefined variable $step
[Method: GET, Route: login]
in APPPATH\Views\auth\login.php on line 94.
 1 APPPATH\Views\auth\login.php(94): CodeIgniter\Debug\Exceptions->errorHandler(2, 'Undefined variable $step', 'C:\\xampp\\htdocs\\DMS\\app\\Views\\auth\\login.php', 94)
 2 SYSTEMPATH\View\View.php(234): include('C:\\xampp\\htdocs\\DMS\\app\\Views\\auth\\login.php')
 3 SYSTEMPATH\View\View.php(237): CodeIgniter\View\View->CodeIgniter\View\{closure}()
 4 SYSTEMPATH\Common.php(1171): CodeIgniter\View\View->render('auth/login', [], true)
 5 APPPATH\Controllers\Auth.php(146): view('auth/login')
 6 SYSTEMPATH\CodeIgniter.php(933): App\Controllers\Auth->login()
 7 SYSTEMPATH\CodeIgniter.php(509): CodeIgniter\CodeIgniter->runController(Object(App\Controllers\Auth))
 8 SYSTEMPATH\CodeIgniter.php(355): CodeIgniter\CodeIgniter->handleRequest(null, Object(Config\Cache), false)
 9 SYSTEMPATH\Boot.php(325): CodeIgniter\CodeIgniter->run()
10 SYSTEMPATH\Boot.php(67): CodeIgniter\Boot::runCodeIgniter(Object(CodeIgniter\CodeIgniter))
11 FCPATH\index.php(56): CodeIgniter\Boot::bootWeb(Object(Config\Paths))
INFO - 2026-03-06 09:50:43 --> Session: Class initialized using 'CodeIgniter\Session\Handlers\FileHandler' driver.
INFO - 2026-03-06 09:50:51 --> Session: Class initialized using 'CodeIgniter\Session\Handlers\FileHandler' driver.
ERROR - 2026-03-06 09:51:00 --> Email: sendWithMail throwed ErrorException: mail(): Failed to connect to mailserver at &quot;localhost&quot; port 25, verify your &quot;SMTP&quot; and &quot;smtp_port&quot; setting in php.ini or use ini_set() in C:\xampp\htdocs\DMS\system\Email\Email.php:1762
Stack trace:
#0 [internal function]: CodeIgniter\Debug\Exceptions->errorHandler(2, 'mail(): Failed ...', 'C:\\xampp\\htdocs...', 1762)
#1 C:\xampp\htdocs\DMS\system\Email\Email.php(1762): mail('admin@novamiinf...', '=?UTF-8?Q?Login...', 'This is a multi...', 'Date: Fri, 6 Ma...', '-f admin@novami...')
#2 C:\xampp\htdocs\DMS\system\Email\Email.php(1694): CodeIgniter\Email\Email->sendWithMail()
#3 C:\xampp\htdocs\DMS\system\Email\Email.php(1589): CodeIgniter\Email\Email->spoolEmail()
#4 C:\xampp\htdocs\DMS\app\Helpers\mail_helper.php(21): CodeIgniter\Email\Email->send()
#5 C:\xampp\htdocs\DMS\app\Controllers\Auth.php(156): sendEmail('admin@novamiinf...', 'Login Token for...', '\r\n             ...')
#6 C:\xampp\htdocs\DMS\system\CodeIgniter.php(933): App\Controllers\Auth->login()
#7 C:\xampp\htdocs\DMS\system\CodeIgniter.php(509): CodeIgniter\CodeIgniter->runController(Object(App\Controllers\Auth))
#8 C:\xampp\htdocs\DMS\system\CodeIgniter.php(355): CodeIgniter\CodeIgniter->handleRequest(NULL, Object(Config\Cache), false)
#9 C:\xampp\htdocs\DMS\system\Boot.php(325): CodeIgniter\CodeIgniter->run()
#10 C:\xampp\htdocs\DMS\system\Boot.php(67): CodeIgniter\Boot::runCodeIgniter(Object(CodeIgniter\CodeIgniter))
#11 C:\xampp\htdocs\DMS\public\index.php(56): CodeIgniter\Boot::bootWeb(Object(Config\Paths))
#12 {main}
ERROR - 2026-03-06 09:51:00 --> Email: Unable to send email using PHP mail(). Your server might not be configured to send mail using this method.
ERROR - 2026-03-06 09:51:00 --> 
ERROR - 2026-03-06 09:51:00 --> Email failed: Unable to send email using PHP mail(). Your server might not be configured to send mail using this method.<br><pre>Date: Fri, 6 Mar 2026 09:50:58 +0000
From: &quot;Medzus Healthcare Pvt. Ltd.&quot; &lt;admin@novamiinfotechs.com&gt;
Return-Path: &lt;admin@novamiinfotechs.com&gt;
Reply-To: &lt;admin@novamiinfotechs.com&gt;
User-Agent: CodeIgniter
X-Sender: admin@novamiinfotechs.com
X-Mailer: CodeIgniter
X-Priority: 3 (Normal)
Message-ID: &lt;69aaa382d5cd54.95328126@novamiinfotechs.com&gt;
Mime-Version: 1.0
Content-Type: multipart/alternative; boundary=&quot;B_ALT_69aaa382d5d287.97132300&quot;
</pre>
INFO - 2026-03-06 09:51:00 --> Session: Class initialized using 'CodeIgniter\Session\Handlers\FileHandler' driver.
INFO - 2026-03-06 09:54:24 --> Session: Class initialized using 'CodeIgniter\Session\Handlers\FileHandler' driver.
ERROR - 2026-03-06 09:54:32 --> Email: sendWithMail throwed ErrorException: mail(): Failed to connect to mailserver at &quot;localhost&quot; port 25, verify your &quot;SMTP&quot; and &quot;smtp_port&quot; setting in php.ini or use ini_set() in C:\xampp\htdocs\DMS\system\Email\Email.php:1762
Stack trace:
#0 [internal function]: CodeIgniter\Debug\Exceptions->errorHandler(2, 'mail(): Failed ...', 'C:\\xampp\\htdocs...', 1762)
#1 C:\xampp\htdocs\DMS\system\Email\Email.php(1762): mail('jr.developer.no...', '=?UTF-8?Q?Login...', 'This is a multi...', 'Date: Fri, 6 Ma...', '-f admin@novami...')
#2 C:\xampp\htdocs\DMS\system\Email\Email.php(1694): CodeIgniter\Email\Email->sendWithMail()
#3 C:\xampp\htdocs\DMS\system\Email\Email.php(1589): CodeIgniter\Email\Email->spoolEmail()
#4 C:\xampp\htdocs\DMS\app\Helpers\mail_helper.php(21): CodeIgniter\Email\Email->send()
#5 C:\xampp\htdocs\DMS\app\Controllers\Auth.php(156): sendEmail('jr.developer.no...', 'Login Token for...', '\r\n             ...')
#6 C:\xampp\htdocs\DMS\system\CodeIgniter.php(933): App\Controllers\Auth->login()
#7 C:\xampp\htdocs\DMS\system\CodeIgniter.php(509): CodeIgniter\CodeIgniter->runController(Object(App\Controllers\Auth))
#8 C:\xampp\htdocs\DMS\system\CodeIgniter.php(355): CodeIgniter\CodeIgniter->handleRequest(NULL, Object(Config\Cache), false)
#9 C:\xampp\htdocs\DMS\system\Boot.php(325): CodeIgniter\CodeIgniter->run()
#10 C:\xampp\htdocs\DMS\system\Boot.php(67): CodeIgniter\Boot::runCodeIgniter(Object(CodeIgniter\CodeIgniter))
#11 C:\xampp\htdocs\DMS\public\index.php(56): CodeIgniter\Boot::bootWeb(Object(Config\Paths))
#12 {main}
ERROR - 2026-03-06 09:54:32 --> Email: Unable to send email using PHP mail(). Your server might not be configured to send mail using this method.
ERROR - 2026-03-06 09:54:32 --> 
ERROR - 2026-03-06 09:54:32 --> Email failed: Unable to send email using PHP mail(). Your server might not be configured to send mail using this method.<br><pre>Date: Fri, 6 Mar 2026 09:54:30 +0000
From: &quot;Medzus Healthcare Pvt. Ltd.&quot; &lt;admin@novamiinfotechs.com&gt;
Return-Path: &lt;admin@novamiinfotechs.com&gt;
Reply-To: &lt;admin@novamiinfotechs.com&gt;
User-Agent: CodeIgniter
X-Sender: admin@novamiinfotechs.com
X-Mailer: CodeIgniter
X-Priority: 3 (Normal)
Message-ID: &lt;69aaa456c5b2c2.01653348@novamiinfotechs.com&gt;
Mime-Version: 1.0
Content-Type: multipart/alternative; boundary=&quot;B_ALT_69aaa456c5b5b5.30053989&quot;
</pre>
INFO - 2026-03-06 09:54:32 --> Session: Class initialized using 'CodeIgniter\Session\Handlers\FileHandler' driver.
INFO - 2026-03-06 09:58:45 --> Session: Class initialized using 'CodeIgniter\Session\Handlers\FileHandler' driver.
INFO - 2026-03-06 10:01:12 --> Session: Class initialized using 'CodeIgniter\Session\Handlers\FileHandler' driver.
INFO - 2026-03-06 10:01:20 --> Session: Class initialized using 'CodeIgniter\Session\Handlers\FileHandler' driver.
INFO - 2026-03-06 10:01:25 --> Session: Class initialized using 'CodeIgniter\Session\Handlers\FileHandler' driver.
INFO - 2026-03-06 10:01:26 --> Session: Class initialized using 'CodeIgniter\Session\Handlers\FileHandler' driver.
INFO - 2026-03-06 10:01:31 --> Session: Class initialized using 'CodeIgniter\Session\Handlers\FileHandler' driver.
INFO - 2026-03-06 10:01:31 --> Session: Class initialized using 'CodeIgniter\Session\Handlers\FileHandler' driver.
ERROR - 2026-03-06 10:01:48 --> Email: sendWithMail throwed ErrorException: mail(): Failed to connect to mailserver at &quot;localhost&quot; port 25, verify your &quot;SMTP&quot; and &quot;smtp_port&quot; setting in php.ini or use ini_set() in C:\xampp\htdocs\DMS\system\Email\Email.php:1762
Stack trace:
#0 [internal function]: CodeIgniter\Debug\Exceptions->errorHandler(2, 'mail(): Failed ...', 'C:\\xampp\\htdocs...', 1762)
#1 C:\xampp\htdocs\DMS\system\Email\Email.php(1762): mail('jr.developer.no...', '=?UTF-8?Q?Login...', 'This is a multi...', 'Date: Fri, 6 Ma...', '-f admin@novami...')
#2 C:\xampp\htdocs\DMS\system\Email\Email.php(1694): CodeIgniter\Email\Email->sendWithMail()
#3 C:\xampp\htdocs\DMS\system\Email\Email.php(1589): CodeIgniter\Email\Email->spoolEmail()
#4 C:\xampp\htdocs\DMS\app\Helpers\mail_helper.php(21): CodeIgniter\Email\Email->send()
#5 C:\xampp\htdocs\DMS\app\Controllers\Auth.php(156): sendEmail('jr.developer.no...', 'Login Token for...', '\r\n             ...')
#6 C:\xampp\htdocs\DMS\system\CodeIgniter.php(933): App\Controllers\Auth->login()
#7 C:\xampp\htdocs\DMS\system\CodeIgniter.php(509): CodeIgniter\CodeIgniter->runController(Object(App\Controllers\Auth))
#8 C:\xampp\htdocs\DMS\system\CodeIgniter.php(355): CodeIgniter\CodeIgniter->handleRequest(NULL, Object(Config\Cache), false)
#9 C:\xampp\htdocs\DMS\system\Boot.php(325): CodeIgniter\CodeIgniter->run()
#10 C:\xampp\htdocs\DMS\system\Boot.php(67): CodeIgniter\Boot::runCodeIgniter(Object(CodeIgniter\CodeIgniter))
#11 C:\xampp\htdocs\DMS\public\index.php(56): CodeIgniter\Boot::bootWeb(Object(Config\Paths))
#12 {main}
ERROR - 2026-03-06 10:01:48 --> Email: Unable to send email using PHP mail(). Your server might not be configured to send mail using this method.
ERROR - 2026-03-06 10:01:48 --> 
ERROR - 2026-03-06 10:01:48 --> Email failed: Unable to send email using PHP mail(). Your server might not be configured to send mail using this method.<br><pre>Date: Fri, 6 Mar 2026 10:01:46 +0000
From: &quot;Medzus Healthcare Pvt. Ltd.&quot; &lt;admin@novamiinfotechs.com&gt;
Return-Path: &lt;admin@novamiinfotechs.com&gt;
Reply-To: &lt;admin@novamiinfotechs.com&gt;
User-Agent: CodeIgniter
X-Sender: admin@novamiinfotechs.com
X-Mailer: CodeIgniter
X-Priority: 3 (Normal)
Message-ID: &lt;69aaa60adcae99.63330879@novamiinfotechs.com&gt;
Mime-Version: 1.0
Content-Type: multipart/alternative; boundary=&quot;B_ALT_69aaa60adcb287.24520931&quot;
</pre>
INFO - 2026-03-06 10:01:48 --> Session: Class initialized using 'CodeIgniter\Session\Handlers\FileHandler' driver.
INFO - 2026-03-06 10:02:03 --> Session: Class initialized using 'CodeIgniter\Session\Handlers\FileHandler' driver.
ERROR - 2026-03-06 10:02:09 --> Email: sendWithMail throwed ErrorException: mail(): Failed to connect to mailserver at &quot;localhost&quot; port 25, verify your &quot;SMTP&quot; and &quot;smtp_port&quot; setting in php.ini or use ini_set() in C:\xampp\htdocs\DMS\system\Email\Email.php:1762
Stack trace:
#0 [internal function]: CodeIgniter\Debug\Exceptions->errorHandler(2, 'mail(): Failed ...', 'C:\\xampp\\htdocs...', 1762)
#1 C:\xampp\htdocs\DMS\system\Email\Email.php(1762): mail('jr.developer.no...', '=?UTF-8?Q?Login...', 'This is a multi...', 'Date: Fri, 6 Ma...', '-f admin@novami...')
#2 C:\xampp\htdocs\DMS\system\Email\Email.php(1694): CodeIgniter\Email\Email->sendWithMail()
#3 C:\xampp\htdocs\DMS\system\Email\Email.php(1589): CodeIgniter\Email\Email->spoolEmail()
#4 C:\xampp\htdocs\DMS\app\Helpers\mail_helper.php(21): CodeIgniter\Email\Email->send()
#5 C:\xampp\htdocs\DMS\app\Controllers\Auth.php(156): sendEmail('jr.developer.no...', 'Login Token for...', '\r\n             ...')
#6 C:\xampp\htdocs\DMS\system\CodeIgniter.php(933): App\Controllers\Auth->login()
#7 C:\xampp\htdocs\DMS\system\CodeIgniter.php(509): CodeIgniter\CodeIgniter->runController(Object(App\Controllers\Auth))
#8 C:\xampp\htdocs\DMS\system\CodeIgniter.php(355): CodeIgniter\CodeIgniter->handleRequest(NULL, Object(Config\Cache), false)
#9 C:\xampp\htdocs\DMS\system\Boot.php(325): CodeIgniter\CodeIgniter->run()
#10 C:\xampp\htdocs\DMS\system\Boot.php(67): CodeIgniter\Boot::runCodeIgniter(Object(CodeIgniter\CodeIgniter))
#11 C:\xampp\htdocs\DMS\public\index.php(56): CodeIgniter\Boot::bootWeb(Object(Config\Paths))
#12 {main}
ERROR - 2026-03-06 10:02:09 --> Email: Unable to send email using PHP mail(). Your server might not be configured to send mail using this method.
ERROR - 2026-03-06 10:02:09 --> 
ERROR - 2026-03-06 10:02:09 --> Email failed: Unable to send email using PHP mail(). Your server might not be configured to send mail using this method.<br><pre>Date: Fri, 6 Mar 2026 10:02:07 +0000
From: &quot;Medzus Healthcare Pvt. Ltd.&quot; &lt;admin@novamiinfotechs.com&gt;
Return-Path: &lt;admin@novamiinfotechs.com&gt;
Reply-To: &lt;admin@novamiinfotechs.com&gt;
User-Agent: CodeIgniter
X-Sender: admin@novamiinfotechs.com
X-Mailer: CodeIgniter
X-Priority: 3 (Normal)
Message-ID: &lt;69aaa61f8cd132.73031814@novamiinfotechs.com&gt;
Mime-Version: 1.0
Content-Type: multipart/alternative; boundary=&quot;B_ALT_69aaa61f8cd447.55628557&quot;
</pre>
INFO - 2026-03-06 10:02:09 --> Session: Class initialized using 'CodeIgniter\Session\Handlers\FileHandler' driver.
INFO - 2026-03-06 10:06:48 --> Session: Class initialized using 'CodeIgniter\Session\Handlers\FileHandler' driver.
INFO - 2026-03-06 10:07:11 --> Session: Class initialized using 'CodeIgniter\Session\Handlers\FileHandler' driver.
INFO - 2026-03-06 10:07:56 --> Session: Class initialized using 'CodeIgniter\Session\Handlers\FileHandler' driver.
INFO - 2026-03-06 11:35:50 --> Session: Class initialized using 'CodeIgniter\Session\Handlers\FileHandler' driver.
INFO - 2026-03-06 11:36:44 --> Session: Class initialized using 'CodeIgniter\Session\Handlers\FileHandler' driver.
ERROR - 2026-03-06 11:36:50 --> Email: sendWithMail throwed ErrorException: mail(): Failed to connect to mailserver at &quot;localhost&quot; port 25, verify your &quot;SMTP&quot; and &quot;smtp_port&quot; setting in php.ini or use ini_set() in C:\xampp\htdocs\DMS\system\Email\Email.php:1762
Stack trace:
#0 [internal function]: CodeIgniter\Debug\Exceptions->errorHandler(2, 'mail(): Failed ...', 'C:\\xampp\\htdocs...', 1762)
#1 C:\xampp\htdocs\DMS\system\Email\Email.php(1762): mail('admin@novamiinf...', '=?UTF-8?Q?Login...', 'This is a multi...', 'Date: Fri, 6 Ma...', '-f admin@novami...')
#2 C:\xampp\htdocs\DMS\system\Email\Email.php(1694): CodeIgniter\Email\Email->sendWithMail()
#3 C:\xampp\htdocs\DMS\system\Email\Email.php(1589): CodeIgniter\Email\Email->spoolEmail()
#4 C:\xampp\htdocs\DMS\app\Helpers\mail_helper.php(21): CodeIgniter\Email\Email->send()
#5 C:\xampp\htdocs\DMS\app\Controllers\Auth.php(147): sendEmail('admin@novamiinf...', 'Login Token for...', '\r\n             ...')
#6 C:\xampp\htdocs\DMS\system\CodeIgniter.php(933): App\Controllers\Auth->login()
#7 C:\xampp\htdocs\DMS\system\CodeIgniter.php(509): CodeIgniter\CodeIgniter->runController(Object(App\Controllers\Auth))
#8 C:\xampp\htdocs\DMS\system\CodeIgniter.php(355): CodeIgniter\CodeIgniter->handleRequest(NULL, Object(Config\Cache), false)
#9 C:\xampp\htdocs\DMS\system\Boot.php(325): CodeIgniter\CodeIgniter->run()
#10 C:\xampp\htdocs\DMS\system\Boot.php(67): CodeIgniter\Boot::runCodeIgniter(Object(CodeIgniter\CodeIgniter))
#11 C:\xampp\htdocs\DMS\public\index.php(56): CodeIgniter\Boot::bootWeb(Object(Config\Paths))
#12 {main}
ERROR - 2026-03-06 11:36:50 --> Email: Unable to send email using PHP mail(). Your server might not be configured to send mail using this method.
ERROR - 2026-03-06 11:36:50 --> 
ERROR - 2026-03-06 11:36:50 --> Email failed: Unable to send email using PHP mail(). Your server might not be configured to send mail using this method.<br><pre>Date: Fri, 6 Mar 2026 11:36:48 +0000
From: &quot;Medzus Healthcare Pvt. Ltd.&quot; &lt;admin@novamiinfotechs.com&gt;
Return-Path: &lt;admin@novamiinfotechs.com&gt;
Reply-To: &lt;admin@novamiinfotechs.com&gt;
User-Agent: CodeIgniter
X-Sender: admin@novamiinfotechs.com
X-Mailer: CodeIgniter
X-Priority: 3 (Normal)
Message-ID: &lt;69aabc504fde37.41177960@novamiinfotechs.com&gt;
Mime-Version: 1.0
Content-Type: multipart/alternative; boundary=&quot;B_ALT_69aabc504fdfa1.17141412&quot;
</pre>
INFO - 2026-03-06 11:36:50 --> Session: Class initialized using 'CodeIgniter\Session\Handlers\FileHandler' driver.
INFO - 2026-03-06 11:37:38 --> Session: Class initialized using 'CodeIgniter\Session\Handlers\FileHandler' driver.
INFO - 2026-03-06 11:37:39 --> Session: Class initialized using 'CodeIgniter\Session\Handlers\FileHandler' driver.
INFO - 2026-03-06 11:37:48 --> Session: Class initialized using 'CodeIgniter\Session\Handlers\FileHandler' driver.
INFO - 2026-03-06 11:41:27 --> Session: Class initialized using 'CodeIgniter\Session\Handlers\FileHandler' driver.
INFO - 2026-03-06 11:42:26 --> Session: Class initialized using 'CodeIgniter\Session\Handlers\FileHandler' driver.
INFO - 2026-03-06 11:42:37 --> Session: Class initialized using 'CodeIgniter\Session\Handlers\FileHandler' driver.
INFO - 2026-03-06 11:45:21 --> Session: Class initialized using 'CodeIgniter\Session\Handlers\FileHandler' driver.
INFO - 2026-03-06 11:45:38 --> Session: Class initialized using 'CodeIgniter\Session\Handlers\FileHandler' driver.
INFO - 2026-03-06 11:45:49 --> Session: Class initialized using 'CodeIgniter\Session\Handlers\FileHandler' driver.
INFO - 2026-03-06 11:45:54 --> Session: Class initialized using 'CodeIgniter\Session\Handlers\FileHandler' driver.
INFO - 2026-03-06 11:49:15 --> Session: Class initialized using 'CodeIgniter\Session\Handlers\FileHandler' driver.
INFO - 2026-03-06 11:49:24 --> Session: Class initialized using 'CodeIgniter\Session\Handlers\FileHandler' driver.
INFO - 2026-03-06 11:49:29 --> Session: Class initialized using 'CodeIgniter\Session\Handlers\FileHandler' driver.
INFO - 2026-03-06 11:51:41 --> Session: Class initialized using 'CodeIgniter\Session\Handlers\FileHandler' driver.
INFO - 2026-03-06 11:51:51 --> Session: Class initialized using 'CodeIgniter\Session\Handlers\FileHandler' driver.
INFO - 2026-03-06 11:51:55 --> Session: Class initialized using 'CodeIgniter\Session\Handlers\FileHandler' driver.
INFO - 2026-03-06 11:58:06 --> Session: Class initialized using 'CodeIgniter\Session\Handlers\FileHandler' driver.
INFO - 2026-03-06 11:58:32 --> Session: Class initialized using 'CodeIgniter\Session\Handlers\FileHandler' driver.
INFO - 2026-03-06 11:58:37 --> Session: Class initialized using 'CodeIgniter\Session\Handlers\FileHandler' driver.
INFO - 2026-03-06 12:11:20 --> Session: Class initialized using 'CodeIgniter\Session\Handlers\FileHandler' driver.
INFO - 2026-03-06 12:11:33 --> Session: Class initialized using 'CodeIgniter\Session\Handlers\FileHandler' driver.
INFO - 2026-03-06 12:12:37 --> Session: Class initialized using 'CodeIgniter\Session\Handlers\FileHandler' driver.
INFO - 2026-03-06 12:12:50 --> Session: Class initialized using 'CodeIgniter\Session\Handlers\FileHandler' driver.
INFO - 2026-03-06 12:12:53 --> Session: Class initialized using 'CodeIgniter\Session\Handlers\FileHandler' driver.
INFO - 2026-03-06 12:14:23 --> Session: Class initialized using 'CodeIgniter\Session\Handlers\FileHandler' driver.
INFO - 2026-03-06 12:15:13 --> Session: Class initialized using 'CodeIgniter\Session\Handlers\FileHandler' driver.
INFO - 2026-03-06 12:15:18 --> Session: Class initialized using 'CodeIgniter\Session\Handlers\FileHandler' driver.
INFO - 2026-03-06 12:18:47 --> Session: Class initialized using 'CodeIgniter\Session\Handlers\FileHandler' driver.
INFO - 2026-03-06 12:18:53 --> Session: Class initialized using 'CodeIgniter\Session\Handlers\FileHandler' driver.
INFO - 2026-03-06 12:19:49 --> Session: Class initialized using 'CodeIgniter\Session\Handlers\FileHandler' driver.
ERROR - 2026-03-06 12:19:55 --> Email: sendWithMail throwed ErrorException: mail(): Failed to connect to mailserver at &quot;localhost&quot; port 25, verify your &quot;SMTP&quot; and &quot;smtp_port&quot; setting in php.ini or use ini_set() in C:\xampp\htdocs\DMS\system\Email\Email.php:1762
Stack trace:
#0 [internal function]: CodeIgniter\Debug\Exceptions->errorHandler(2, 'mail(): Failed ...', 'C:\\xampp\\htdocs...', 1762)
#1 C:\xampp\htdocs\DMS\system\Email\Email.php(1762): mail('admin@novamiinf...', '=?UTF-8?Q?Passw...', 'This is a multi...', 'Date: Fri, 6 Ma...', '-f admin@novami...')
#2 C:\xampp\htdocs\DMS\system\Email\Email.php(1694): CodeIgniter\Email\Email->sendWithMail()
#3 C:\xampp\htdocs\DMS\system\Email\Email.php(1589): CodeIgniter\Email\Email->spoolEmail()
#4 C:\xampp\htdocs\DMS\app\Helpers\mail_helper.php(21): CodeIgniter\Email\Email->send()
#5 C:\xampp\htdocs\DMS\app\Controllers\Auth.php(208): sendEmail('admin@novamiinf...', 'Password Reset ...', '\r\n             ...')
#6 C:\xampp\htdocs\DMS\system\CodeIgniter.php(933): App\Controllers\Auth->resetPasswordRequest()
#7 C:\xampp\htdocs\DMS\system\CodeIgniter.php(509): CodeIgniter\CodeIgniter->runController(Object(App\Controllers\Auth))
#8 C:\xampp\htdocs\DMS\system\CodeIgniter.php(355): CodeIgniter\CodeIgniter->handleRequest(NULL, Object(Config\Cache), false)
#9 C:\xampp\htdocs\DMS\system\Boot.php(325): CodeIgniter\CodeIgniter->run()
#10 C:\xampp\htdocs\DMS\system\Boot.php(67): CodeIgniter\Boot::runCodeIgniter(Object(CodeIgniter\CodeIgniter))
#11 C:\xampp\htdocs\DMS\public\index.php(56): CodeIgniter\Boot::bootWeb(Object(Config\Paths))
#12 {main}
ERROR - 2026-03-06 12:19:55 --> Email: Unable to send email using PHP mail(). Your server might not be configured to send mail using this method.
ERROR - 2026-03-06 12:19:55 --> 
ERROR - 2026-03-06 12:19:55 --> Email failed: Unable to send email using PHP mail(). Your server might not be configured to send mail using this method.<br><pre>Date: Fri, 6 Mar 2026 12:19:53 +0000
From: &quot;Medzus Healthcare Pvt. Ltd.&quot; &lt;admin@novamiinfotechs.com&gt;
Return-Path: &lt;admin@novamiinfotechs.com&gt;
Reply-To: &lt;admin@novamiinfotechs.com&gt;
User-Agent: CodeIgniter
X-Sender: admin@novamiinfotechs.com
X-Mailer: CodeIgniter
X-Priority: 3 (Normal)
Message-ID: &lt;69aac669d75b49.62731322@novamiinfotechs.com&gt;
Mime-Version: 1.0
Content-Type: multipart/alternative; boundary=&quot;B_ALT_69aac669d76321.68917266&quot;
</pre>
INFO - 2026-03-06 12:19:55 --> Session: Class initialized using 'CodeIgniter\Session\Handlers\FileHandler' driver.
INFO - 2026-03-06 12:19:56 --> Session: Class initialized using 'CodeIgniter\Session\Handlers\FileHandler' driver.
INFO - 2026-03-06 12:25:51 --> Session: Class initialized using 'CodeIgniter\Session\Handlers\FileHandler' driver.
INFO - 2026-03-06 12:25:58 --> Session: Class initialized using 'CodeIgniter\Session\Handlers\FileHandler' driver.
INFO - 2026-03-06 12:26:03 --> Session: Class initialized using 'CodeIgniter\Session\Handlers\FileHandler' driver.
INFO - 2026-03-06 12:28:17 --> Session: Class initialized using 'CodeIgniter\Session\Handlers\FileHandler' driver.
ERROR - 2026-03-06 12:28:25 --> Email: sendWithMail throwed ErrorException: mail(): Failed to connect to mailserver at &quot;localhost&quot; port 25, verify your &quot;SMTP&quot; and &quot;smtp_port&quot; setting in php.ini or use ini_set() in C:\xampp\htdocs\DMS\system\Email\Email.php:1762
Stack trace:
#0 [internal function]: CodeIgniter\Debug\Exceptions->errorHandler(2, 'mail(): Failed ...', 'C:\\xampp\\htdocs...', 1762)
#1 C:\xampp\htdocs\DMS\system\Email\Email.php(1762): mail('admin@novamiinf...', '=?UTF-8?Q?Passw...', 'This is a multi...', 'Date: Fri, 6 Ma...', '-f admin@novami...')
#2 C:\xampp\htdocs\DMS\system\Email\Email.php(1694): CodeIgniter\Email\Email->sendWithMail()
#3 C:\xampp\htdocs\DMS\system\Email\Email.php(1589): CodeIgniter\Email\Email->spoolEmail()
#4 C:\xampp\htdocs\DMS\app\Helpers\mail_helper.php(21): CodeIgniter\Email\Email->send()
#5 C:\xampp\htdocs\DMS\app\Controllers\Auth.php(184): sendEmail('admin@novamiinf...', 'Password Reset ...', '\r\n             ...')
#6 C:\xampp\htdocs\DMS\system\CodeIgniter.php(933): App\Controllers\Auth->resetPasswordRequest()
#7 C:\xampp\htdocs\DMS\system\CodeIgniter.php(509): CodeIgniter\CodeIgniter->runController(Object(App\Controllers\Auth))
#8 C:\xampp\htdocs\DMS\system\CodeIgniter.php(355): CodeIgniter\CodeIgniter->handleRequest(NULL, Object(Config\Cache), false)
#9 C:\xampp\htdocs\DMS\system\Boot.php(325): CodeIgniter\CodeIgniter->run()
#10 C:\xampp\htdocs\DMS\system\Boot.php(67): CodeIgniter\Boot::runCodeIgniter(Object(CodeIgniter\CodeIgniter))
#11 C:\xampp\htdocs\DMS\public\index.php(56): CodeIgniter\Boot::bootWeb(Object(Config\Paths))
#12 {main}
ERROR - 2026-03-06 12:28:25 --> Email: Unable to send email using PHP mail(). Your server might not be configured to send mail using this method.
ERROR - 2026-03-06 12:28:25 --> 
ERROR - 2026-03-06 12:28:25 --> Email failed: Unable to send email using PHP mail(). Your server might not be configured to send mail using this method.<br><pre>Date: Fri, 6 Mar 2026 12:28:23 +0000
From: &quot;Medzus Healthcare Pvt. Ltd.&quot; &lt;admin@novamiinfotechs.com&gt;
Return-Path: &lt;admin@novamiinfotechs.com&gt;
Reply-To: &lt;admin@novamiinfotechs.com&gt;
User-Agent: CodeIgniter
X-Sender: admin@novamiinfotechs.com
X-Mailer: CodeIgniter
X-Priority: 3 (Normal)
Message-ID: &lt;69aac867bcd1c1.22642961@novamiinfotechs.com&gt;
Mime-Version: 1.0
Content-Type: multipart/alternative; boundary=&quot;B_ALT_69aac867bcd633.92325626&quot;
</pre>
INFO - 2026-03-06 12:28:25 --> Session: Class initialized using 'CodeIgniter\Session\Handlers\FileHandler' driver.
INFO - 2026-03-06 12:34:32 --> Session: Class initialized using 'CodeIgniter\Session\Handlers\FileHandler' driver.
INFO - 2026-03-06 12:34:39 --> Session: Class initialized using 'CodeIgniter\Session\Handlers\FileHandler' driver.
INFO - 2026-03-06 12:35:08 --> Session: Class initialized using 'CodeIgniter\Session\Handlers\FileHandler' driver.
INFO - 2026-03-06 12:40:03 --> Session: Class initialized using 'CodeIgniter\Session\Handlers\FileHandler' driver.
INFO - 2026-03-06 12:40:17 --> Session: Class initialized using 'CodeIgniter\Session\Handlers\FileHandler' driver.
ERROR - 2026-03-06 12:40:27 --> Email: sendWithMail throwed ErrorException: mail(): Failed to connect to mailserver at &quot;localhost&quot; port 25, verify your &quot;SMTP&quot; and &quot;smtp_port&quot; setting in php.ini or use ini_set() in C:\xampp\htdocs\DMS\system\Email\Email.php:1762
Stack trace:
#0 [internal function]: CodeIgniter\Debug\Exceptions->errorHandler(2, 'mail(): Failed ...', 'C:\\xampp\\htdocs...', 1762)
#1 C:\xampp\htdocs\DMS\system\Email\Email.php(1762): mail('jr.developer.no...', '=?UTF-8?Q?Passw...', 'This is a multi...', 'Date: Fri, 6 Ma...', '-f admin@novami...')
#2 C:\xampp\htdocs\DMS\system\Email\Email.php(1694): CodeIgniter\Email\Email->sendWithMail()
#3 C:\xampp\htdocs\DMS\system\Email\Email.php(1589): CodeIgniter\Email\Email->spoolEmail()
#4 C:\xampp\htdocs\DMS\app\Helpers\mail_helper.php(21): CodeIgniter\Email\Email->send()
#5 C:\xampp\htdocs\DMS\app\Controllers\Auth.php(184): sendEmail('jr.developer.no...', 'Password Reset ...', '\r\n             ...')
#6 C:\xampp\htdocs\DMS\system\CodeIgniter.php(933): App\Controllers\Auth->resetPasswordRequest()
#7 C:\xampp\htdocs\DMS\system\CodeIgniter.php(509): CodeIgniter\CodeIgniter->runController(Object(App\Controllers\Auth))
#8 C:\xampp\htdocs\DMS\system\CodeIgniter.php(355): CodeIgniter\CodeIgniter->handleRequest(NULL, Object(Config\Cache), false)
#9 C:\xampp\htdocs\DMS\system\Boot.php(325): CodeIgniter\CodeIgniter->run()
#10 C:\xampp\htdocs\DMS\system\Boot.php(67): CodeIgniter\Boot::runCodeIgniter(Object(CodeIgniter\CodeIgniter))
#11 C:\xampp\htdocs\DMS\public\index.php(56): CodeIgniter\Boot::bootWeb(Object(Config\Paths))
#12 {main}
ERROR - 2026-03-06 12:40:27 --> Email: Unable to send email using PHP mail(). Your server might not be configured to send mail using this method.
ERROR - 2026-03-06 12:40:27 --> 
ERROR - 2026-03-06 12:40:27 --> Email failed: Unable to send email using PHP mail(). Your server might not be configured to send mail using this method.<br><pre>Date: Fri, 6 Mar 2026 12:40:25 +0000
From: &quot;Medzus Healthcare Pvt. Ltd.&quot; &lt;admin@novamiinfotechs.com&gt;
Return-Path: &lt;admin@novamiinfotechs.com&gt;
Reply-To: &lt;admin@novamiinfotechs.com&gt;
User-Agent: CodeIgniter
X-Sender: admin@novamiinfotechs.com
X-Mailer: CodeIgniter
X-Priority: 3 (Normal)
Message-ID: &lt;69aacb396fb557.19113045@novamiinfotechs.com&gt;
Mime-Version: 1.0
Content-Type: multipart/alternative; boundary=&quot;B_ALT_69aacb396fb8a4.57379486&quot;
</pre>
INFO - 2026-03-06 12:40:27 --> Session: Class initialized using 'CodeIgniter\Session\Handlers\FileHandler' driver.
INFO - 2026-03-06 12:41:51 --> Session: Class initialized using 'CodeIgniter\Session\Handlers\FileHandler' driver.
INFO - 2026-03-06 12:41:54 --> Session: Class initialized using 'CodeIgniter\Session\Handlers\FileHandler' driver.
INFO - 2026-03-06 12:42:14 --> Session: Class initialized using 'CodeIgniter\Session\Handlers\FileHandler' driver.
INFO - 2026-03-06 12:42:57 --> Session: Class initialized using 'CodeIgniter\Session\Handlers\FileHandler' driver.
INFO - 2026-03-06 12:43:05 --> Session: Class initialized using 'CodeIgniter\Session\Handlers\FileHandler' driver.
INFO - 2026-03-06 12:43:11 --> Session: Class initialized using 'CodeIgniter\Session\Handlers\FileHandler' driver.
INFO - 2026-03-06 12:43:13 --> Session: Class initialized using 'CodeIgniter\Session\Handlers\FileHandler' driver.
ERROR - 2026-03-06 12:43:57 --> Email: sendWithMail throwed ErrorException: mail(): Failed to connect to mailserver at &quot;localhost&quot; port 25, verify your &quot;SMTP&quot; and &quot;smtp_port&quot; setting in php.ini or use ini_set() in C:\xampp\htdocs\DMS\system\Email\Email.php:1762
Stack trace:
#0 [internal function]: CodeIgniter\Debug\Exceptions->errorHandler(2, 'mail(): Failed ...', 'C:\\xampp\\htdocs...', 1762)
#1 C:\xampp\htdocs\DMS\system\Email\Email.php(1762): mail('jr.developer.no...', '=?UTF-8?Q?Passw...', 'This is a multi...', 'Date: Fri, 6 Ma...', '-f admin@novami...')
#2 C:\xampp\htdocs\DMS\system\Email\Email.php(1694): CodeIgniter\Email\Email->sendWithMail()
#3 C:\xampp\htdocs\DMS\system\Email\Email.php(1589): CodeIgniter\Email\Email->spoolEmail()
#4 C:\xampp\htdocs\DMS\app\Helpers\mail_helper.php(21): CodeIgniter\Email\Email->send()
#5 C:\xampp\htdocs\DMS\app\Controllers\Auth.php(184): sendEmail('jr.developer.no...', 'Password Reset ...', '\r\n             ...')
#6 C:\xampp\htdocs\DMS\system\CodeIgniter.php(933): App\Controllers\Auth->resetPasswordRequest()
#7 C:\xampp\htdocs\DMS\system\CodeIgniter.php(509): CodeIgniter\CodeIgniter->runController(Object(App\Controllers\Auth))
#8 C:\xampp\htdocs\DMS\system\CodeIgniter.php(355): CodeIgniter\CodeIgniter->handleRequest(NULL, Object(Config\Cache), false)
#9 C:\xampp\htdocs\DMS\system\Boot.php(325): CodeIgniter\CodeIgniter->run()
#10 C:\xampp\htdocs\DMS\system\Boot.php(67): CodeIgniter\Boot::runCodeIgniter(Object(CodeIgniter\CodeIgniter))
#11 C:\xampp\htdocs\DMS\public\index.php(56): CodeIgniter\Boot::bootWeb(Object(Config\Paths))
#12 {main}
ERROR - 2026-03-06 12:43:57 --> Email: Unable to send email using PHP mail(). Your server might not be configured to send mail using this method.
ERROR - 2026-03-06 12:43:57 --> 
ERROR - 2026-03-06 12:43:57 --> Email failed: Unable to send email using PHP mail(). Your server might not be configured to send mail using this method.<br><pre>Date: Fri, 6 Mar 2026 12:43:55 +0000
From: &quot;Medzus Healthcare Pvt. Ltd.&quot; &lt;admin@novamiinfotechs.com&gt;
Return-Path: &lt;admin@novamiinfotechs.com&gt;
Reply-To: &lt;admin@novamiinfotechs.com&gt;
User-Agent: CodeIgniter
X-Sender: admin@novamiinfotechs.com
X-Mailer: CodeIgniter
X-Priority: 3 (Normal)
Message-ID: &lt;69aacc0b674091.63919794@novamiinfotechs.com&gt;
Mime-Version: 1.0
Content-Type: multipart/alternative; boundary=&quot;B_ALT_69aacc0b674738.42418611&quot;
</pre>
INFO - 2026-03-06 12:43:57 --> Session: Class initialized using 'CodeIgniter\Session\Handlers\FileHandler' driver.
