INFO - 2026-03-07 04:14:10 --> Session: Class initialized using 'CodeIgniter\Session\Handlers\FileHandler' driver.
INFO - 2026-03-07 04:14:12 --> Session: Class initialized using 'CodeIgniter\Session\Handlers\FileHandler' driver.
INFO - 2026-03-07 04:34:36 --> Session: Class initialized using 'CodeIgniter\Session\Handlers\FileHandler' driver.
INFO - 2026-03-07 04:35:52 --> Session: Class initialized using 'CodeIgniter\Session\Handlers\FileHandler' driver.
INFO - 2026-03-07 04:35:57 --> Session: Class initialized using 'CodeIgniter\Session\Handlers\FileHandler' driver.
INFO - 2026-03-07 04:35:57 --> Session: Class initialized using 'CodeIgniter\Session\Handlers\FileHandler' driver.
INFO - 2026-03-07 04:36:00 --> Session: Class initialized using 'CodeIgniter\Session\Handlers\FileHandler' driver.
INFO - 2026-03-07 04:36:29 --> Session: Class initialized using 'CodeIgniter\Session\Handlers\FileHandler' driver.
INFO - 2026-03-07 04:59:25 --> Session: Class initialized using 'CodeIgniter\Session\Handlers\FileHandler' driver.
INFO - 2026-03-07 04:59:30 --> Session: Class initialized using 'CodeIgniter\Session\Handlers\FileHandler' driver.
INFO - 2026-03-07 04:59:31 --> Session: Class initialized using 'CodeIgniter\Session\Handlers\FileHandler' driver.
INFO - 2026-03-07 04:59:37 --> Session: Class initialized using 'CodeIgniter\Session\Handlers\FileHandler' driver.
INFO - 2026-03-07 04:59:47 --> Session: Class initialized using 'CodeIgniter\Session\Handlers\FileHandler' driver.
INFO - 2026-03-07 04:59:51 --> Session: Class initialized using 'CodeIgniter\Session\Handlers\FileHandler' driver.
INFO - 2026-03-07 04:59:57 --> Session: Class initialized using 'CodeIgniter\Session\Handlers\FileHandler' driver.
INFO - 2026-03-07 04:59:58 --> Session: Class initialized using 'CodeIgniter\Session\Handlers\FileHandler' driver.
INFO - 2026-03-07 05:00:17 --> Session: Class initialized using 'CodeIgniter\Session\Handlers\FileHandler' driver.
INFO - 2026-03-07 05:17:51 --> Session: Class initialized using 'CodeIgniter\Session\Handlers\FileHandler' driver.
INFO - 2026-03-07 05:17:52 --> Session: Class initialized using 'CodeIgniter\Session\Handlers\FileHandler' driver.
INFO - 2026-03-07 05:18:00 --> Session: Class initialized using 'CodeIgniter\Session\Handlers\FileHandler' driver.
INFO - 2026-03-07 05:18:05 --> Session: Class initialized using 'CodeIgniter\Session\Handlers\FileHandler' driver.
INFO - 2026-03-07 05:18:07 --> Session: Class initialized using 'CodeIgniter\Session\Handlers\FileHandler' driver.
INFO - 2026-03-07 05:18:14 --> Session: Class initialized using 'CodeIgniter\Session\Handlers\FileHandler' driver.
INFO - 2026-03-07 05:18:15 --> Session: Class initialized using 'CodeIgniter\Session\Handlers\FileHandler' driver.
INFO - 2026-03-07 05:18:30 --> Session: Class initialized using 'CodeIgniter\Session\Handlers\FileHandler' driver.
INFO - 2026-03-07 05:18:37 --> Session: Class initialized using 'CodeIgniter\Session\Handlers\FileHandler' driver.
ERROR - 2026-03-07 05:18:51 --> Email: sendWithMail throwed ErrorException: mail(): Failed to connect to mailserver at &quot;localhost&quot; port 25, verify your &quot;SMTP&quot; and &quot;smtp_port&quot; setting in php.ini or use ini_set() in C:\xampp\htdocs\DMS\system\Email\Email.php:1762
Stack trace:
#0 [internal function]: CodeIgniter\Debug\Exceptions->errorHandler(2, 'mail(): Failed ...', 'C:\\xampp\\htdocs...', 1762)
#1 C:\xampp\htdocs\DMS\system\Email\Email.php(1762): mail('jr.developer.no...', '=?UTF-8?Q?Passw...', 'This is a multi...', 'Date: Sat, 7 Ma...', '-f admin@novami...')
#2 C:\xampp\htdocs\DMS\system\Email\Email.php(1694): CodeIgniter\Email\Email->sendWithMail()
#3 C:\xampp\htdocs\DMS\system\Email\Email.php(1589): CodeIgniter\Email\Email->spoolEmail()
#4 C:\xampp\htdocs\DMS\app\Helpers\mail_helper.php(21): CodeIgniter\Email\Email->send()
#5 C:\xampp\htdocs\DMS\app\Controllers\Auth.php(183): sendEmail('jr.developer.no...', 'Password Reset ...', '\r\n             ...')
#6 C:\xampp\htdocs\DMS\system\CodeIgniter.php(933): App\Controllers\Auth->resetPasswordRequest()
#7 C:\xampp\htdocs\DMS\system\CodeIgniter.php(509): CodeIgniter\CodeIgniter->runController(Object(App\Controllers\Auth))
#8 C:\xampp\htdocs\DMS\system\CodeIgniter.php(355): CodeIgniter\CodeIgniter->handleRequest(NULL, Object(Config\Cache), false)
#9 C:\xampp\htdocs\DMS\system\Boot.php(325): CodeIgniter\CodeIgniter->run()
#10 C:\xampp\htdocs\DMS\system\Boot.php(67): CodeIgniter\Boot::runCodeIgniter(Object(CodeIgniter\CodeIgniter))
#11 C:\xampp\htdocs\DMS\public\index.php(56): CodeIgniter\Boot::bootWeb(Object(Config\Paths))
#12 {main}
ERROR - 2026-03-07 05:18:51 --> Email: Unable to send email using PHP mail(). Your server might not be configured to send mail using this method.
ERROR - 2026-03-07 05:18:51 --> 
ERROR - 2026-03-07 05:18:51 --> Email failed: Unable to send email using PHP mail(). Your server might not be configured to send mail using this method.<br><pre>Date: Sat, 7 Mar 2026 05:18:49 +0000
From: &quot;Medzus Healthcare Pvt. Ltd.&quot; &lt;admin@novamiinfotechs.com&gt;
Return-Path: &lt;admin@novamiinfotechs.com&gt;
Reply-To: &lt;admin@novamiinfotechs.com&gt;
User-Agent: CodeIgniter
X-Sender: admin@novamiinfotechs.com
X-Mailer: CodeIgniter
X-Priority: 3 (Normal)
Message-ID: &lt;69abb5394cc901.25974278@novamiinfotechs.com&gt;
Mime-Version: 1.0
Content-Type: multipart/alternative; boundary=&quot;B_ALT_69abb5394ccde8.07503793&quot;
</pre>
INFO - 2026-03-07 05:18:51 --> Session: Class initialized using 'CodeIgniter\Session\Handlers\FileHandler' driver.
INFO - 2026-03-07 05:18:51 --> Session: Class initialized using 'CodeIgniter\Session\Handlers\FileHandler' driver.
INFO - 2026-03-07 05:29:36 --> Session: Class initialized using 'CodeIgniter\Session\Handlers\FileHandler' driver.
INFO - 2026-03-07 05:29:40 --> Session: Class initialized using 'CodeIgniter\Session\Handlers\FileHandler' driver.
INFO - 2026-03-07 05:29:49 --> Session: Class initialized using 'CodeIgniter\Session\Handlers\FileHandler' driver.
INFO - 2026-03-07 05:29:54 --> Session: Class initialized using 'CodeIgniter\Session\Handlers\FileHandler' driver.
INFO - 2026-03-07 05:29:56 --> Session: Class initialized using 'CodeIgniter\Session\Handlers\FileHandler' driver.
INFO - 2026-03-07 05:30:05 --> Session: Class initialized using 'CodeIgniter\Session\Handlers\FileHandler' driver.
INFO - 2026-03-07 05:30:05 --> Session: Class initialized using 'CodeIgniter\Session\Handlers\FileHandler' driver.
INFO - 2026-03-07 05:30:15 --> Session: Class initialized using 'CodeIgniter\Session\Handlers\FileHandler' driver.
INFO - 2026-03-07 05:30:21 --> Session: Class initialized using 'CodeIgniter\Session\Handlers\FileHandler' driver.
INFO - 2026-03-07 05:30:25 --> Session: Class initialized using 'CodeIgniter\Session\Handlers\FileHandler' driver.
ERROR - 2026-03-07 05:30:39 --> Email: sendWithMail throwed ErrorException: mail(): Failed to connect to mailserver at &quot;localhost&quot; port 25, verify your &quot;SMTP&quot; and &quot;smtp_port&quot; setting in php.ini or use ini_set() in C:\xampp\htdocs\DMS\system\Email\Email.php:1762
Stack trace:
#0 [internal function]: CodeIgniter\Debug\Exceptions->errorHandler(2, 'mail(): Failed ...', 'C:\\xampp\\htdocs...', 1762)
#1 C:\xampp\htdocs\DMS\system\Email\Email.php(1762): mail('jr.developer.no...', '=?UTF-8?Q?Passw...', 'This is a multi...', 'Date: Sat, 7 Ma...', '-f admin@novami...')
#2 C:\xampp\htdocs\DMS\system\Email\Email.php(1694): CodeIgniter\Email\Email->sendWithMail()
#3 C:\xampp\htdocs\DMS\system\Email\Email.php(1589): CodeIgniter\Email\Email->spoolEmail()
#4 C:\xampp\htdocs\DMS\app\Helpers\mail_helper.php(21): CodeIgniter\Email\Email->send()
#5 C:\xampp\htdocs\DMS\app\Controllers\Auth.php(184): sendEmail('jr.developer.no...', 'Password Reset ...', '\r\n             ...')
#6 C:\xampp\htdocs\DMS\system\CodeIgniter.php(933): App\Controllers\Auth->resetPasswordRequest()
#7 C:\xampp\htdocs\DMS\system\CodeIgniter.php(509): CodeIgniter\CodeIgniter->runController(Object(App\Controllers\Auth))
#8 C:\xampp\htdocs\DMS\system\CodeIgniter.php(355): CodeIgniter\CodeIgniter->handleRequest(NULL, Object(Config\Cache), false)
#9 C:\xampp\htdocs\DMS\system\Boot.php(325): CodeIgniter\CodeIgniter->run()
#10 C:\xampp\htdocs\DMS\system\Boot.php(67): CodeIgniter\Boot::runCodeIgniter(Object(CodeIgniter\CodeIgniter))
#11 C:\xampp\htdocs\DMS\public\index.php(56): CodeIgniter\Boot::bootWeb(Object(Config\Paths))
#12 {main}
ERROR - 2026-03-07 05:30:39 --> Email: Unable to send email using PHP mail(). Your server might not be configured to send mail using this method.
ERROR - 2026-03-07 05:30:39 --> 
ERROR - 2026-03-07 05:30:39 --> Email failed: Unable to send email using PHP mail(). Your server might not be configured to send mail using this method.<br><pre>Date: Sat, 7 Mar 2026 05:30:37 +0000
From: &quot;Medzus Healthcare Pvt. Ltd.&quot; &lt;admin@novamiinfotechs.com&gt;
Return-Path: &lt;admin@novamiinfotechs.com&gt;
Reply-To: &lt;admin@novamiinfotechs.com&gt;
User-Agent: CodeIgniter
X-Sender: admin@novamiinfotechs.com
X-Mailer: CodeIgniter
X-Priority: 3 (Normal)
Message-ID: &lt;69abb7fd0c4cb2.65017101@novamiinfotechs.com&gt;
Mime-Version: 1.0
Content-Type: multipart/alternative; boundary=&quot;B_ALT_69abb7fd0c5105.15122435&quot;
</pre>
INFO - 2026-03-07 05:30:39 --> Session: Class initialized using 'CodeIgniter\Session\Handlers\FileHandler' driver.
INFO - 2026-03-07 05:30:39 --> Session: Class initialized using 'CodeIgniter\Session\Handlers\FileHandler' driver.
DEBUG - 2026-03-07 05:31:02 --> Reset password for jeanette with value: 123
INFO - 2026-03-07 05:31:02 --> Session: Class initialized using 'CodeIgniter\Session\Handlers\FileHandler' driver.
INFO - 2026-03-07 05:31:03 --> Session: Class initialized using 'CodeIgniter\Session\Handlers\FileHandler' driver.
INFO - 2026-03-07 05:31:09 --> Session: Class initialized using 'CodeIgniter\Session\Handlers\FileHandler' driver.
INFO - 2026-03-07 05:31:13 --> Session: Class initialized using 'CodeIgniter\Session\Handlers\FileHandler' driver.
INFO - 2026-03-07 05:33:10 --> Session: Class initialized using 'CodeIgniter\Session\Handlers\FileHandler' driver.
ERROR - 2026-03-07 05:33:30 --> Email: sendWithMail throwed ErrorException: mail(): Failed to connect to mailserver at &quot;localhost&quot; port 25, verify your &quot;SMTP&quot; and &quot;smtp_port&quot; setting in php.ini or use ini_set() in C:\xampp\htdocs\DMS\system\Email\Email.php:1762
Stack trace:
#0 [internal function]: CodeIgniter\Debug\Exceptions->errorHandler(2, 'mail(): Failed ...', 'C:\\xampp\\htdocs...', 1762)
#1 C:\xampp\htdocs\DMS\system\Email\Email.php(1762): mail('jr.developer.no...', '=?UTF-8?Q?Login...', 'This is a multi...', 'Date: Sat, 7 Ma...', '-f admin@novami...')
#2 C:\xampp\htdocs\DMS\system\Email\Email.php(1694): CodeIgniter\Email\Email->sendWithMail()
#3 C:\xampp\htdocs\DMS\system\Email\Email.php(1589): CodeIgniter\Email\Email->spoolEmail()
#4 C:\xampp\htdocs\DMS\app\Helpers\mail_helper.php(21): CodeIgniter\Email\Email->send()
#5 C:\xampp\htdocs\DMS\app\Controllers\Auth.php(146): sendEmail('jr.developer.no...', 'Login Token for...', '\r\n             ...')
#6 C:\xampp\htdocs\DMS\system\CodeIgniter.php(933): App\Controllers\Auth->login()
#7 C:\xampp\htdocs\DMS\system\CodeIgniter.php(509): CodeIgniter\CodeIgniter->runController(Object(App\Controllers\Auth))
#8 C:\xampp\htdocs\DMS\system\CodeIgniter.php(355): CodeIgniter\CodeIgniter->handleRequest(NULL, Object(Config\Cache), false)
#9 C:\xampp\htdocs\DMS\system\Boot.php(325): CodeIgniter\CodeIgniter->run()
#10 C:\xampp\htdocs\DMS\system\Boot.php(67): CodeIgniter\Boot::runCodeIgniter(Object(CodeIgniter\CodeIgniter))
#11 C:\xampp\htdocs\DMS\public\index.php(56): CodeIgniter\Boot::bootWeb(Object(Config\Paths))
#12 {main}
ERROR - 2026-03-07 05:33:30 --> Email: Unable to send email using PHP mail(). Your server might not be configured to send mail using this method.
ERROR - 2026-03-07 05:33:30 --> 
ERROR - 2026-03-07 05:33:30 --> Email failed: Unable to send email using PHP mail(). Your server might not be configured to send mail using this method.<br><pre>Date: Sat, 7 Mar 2026 05:33:28 +0000
From: &quot;Medzus Healthcare Pvt. Ltd.&quot; &lt;admin@novamiinfotechs.com&gt;
Return-Path: &lt;admin@novamiinfotechs.com&gt;
Reply-To: &lt;admin@novamiinfotechs.com&gt;
User-Agent: CodeIgniter
X-Sender: admin@novamiinfotechs.com
X-Mailer: CodeIgniter
X-Priority: 3 (Normal)
Message-ID: &lt;69abb8a8af8b88.84214555@novamiinfotechs.com&gt;
Mime-Version: 1.0
Content-Type: multipart/alternative; boundary=&quot;B_ALT_69abb8a8af8e76.46064592&quot;
</pre>
INFO - 2026-03-07 05:33:30 --> Session: Class initialized using 'CodeIgniter\Session\Handlers\FileHandler' driver.
DEBUG - 2026-03-07 05:33:54 --> Reset password for fbeeny with value: 123
INFO - 2026-03-07 05:33:54 --> Session: Class initialized using 'CodeIgniter\Session\Handlers\FileHandler' driver.
INFO - 2026-03-07 05:33:55 --> Session: Class initialized using 'CodeIgniter\Session\Handlers\FileHandler' driver.
INFO - 2026-03-07 05:34:03 --> Session: Class initialized using 'CodeIgniter\Session\Handlers\FileHandler' driver.
INFO - 2026-03-07 05:34:07 --> Session: Class initialized using 'CodeIgniter\Session\Handlers\FileHandler' driver.
INFO - 2026-03-07 05:34:08 --> Session: Class initialized using 'CodeIgniter\Session\Handlers\FileHandler' driver.
INFO - 2026-03-07 05:34:45 --> Session: Class initialized using 'CodeIgniter\Session\Handlers\FileHandler' driver.
INFO - 2026-03-07 05:35:03 --> Session: Class initialized using 'CodeIgniter\Session\Handlers\FileHandler' driver.
INFO - 2026-03-07 05:35:03 --> Session: Class initialized using 'CodeIgniter\Session\Handlers\FileHandler' driver.
INFO - 2026-03-07 05:35:11 --> Session: Class initialized using 'CodeIgniter\Session\Handlers\FileHandler' driver.
INFO - 2026-03-07 05:35:14 --> Session: Class initialized using 'CodeIgniter\Session\Handlers\FileHandler' driver.
ERROR - 2026-03-07 05:35:21 --> Email: sendWithMail throwed ErrorException: mail(): Failed to connect to mailserver at &quot;localhost&quot; port 25, verify your &quot;SMTP&quot; and &quot;smtp_port&quot; setting in php.ini or use ini_set() in C:\xampp\htdocs\DMS\system\Email\Email.php:1762
Stack trace:
#0 [internal function]: CodeIgniter\Debug\Exceptions->errorHandler(2, 'mail(): Failed ...', 'C:\\xampp\\htdocs...', 1762)
#1 C:\xampp\htdocs\DMS\system\Email\Email.php(1762): mail('jr.developer.no...', '=?UTF-8?Q?Passw...', 'This is a multi...', 'Date: Sat, 7 Ma...', '-f admin@novami...')
#2 C:\xampp\htdocs\DMS\system\Email\Email.php(1694): CodeIgniter\Email\Email->sendWithMail()
#3 C:\xampp\htdocs\DMS\system\Email\Email.php(1589): CodeIgniter\Email\Email->spoolEmail()
#4 C:\xampp\htdocs\DMS\app\Helpers\mail_helper.php(21): CodeIgniter\Email\Email->send()
#5 C:\xampp\htdocs\DMS\app\Controllers\Auth.php(184): sendEmail('jr.developer.no...', 'Password Reset ...', '\r\n             ...')
#6 C:\xampp\htdocs\DMS\system\CodeIgniter.php(933): App\Controllers\Auth->resetPasswordRequest()
#7 C:\xampp\htdocs\DMS\system\CodeIgniter.php(509): CodeIgniter\CodeIgniter->runController(Object(App\Controllers\Auth))
#8 C:\xampp\htdocs\DMS\system\CodeIgniter.php(355): CodeIgniter\CodeIgniter->handleRequest(NULL, Object(Config\Cache), false)
#9 C:\xampp\htdocs\DMS\system\Boot.php(325): CodeIgniter\CodeIgniter->run()
#10 C:\xampp\htdocs\DMS\system\Boot.php(67): CodeIgniter\Boot::runCodeIgniter(Object(CodeIgniter\CodeIgniter))
#11 C:\xampp\htdocs\DMS\public\index.php(56): CodeIgniter\Boot::bootWeb(Object(Config\Paths))
#12 {main}
ERROR - 2026-03-07 05:35:21 --> Email: Unable to send email using PHP mail(). Your server might not be configured to send mail using this method.
ERROR - 2026-03-07 05:35:21 --> 
ERROR - 2026-03-07 05:35:21 --> Email failed: Unable to send email using PHP mail(). Your server might not be configured to send mail using this method.<br><pre>Date: Sat, 7 Mar 2026 05:35:19 +0000
From: &quot;Medzus Healthcare Pvt. Ltd.&quot; &lt;admin@novamiinfotechs.com&gt;
Return-Path: &lt;admin@novamiinfotechs.com&gt;
Reply-To: &lt;admin@novamiinfotechs.com&gt;
User-Agent: CodeIgniter
X-Sender: admin@novamiinfotechs.com
X-Mailer: CodeIgniter
X-Priority: 3 (Normal)
Message-ID: &lt;69abb91737b550.74125105@novamiinfotechs.com&gt;
Mime-Version: 1.0
Content-Type: multipart/alternative; boundary=&quot;B_ALT_69abb91737b836.30670453&quot;
</pre>
INFO - 2026-03-07 05:35:21 --> Session: Class initialized using 'CodeIgniter\Session\Handlers\FileHandler' driver.
INFO - 2026-03-07 05:35:21 --> Session: Class initialized using 'CodeIgniter\Session\Handlers\FileHandler' driver.
DEBUG - 2026-03-07 05:35:47 --> Reset password for fbeeny with value: 456
INFO - 2026-03-07 05:35:48 --> Session: Class initialized using 'CodeIgniter\Session\Handlers\FileHandler' driver.
INFO - 2026-03-07 05:35:48 --> Session: Class initialized using 'CodeIgniter\Session\Handlers\FileHandler' driver.
INFO - 2026-03-07 05:35:57 --> Session: Class initialized using 'CodeIgniter\Session\Handlers\FileHandler' driver.
INFO - 2026-03-07 05:36:02 --> Session: Class initialized using 'CodeIgniter\Session\Handlers\FileHandler' driver.
INFO - 2026-03-07 05:36:02 --> Session: Class initialized using 'CodeIgniter\Session\Handlers\FileHandler' driver.
INFO - 2026-03-07 05:37:09 --> Session: Class initialized using 'CodeIgniter\Session\Handlers\FileHandler' driver.
INFO - 2026-03-07 05:37:10 --> Session: Class initialized using 'CodeIgniter\Session\Handlers\FileHandler' driver.
INFO - 2026-03-07 05:37:13 --> Session: Class initialized using 'CodeIgniter\Session\Handlers\FileHandler' driver.
INFO - 2026-03-07 05:37:18 --> Session: Class initialized using 'CodeIgniter\Session\Handlers\FileHandler' driver.
INFO - 2026-03-07 05:37:19 --> Session: Class initialized using 'CodeIgniter\Session\Handlers\FileHandler' driver.
INFO - 2026-03-07 05:37:22 --> Session: Class initialized using 'CodeIgniter\Session\Handlers\FileHandler' driver.
INFO - 2026-03-07 05:37:23 --> Session: Class initialized using 'CodeIgniter\Session\Handlers\FileHandler' driver.
INFO - 2026-03-07 05:37:26 --> Session: Class initialized using 'CodeIgniter\Session\Handlers\FileHandler' driver.
INFO - 2026-03-07 05:37:28 --> Session: Class initialized using 'CodeIgniter\Session\Handlers\FileHandler' driver.
ERROR - 2026-03-07 05:37:33 --> Email: sendWithMail throwed ErrorException: mail(): Failed to connect to mailserver at &quot;localhost&quot; port 25, verify your &quot;SMTP&quot; and &quot;smtp_port&quot; setting in php.ini or use ini_set() in C:\xampp\htdocs\DMS\system\Email\Email.php:1762
Stack trace:
#0 [internal function]: CodeIgniter\Debug\Exceptions->errorHandler(2, 'mail(): Failed ...', 'C:\\xampp\\htdocs...', 1762)
#1 C:\xampp\htdocs\DMS\system\Email\Email.php(1762): mail('jr.developer.no...', '=?UTF-8?Q?Passw...', 'This is a multi...', 'Date: Sat, 7 Ma...', '-f admin@novami...')
#2 C:\xampp\htdocs\DMS\system\Email\Email.php(1694): CodeIgniter\Email\Email->sendWithMail()
#3 C:\xampp\htdocs\DMS\system\Email\Email.php(1589): CodeIgniter\Email\Email->spoolEmail()
#4 C:\xampp\htdocs\DMS\app\Helpers\mail_helper.php(21): CodeIgniter\Email\Email->send()
#5 C:\xampp\htdocs\DMS\app\Controllers\Auth.php(184): sendEmail('jr.developer.no...', 'Password Reset ...', '\r\n             ...')
#6 C:\xampp\htdocs\DMS\system\CodeIgniter.php(933): App\Controllers\Auth->resetPasswordRequest()
#7 C:\xampp\htdocs\DMS\system\CodeIgniter.php(509): CodeIgniter\CodeIgniter->runController(Object(App\Controllers\Auth))
#8 C:\xampp\htdocs\DMS\system\CodeIgniter.php(355): CodeIgniter\CodeIgniter->handleRequest(NULL, Object(Config\Cache), false)
#9 C:\xampp\htdocs\DMS\system\Boot.php(325): CodeIgniter\CodeIgniter->run()
#10 C:\xampp\htdocs\DMS\system\Boot.php(67): CodeIgniter\Boot::runCodeIgniter(Object(CodeIgniter\CodeIgniter))
#11 C:\xampp\htdocs\DMS\public\index.php(56): CodeIgniter\Boot::bootWeb(Object(Config\Paths))
#12 {main}
ERROR - 2026-03-07 05:37:33 --> Email: Unable to send email using PHP mail(). Your server might not be configured to send mail using this method.
ERROR - 2026-03-07 05:37:33 --> 
ERROR - 2026-03-07 05:37:33 --> Email failed: Unable to send email using PHP mail(). Your server might not be configured to send mail using this method.<br><pre>Date: Sat, 7 Mar 2026 05:37:31 +0000
From: &quot;Medzus Healthcare Pvt. Ltd.&quot; &lt;admin@novamiinfotechs.com&gt;
Return-Path: &lt;admin@novamiinfotechs.com&gt;
Reply-To: &lt;admin@novamiinfotechs.com&gt;
User-Agent: CodeIgniter
X-Sender: admin@novamiinfotechs.com
X-Mailer: CodeIgniter
X-Priority: 3 (Normal)
Message-ID: &lt;69abb99b3ed316.05400527@novamiinfotechs.com&gt;
Mime-Version: 1.0
Content-Type: multipart/alternative; boundary=&quot;B_ALT_69abb99b3ed4d8.55828139&quot;
</pre>
INFO - 2026-03-07 05:37:33 --> Session: Class initialized using 'CodeIgniter\Session\Handlers\FileHandler' driver.
INFO - 2026-03-07 05:37:33 --> Session: Class initialized using 'CodeIgniter\Session\Handlers\FileHandler' driver.
DEBUG - 2026-03-07 05:37:51 --> Reset password for fbeeny with value: 123456
INFO - 2026-03-07 05:37:52 --> Session: Class initialized using 'CodeIgniter\Session\Handlers\FileHandler' driver.
INFO - 2026-03-07 05:37:52 --> Session: Class initialized using 'CodeIgniter\Session\Handlers\FileHandler' driver.
INFO - 2026-03-07 05:37:58 --> Session: Class initialized using 'CodeIgniter\Session\Handlers\FileHandler' driver.
INFO - 2026-03-07 05:38:03 --> Session: Class initialized using 'CodeIgniter\Session\Handlers\FileHandler' driver.
INFO - 2026-03-07 05:38:04 --> Session: Class initialized using 'CodeIgniter\Session\Handlers\FileHandler' driver.
INFO - 2026-03-07 06:52:42 --> Session: Class initialized using 'CodeIgniter\Session\Handlers\FileHandler' driver.
INFO - 2026-03-07 06:54:20 --> Session: Class initialized using 'CodeIgniter\Session\Handlers\FileHandler' driver.
INFO - 2026-03-07 06:55:25 --> Session: Class initialized using 'CodeIgniter\Session\Handlers\FileHandler' driver.
INFO - 2026-03-07 06:55:25 --> Session: Class initialized using 'CodeIgniter\Session\Handlers\FileHandler' driver.
INFO - 2026-03-07 06:55:28 --> Session: Class initialized using 'CodeIgniter\Session\Handlers\FileHandler' driver.
INFO - 2026-03-07 06:55:30 --> Session: Class initialized using 'CodeIgniter\Session\Handlers\FileHandler' driver.
ERROR - 2026-03-07 06:55:35 --> Email: sendWithMail throwed ErrorException: mail(): Failed to connect to mailserver at &quot;localhost&quot; port 25, verify your &quot;SMTP&quot; and &quot;smtp_port&quot; setting in php.ini or use ini_set() in C:\xampp\htdocs\DMS\system\Email\Email.php:1762
Stack trace:
#0 [internal function]: CodeIgniter\Debug\Exceptions->errorHandler(2, 'mail(): Failed ...', 'C:\\xampp\\htdocs...', 1762)
#1 C:\xampp\htdocs\DMS\system\Email\Email.php(1762): mail('jr.developer.no...', '=?UTF-8?Q?Passw...', 'This is a multi...', 'Date: Sat, 7 Ma...', '-f admin@novami...')
#2 C:\xampp\htdocs\DMS\system\Email\Email.php(1694): CodeIgniter\Email\Email->sendWithMail()
#3 C:\xampp\htdocs\DMS\system\Email\Email.php(1589): CodeIgniter\Email\Email->spoolEmail()
#4 C:\xampp\htdocs\DMS\app\Helpers\mail_helper.php(21): CodeIgniter\Email\Email->send()
#5 C:\xampp\htdocs\DMS\app\Controllers\Auth.php(186): sendEmail('jr.developer.no...', 'Password Reset ...', '\r\n             ...')
#6 C:\xampp\htdocs\DMS\system\CodeIgniter.php(933): App\Controllers\Auth->resetPasswordRequest()
#7 C:\xampp\htdocs\DMS\system\CodeIgniter.php(509): CodeIgniter\CodeIgniter->runController(Object(App\Controllers\Auth))
#8 C:\xampp\htdocs\DMS\system\CodeIgniter.php(355): CodeIgniter\CodeIgniter->handleRequest(NULL, Object(Config\Cache), false)
#9 C:\xampp\htdocs\DMS\system\Boot.php(325): CodeIgniter\CodeIgniter->run()
#10 C:\xampp\htdocs\DMS\system\Boot.php(67): CodeIgniter\Boot::runCodeIgniter(Object(CodeIgniter\CodeIgniter))
#11 C:\xampp\htdocs\DMS\public\index.php(56): CodeIgniter\Boot::bootWeb(Object(Config\Paths))
#12 {main}
ERROR - 2026-03-07 06:55:35 --> Email: Unable to send email using PHP mail(). Your server might not be configured to send mail using this method.
ERROR - 2026-03-07 06:55:35 --> 
ERROR - 2026-03-07 06:55:35 --> Email failed: Unable to send email using PHP mail(). Your server might not be configured to send mail using this method.<br><pre>Date: Sat, 7 Mar 2026 06:55:33 +0000
From: &quot;Medzus Healthcare Pvt. Ltd.&quot; &lt;admin@novamiinfotechs.com&gt;
Return-Path: &lt;admin@novamiinfotechs.com&gt;
Reply-To: &lt;admin@novamiinfotechs.com&gt;
User-Agent: CodeIgniter
X-Sender: admin@novamiinfotechs.com
X-Mailer: CodeIgniter
X-Priority: 3 (Normal)
Message-ID: &lt;69abcbe5328512.31390866@novamiinfotechs.com&gt;
Mime-Version: 1.0
Content-Type: multipart/alternative; boundary=&quot;B_ALT_69abcbe5328671.30562809&quot;
</pre>
CRITICAL - 2026-03-07 06:55:35 --> Error: Call to a member function createNotification() on null
[Method: POST, Route: reset-password]
in APPPATH\Controllers\Auth.php on line 190.
 1 SYSTEMPATH\CodeIgniter.php(933): App\Controllers\Auth->resetPasswordRequest()
 2 SYSTEMPATH\CodeIgniter.php(509): CodeIgniter\CodeIgniter->runController(Object(App\Controllers\Auth))
 3 SYSTEMPATH\CodeIgniter.php(355): CodeIgniter\CodeIgniter->handleRequest(null, Object(Config\Cache), false)
 4 SYSTEMPATH\Boot.php(325): CodeIgniter\CodeIgniter->run()
 5 SYSTEMPATH\Boot.php(67): CodeIgniter\Boot::runCodeIgniter(Object(CodeIgniter\CodeIgniter))
 6 FCPATH\index.php(56): CodeIgniter\Boot::bootWeb(Object(Config\Paths))
ERROR - 2026-03-07 06:56:30 --> Email: sendWithMail throwed ErrorException: mail(): Failed to connect to mailserver at &quot;localhost&quot; port 25, verify your &quot;SMTP&quot; and &quot;smtp_port&quot; setting in php.ini or use ini_set() in C:\xampp\htdocs\DMS\system\Email\Email.php:1762
Stack trace:
#0 [internal function]: CodeIgniter\Debug\Exceptions->errorHandler(2, 'mail(): Failed ...', 'C:\\xampp\\htdocs...', 1762)
#1 C:\xampp\htdocs\DMS\system\Email\Email.php(1762): mail('jr.developer.no...', '=?UTF-8?Q?Passw...', 'This is a multi...', 'Date: Sat, 7 Ma...', '-f admin@novami...')
#2 C:\xampp\htdocs\DMS\system\Email\Email.php(1694): CodeIgniter\Email\Email->sendWithMail()
#3 C:\xampp\htdocs\DMS\system\Email\Email.php(1589): CodeIgniter\Email\Email->spoolEmail()
#4 C:\xampp\htdocs\DMS\app\Helpers\mail_helper.php(21): CodeIgniter\Email\Email->send()
#5 C:\xampp\htdocs\DMS\app\Controllers\Auth.php(191): sendEmail('jr.developer.no...', 'Password Reset ...', '\r\n             ...')
#6 C:\xampp\htdocs\DMS\system\CodeIgniter.php(933): App\Controllers\Auth->resetPasswordRequest()
#7 C:\xampp\htdocs\DMS\system\CodeIgniter.php(509): CodeIgniter\CodeIgniter->runController(Object(App\Controllers\Auth))
#8 C:\xampp\htdocs\DMS\system\CodeIgniter.php(355): CodeIgniter\CodeIgniter->handleRequest(NULL, Object(Config\Cache), false)
#9 C:\xampp\htdocs\DMS\system\Boot.php(325): CodeIgniter\CodeIgniter->run()
#10 C:\xampp\htdocs\DMS\system\Boot.php(67): CodeIgniter\Boot::runCodeIgniter(Object(CodeIgniter\CodeIgniter))
#11 C:\xampp\htdocs\DMS\public\index.php(56): CodeIgniter\Boot::bootWeb(Object(Config\Paths))
#12 {main}
ERROR - 2026-03-07 06:56:30 --> Email: Unable to send email using PHP mail(). Your server might not be configured to send mail using this method.
ERROR - 2026-03-07 06:56:30 --> 
ERROR - 2026-03-07 06:56:30 --> Email failed: Unable to send email using PHP mail(). Your server might not be configured to send mail using this method.<br><pre>Date: Sat, 7 Mar 2026 06:56:28 +0000
From: &quot;Medzus Healthcare Pvt. Ltd.&quot; &lt;admin@novamiinfotechs.com&gt;
Return-Path: &lt;admin@novamiinfotechs.com&gt;
Reply-To: &lt;admin@novamiinfotechs.com&gt;
User-Agent: CodeIgniter
X-Sender: admin@novamiinfotechs.com
X-Mailer: CodeIgniter
X-Priority: 3 (Normal)
Message-ID: &lt;69abcc1ce60f36.14280308@novamiinfotechs.com&gt;
Mime-Version: 1.0
Content-Type: multipart/alternative; boundary=&quot;B_ALT_69abcc1ce610d5.00051327&quot;
</pre>
CRITICAL - 2026-03-07 06:56:30 --> Error: Call to a member function createNotification() on null
[Method: POST, Route: reset-password]
in APPPATH\Controllers\Auth.php on line 198.
 1 SYSTEMPATH\CodeIgniter.php(933): App\Controllers\Auth->resetPasswordRequest()
 2 SYSTEMPATH\CodeIgniter.php(509): CodeIgniter\CodeIgniter->runController(Object(App\Controllers\Auth))
 3 SYSTEMPATH\CodeIgniter.php(355): CodeIgniter\CodeIgniter->handleRequest(null, Object(Config\Cache), false)
 4 SYSTEMPATH\Boot.php(325): CodeIgniter\CodeIgniter->run()
 5 SYSTEMPATH\Boot.php(67): CodeIgniter\Boot::runCodeIgniter(Object(CodeIgniter\CodeIgniter))
 6 FCPATH\index.php(56): CodeIgniter\Boot::bootWeb(Object(Config\Paths))
ERROR - 2026-03-07 06:58:00 --> Email: sendWithMail throwed ErrorException: mail(): Failed to connect to mailserver at &quot;localhost&quot; port 25, verify your &quot;SMTP&quot; and &quot;smtp_port&quot; setting in php.ini or use ini_set() in C:\xampp\htdocs\DMS\system\Email\Email.php:1762
Stack trace:
#0 [internal function]: CodeIgniter\Debug\Exceptions->errorHandler(2, 'mail(): Failed ...', 'C:\\xampp\\htdocs...', 1762)
#1 C:\xampp\htdocs\DMS\system\Email\Email.php(1762): mail('jr.developer.no...', '=?UTF-8?Q?Passw...', 'This is a multi...', 'Date: Sat, 7 Ma...', '-f admin@novami...')
#2 C:\xampp\htdocs\DMS\system\Email\Email.php(1694): CodeIgniter\Email\Email->sendWithMail()
#3 C:\xampp\htdocs\DMS\system\Email\Email.php(1589): CodeIgniter\Email\Email->spoolEmail()
#4 C:\xampp\htdocs\DMS\app\Helpers\mail_helper.php(21): CodeIgniter\Email\Email->send()
#5 C:\xampp\htdocs\DMS\app\Controllers\Auth.php(192): sendEmail('jr.developer.no...', 'Password Reset ...', '\r\n             ...')
#6 C:\xampp\htdocs\DMS\system\CodeIgniter.php(933): App\Controllers\Auth->resetPasswordRequest()
#7 C:\xampp\htdocs\DMS\system\CodeIgniter.php(509): CodeIgniter\CodeIgniter->runController(Object(App\Controllers\Auth))
#8 C:\xampp\htdocs\DMS\system\CodeIgniter.php(355): CodeIgniter\CodeIgniter->handleRequest(NULL, Object(Config\Cache), false)
#9 C:\xampp\htdocs\DMS\system\Boot.php(325): CodeIgniter\CodeIgniter->run()
#10 C:\xampp\htdocs\DMS\system\Boot.php(67): CodeIgniter\Boot::runCodeIgniter(Object(CodeIgniter\CodeIgniter))
#11 C:\xampp\htdocs\DMS\public\index.php(56): CodeIgniter\Boot::bootWeb(Object(Config\Paths))
#12 {main}
ERROR - 2026-03-07 06:58:00 --> Email: Unable to send email using PHP mail(). Your server might not be configured to send mail using this method.
ERROR - 2026-03-07 06:58:00 --> 
ERROR - 2026-03-07 06:58:00 --> Email failed: Unable to send email using PHP mail(). Your server might not be configured to send mail using this method.<br><pre>Date: Sat, 7 Mar 2026 06:57:58 +0000
From: &quot;Medzus Healthcare Pvt. Ltd.&quot; &lt;admin@novamiinfotechs.com&gt;
Return-Path: &lt;admin@novamiinfotechs.com&gt;
Reply-To: &lt;admin@novamiinfotechs.com&gt;
User-Agent: CodeIgniter
X-Sender: admin@novamiinfotechs.com
X-Mailer: CodeIgniter
X-Priority: 3 (Normal)
Message-ID: &lt;69abcc763338e2.30069290@novamiinfotechs.com&gt;
Mime-Version: 1.0
Content-Type: multipart/alternative; boundary=&quot;B_ALT_69abcc76333a75.85154274&quot;
</pre>
INFO - 2026-03-07 06:58:00 --> Session: Class initialized using 'CodeIgniter\Session\Handlers\FileHandler' driver.
INFO - 2026-03-07 06:58:00 --> Session: Class initialized using 'CodeIgniter\Session\Handlers\FileHandler' driver.
INFO - 2026-03-07 06:58:25 --> Session: Class initialized using 'CodeIgniter\Session\Handlers\FileHandler' driver.
INFO - 2026-03-07 06:58:31 --> Session: Class initialized using 'CodeIgniter\Session\Handlers\FileHandler' driver.
INFO - 2026-03-07 06:58:34 --> Session: Class initialized using 'CodeIgniter\Session\Handlers\FileHandler' driver.
INFO - 2026-03-07 06:58:38 --> Session: Class initialized using 'CodeIgniter\Session\Handlers\FileHandler' driver.
INFO - 2026-03-07 06:58:38 --> Session: Class initialized using 'CodeIgniter\Session\Handlers\FileHandler' driver.
INFO - 2026-03-07 06:59:32 --> Session: Class initialized using 'CodeIgniter\Session\Handlers\FileHandler' driver.
INFO - 2026-03-07 07:03:45 --> Session: Class initialized using 'CodeIgniter\Session\Handlers\FileHandler' driver.
INFO - 2026-03-07 07:03:45 --> Session: Class initialized using 'CodeIgniter\Session\Handlers\FileHandler' driver.
INFO - 2026-03-07 07:03:52 --> Session: Class initialized using 'CodeIgniter\Session\Handlers\FileHandler' driver.
INFO - 2026-03-07 07:03:53 --> Session: Class initialized using 'CodeIgniter\Session\Handlers\FileHandler' driver.
INFO - 2026-03-07 07:03:54 --> Session: Class initialized using 'CodeIgniter\Session\Handlers\FileHandler' driver.
INFO - 2026-03-07 07:03:56 --> Session: Class initialized using 'CodeIgniter\Session\Handlers\FileHandler' driver.
INFO - 2026-03-07 07:03:57 --> Session: Class initialized using 'CodeIgniter\Session\Handlers\FileHandler' driver.
INFO - 2026-03-07 07:03:59 --> Session: Class initialized using 'CodeIgniter\Session\Handlers\FileHandler' driver.
INFO - 2026-03-07 07:04:00 --> Session: Class initialized using 'CodeIgniter\Session\Handlers\FileHandler' driver.
INFO - 2026-03-07 07:05:07 --> Session: Class initialized using 'CodeIgniter\Session\Handlers\FileHandler' driver.
INFO - 2026-03-07 07:05:11 --> Session: Class initialized using 'CodeIgniter\Session\Handlers\FileHandler' driver.
INFO - 2026-03-07 07:05:16 --> Session: Class initialized using 'CodeIgniter\Session\Handlers\FileHandler' driver.
INFO - 2026-03-07 07:14:26 --> Session: Class initialized using 'CodeIgniter\Session\Handlers\FileHandler' driver.
INFO - 2026-03-07 08:07:05 --> Session: Class initialized using 'CodeIgniter\Session\Handlers\FileHandler' driver.
INFO - 2026-03-07 08:07:05 --> Session: Class initialized using 'CodeIgniter\Session\Handlers\FileHandler' driver.
INFO - 2026-03-07 08:07:11 --> Session: Class initialized using 'CodeIgniter\Session\Handlers\FileHandler' driver.
INFO - 2026-03-07 08:07:12 --> Session: Class initialized using 'CodeIgniter\Session\Handlers\FileHandler' driver.
INFO - 2026-03-07 08:15:32 --> Session: Class initialized using 'CodeIgniter\Session\Handlers\FileHandler' driver.
INFO - 2026-03-07 08:18:48 --> Session: Class initialized using 'CodeIgniter\Session\Handlers\FileHandler' driver.
CRITICAL - 2026-03-07 08:19:00 --> CodeIgniter\View\Exceptions\ViewException: Invalid file: "notifications/view.php"
[Method: GET, Route: notifications/view/2]
in SYSTEMPATH\Exceptions\FrameworkException.php on line 41.
 1 SYSTEMPATH\View\View.php(222): CodeIgniter\Exceptions\FrameworkException::forInvalidFile('notifications/view.php')
 2 SYSTEMPATH\Common.php(1171): CodeIgniter\View\View->render('notifications/view', [], true)
 3 APPPATH\Controllers\Notifications.php(36): view('notifications/view', [...])
 4 SYSTEMPATH\CodeIgniter.php(933): App\Controllers\Notifications->view('2')
 5 SYSTEMPATH\CodeIgniter.php(509): CodeIgniter\CodeIgniter->runController(Object(App\Controllers\Notifications))
 6 SYSTEMPATH\CodeIgniter.php(355): CodeIgniter\CodeIgniter->handleRequest(null, Object(Config\Cache), false)
 7 SYSTEMPATH\Boot.php(325): CodeIgniter\CodeIgniter->run()
 8 SYSTEMPATH\Boot.php(67): CodeIgniter\Boot::runCodeIgniter(Object(CodeIgniter\CodeIgniter))
 9 FCPATH\index.php(56): CodeIgniter\Boot::bootWeb(Object(Config\Paths))
INFO - 2026-03-07 08:20:32 --> Session: Class initialized using 'CodeIgniter\Session\Handlers\FileHandler' driver.
INFO - 2026-03-07 08:20:43 --> Session: Class initialized using 'CodeIgniter\Session\Handlers\FileHandler' driver.
INFO - 2026-03-07 08:20:47 --> Session: Class initialized using 'CodeIgniter\Session\Handlers\FileHandler' driver.
INFO - 2026-03-07 08:21:32 --> Session: Class initialized using 'CodeIgniter\Session\Handlers\FileHandler' driver.
INFO - 2026-03-07 08:21:37 --> Session: Class initialized using 'CodeIgniter\Session\Handlers\FileHandler' driver.
INFO - 2026-03-07 08:21:42 --> Session: Class initialized using 'CodeIgniter\Session\Handlers\FileHandler' driver.
INFO - 2026-03-07 08:21:46 --> Session: Class initialized using 'CodeIgniter\Session\Handlers\FileHandler' driver.
INFO - 2026-03-07 08:22:55 --> Session: Class initialized using 'CodeIgniter\Session\Handlers\FileHandler' driver.
INFO - 2026-03-07 08:23:01 --> Session: Class initialized using 'CodeIgniter\Session\Handlers\FileHandler' driver.
INFO - 2026-03-07 08:23:48 --> Session: Class initialized using 'CodeIgniter\Session\Handlers\FileHandler' driver.
CRITICAL - 2026-03-07 08:23:52 --> ErrorException: Array to string conversion
[Method: GET, Route: notifications/view/2]
in APPPATH\Controllers\Notifications.php on line 28.
 1 APPPATH\Controllers\Notifications.php(28): CodeIgniter\Debug\Exceptions->errorHandler(2, 'Array to string conversion', 'C:\\xampp\\htdocs\\DMS\\app\\Controllers\\Notifications.php', 28)
 2 SYSTEMPATH\CodeIgniter.php(933): App\Controllers\Notifications->view('2')
 3 SYSTEMPATH\CodeIgniter.php(509): CodeIgniter\CodeIgniter->runController(Object(App\Controllers\Notifications))
 4 SYSTEMPATH\CodeIgniter.php(355): CodeIgniter\CodeIgniter->handleRequest(null, Object(Config\Cache), false)
 5 SYSTEMPATH\Boot.php(325): CodeIgniter\CodeIgniter->run()
 6 SYSTEMPATH\Boot.php(67): CodeIgniter\Boot::runCodeIgniter(Object(CodeIgniter\CodeIgniter))
 7 FCPATH\index.php(56): CodeIgniter\Boot::bootWeb(Object(Config\Paths))
INFO - 2026-03-07 08:25:48 --> Session: Class initialized using 'CodeIgniter\Session\Handlers\FileHandler' driver.
INFO - 2026-03-07 08:27:08 --> Session: Class initialized using 'CodeIgniter\Session\Handlers\FileHandler' driver.
CRITICAL - 2026-03-07 08:27:08 --> ErrorException: Undefined variable $notifications
[Method: GET, Route: notifications/view/2]
in APPPATH\Views\notifications\view.php on line 73.
 1 APPPATH\Views\notifications\view.php(73): CodeIgniter\Debug\Exceptions->errorHandler(2, 'Undefined variable $notifications', 'C:\\xampp\\htdocs\\DMS\\app\\Views\\notifications\\view.php', 73)
 2 SYSTEMPATH\View\View.php(234): include('C:\\xampp\\htdocs\\DMS\\app\\Views\\notifications\\view.php')
 3 SYSTEMPATH\View\View.php(237): CodeIgniter\View\View->CodeIgniter\View\{closure}()
 4 SYSTEMPATH\Common.php(1171): CodeIgniter\View\View->render('notifications/view', [], true)
 5 APPPATH\Controllers\Notifications.php(37): view('notifications/view', [...])
 6 SYSTEMPATH\CodeIgniter.php(933): App\Controllers\Notifications->view('2')
 7 SYSTEMPATH\CodeIgniter.php(509): CodeIgniter\CodeIgniter->runController(Object(App\Controllers\Notifications))
 8 SYSTEMPATH\CodeIgniter.php(355): CodeIgniter\CodeIgniter->handleRequest(null, Object(Config\Cache), false)
 9 SYSTEMPATH\Boot.php(325): CodeIgniter\CodeIgniter->run()
10 SYSTEMPATH\Boot.php(67): CodeIgniter\Boot::runCodeIgniter(Object(CodeIgniter\CodeIgniter))
11 FCPATH\index.php(56): CodeIgniter\Boot::bootWeb(Object(Config\Paths))
INFO - 2026-03-07 08:27:46 --> Session: Class initialized using 'CodeIgniter\Session\Handlers\FileHandler' driver.
CRITICAL - 2026-03-07 08:27:46 --> ErrorException: Undefined variable $notifications
[Method: GET, Route: notifications/view/2]
in APPPATH\Views\notifications\view.php on line 73.
 1 APPPATH\Views\notifications\view.php(73): CodeIgniter\Debug\Exceptions->errorHandler(2, 'Undefined variable $notifications', 'C:\\xampp\\htdocs\\DMS\\app\\Views\\notifications\\view.php', 73)
 2 SYSTEMPATH\View\View.php(234): include('C:\\xampp\\htdocs\\DMS\\app\\Views\\notifications\\view.php')
 3 SYSTEMPATH\View\View.php(237): CodeIgniter\View\View->CodeIgniter\View\{closure}()
 4 SYSTEMPATH\Common.php(1171): CodeIgniter\View\View->render('notifications/view', [], true)
 5 APPPATH\Controllers\Notifications.php(37): view('notifications/view', [...])
 6 SYSTEMPATH\CodeIgniter.php(933): App\Controllers\Notifications->view('2')
 7 SYSTEMPATH\CodeIgniter.php(509): CodeIgniter\CodeIgniter->runController(Object(App\Controllers\Notifications))
 8 SYSTEMPATH\CodeIgniter.php(355): CodeIgniter\CodeIgniter->handleRequest(null, Object(Config\Cache), false)
 9 SYSTEMPATH\Boot.php(325): CodeIgniter\CodeIgniter->run()
10 SYSTEMPATH\Boot.php(67): CodeIgniter\Boot::runCodeIgniter(Object(CodeIgniter\CodeIgniter))
11 FCPATH\index.php(56): CodeIgniter\Boot::bootWeb(Object(Config\Paths))
INFO - 2026-03-07 08:34:22 --> Session: Class initialized using 'CodeIgniter\Session\Handlers\FileHandler' driver.
CRITICAL - 2026-03-07 08:34:22 --> ErrorException: Undefined variable $notifications
[Method: GET, Route: notifications/view/2]
in APPPATH\Views\notifications\view.php on line 73.
 1 APPPATH\Views\notifications\view.php(73): CodeIgniter\Debug\Exceptions->errorHandler(2, 'Undefined variable $notifications', 'C:\\xampp\\htdocs\\DMS\\app\\Views\\notifications\\view.php', 73)
 2 SYSTEMPATH\View\View.php(234): include('C:\\xampp\\htdocs\\DMS\\app\\Views\\notifications\\view.php')
 3 SYSTEMPATH\View\View.php(237): CodeIgniter\View\View->CodeIgniter\View\{closure}()
 4 SYSTEMPATH\Common.php(1171): CodeIgniter\View\View->render('notifications/view', [], true)
 5 APPPATH\Controllers\Notifications.php(37): view('notifications/view', [...])
 6 SYSTEMPATH\CodeIgniter.php(933): App\Controllers\Notifications->view('2')
 7 SYSTEMPATH\CodeIgniter.php(509): CodeIgniter\CodeIgniter->runController(Object(App\Controllers\Notifications))
 8 SYSTEMPATH\CodeIgniter.php(355): CodeIgniter\CodeIgniter->handleRequest(null, Object(Config\Cache), false)
 9 SYSTEMPATH\Boot.php(325): CodeIgniter\CodeIgniter->run()
10 SYSTEMPATH\Boot.php(67): CodeIgniter\Boot::runCodeIgniter(Object(CodeIgniter\CodeIgniter))
11 FCPATH\index.php(56): CodeIgniter\Boot::bootWeb(Object(Config\Paths))
INFO - 2026-03-07 08:34:28 --> Session: Class initialized using 'CodeIgniter\Session\Handlers\FileHandler' driver.
INFO - 2026-03-07 08:34:37 --> Session: Class initialized using 'CodeIgniter\Session\Handlers\FileHandler' driver.
CRITICAL - 2026-03-07 08:34:37 --> ErrorException: Undefined variable $notifications
[Method: GET, Route: notifications/view/3]
in APPPATH\Views\notifications\view.php on line 73.
 1 APPPATH\Views\notifications\view.php(73): CodeIgniter\Debug\Exceptions->errorHandler(2, 'Undefined variable $notifications', 'C:\\xampp\\htdocs\\DMS\\app\\Views\\notifications\\view.php', 73)
 2 SYSTEMPATH\View\View.php(234): include('C:\\xampp\\htdocs\\DMS\\app\\Views\\notifications\\view.php')
 3 SYSTEMPATH\View\View.php(237): CodeIgniter\View\View->CodeIgniter\View\{closure}()
 4 SYSTEMPATH\Common.php(1171): CodeIgniter\View\View->render('notifications/view', [], true)
 5 APPPATH\Controllers\Notifications.php(37): view('notifications/view', [...])
 6 SYSTEMPATH\CodeIgniter.php(933): App\Controllers\Notifications->view('3')
 7 SYSTEMPATH\CodeIgniter.php(509): CodeIgniter\CodeIgniter->runController(Object(App\Controllers\Notifications))
 8 SYSTEMPATH\CodeIgniter.php(355): CodeIgniter\CodeIgniter->handleRequest(null, Object(Config\Cache), false)
 9 SYSTEMPATH\Boot.php(325): CodeIgniter\CodeIgniter->run()
10 SYSTEMPATH\Boot.php(67): CodeIgniter\Boot::runCodeIgniter(Object(CodeIgniter\CodeIgniter))
11 FCPATH\index.php(56): CodeIgniter\Boot::bootWeb(Object(Config\Paths))
INFO - 2026-03-07 08:37:35 --> Session: Class initialized using 'CodeIgniter\Session\Handlers\FileHandler' driver.
INFO - 2026-03-07 08:38:20 --> Session: Class initialized using 'CodeIgniter\Session\Handlers\FileHandler' driver.
INFO - 2026-03-07 08:38:24 --> Session: Class initialized using 'CodeIgniter\Session\Handlers\FileHandler' driver.
INFO - 2026-03-07 08:38:28 --> Session: Class initialized using 'CodeIgniter\Session\Handlers\FileHandler' driver.
INFO - 2026-03-07 08:39:36 --> Session: Class initialized using 'CodeIgniter\Session\Handlers\FileHandler' driver.
INFO - 2026-03-07 08:42:53 --> Session: Class initialized using 'CodeIgniter\Session\Handlers\FileHandler' driver.
INFO - 2026-03-07 08:43:33 --> Session: Class initialized using 'CodeIgniter\Session\Handlers\FileHandler' driver.
CRITICAL - 2026-03-07 08:43:33 --> ErrorException: Undefined variable $notifications
[Method: GET, Route: notifications/view/1]
in APPPATH\Views\notifications\view.php on line 73.
 1 APPPATH\Views\notifications\view.php(73): CodeIgniter\Debug\Exceptions->errorHandler(2, 'Undefined variable $notifications', 'C:\\xampp\\htdocs\\DMS\\app\\Views\\notifications\\view.php', 73)
 2 SYSTEMPATH\View\View.php(234): include('C:\\xampp\\htdocs\\DMS\\app\\Views\\notifications\\view.php')
 3 SYSTEMPATH\View\View.php(237): CodeIgniter\View\View->CodeIgniter\View\{closure}()
 4 SYSTEMPATH\Common.php(1171): CodeIgniter\View\View->render('notifications/view', [], true)
 5 APPPATH\Controllers\Notifications.php(40): view('notifications/view', [...])
 6 SYSTEMPATH\CodeIgniter.php(933): App\Controllers\Notifications->view('1')
 7 SYSTEMPATH\CodeIgniter.php(509): CodeIgniter\CodeIgniter->runController(Object(App\Controllers\Notifications))
 8 SYSTEMPATH\CodeIgniter.php(355): CodeIgniter\CodeIgniter->handleRequest(null, Object(Config\Cache), false)
 9 SYSTEMPATH\Boot.php(325): CodeIgniter\CodeIgniter->run()
10 SYSTEMPATH\Boot.php(67): CodeIgniter\Boot::runCodeIgniter(Object(CodeIgniter\CodeIgniter))
11 FCPATH\index.php(56): CodeIgniter\Boot::bootWeb(Object(Config\Paths))
INFO - 2026-03-07 08:48:00 --> Session: Class initialized using 'CodeIgniter\Session\Handlers\FileHandler' driver.
INFO - 2026-03-07 08:52:12 --> Session: Class initialized using 'CodeIgniter\Session\Handlers\FileHandler' driver.
INFO - 2026-03-07 08:52:27 --> Session: Class initialized using 'CodeIgniter\Session\Handlers\FileHandler' driver.
INFO - 2026-03-07 08:52:38 --> Session: Class initialized using 'CodeIgniter\Session\Handlers\FileHandler' driver.
INFO - 2026-03-07 08:52:44 --> Session: Class initialized using 'CodeIgniter\Session\Handlers\FileHandler' driver.
INFO - 2026-03-07 08:52:49 --> Session: Class initialized using 'CodeIgniter\Session\Handlers\FileHandler' driver.
INFO - 2026-03-07 08:53:38 --> Session: Class initialized using 'CodeIgniter\Session\Handlers\FileHandler' driver.
INFO - 2026-03-07 08:53:45 --> Session: Class initialized using 'CodeIgniter\Session\Handlers\FileHandler' driver.
INFO - 2026-03-07 08:53:49 --> Session: Class initialized using 'CodeIgniter\Session\Handlers\FileHandler' driver.
INFO - 2026-03-07 08:54:03 --> Session: Class initialized using 'CodeIgniter\Session\Handlers\FileHandler' driver.
INFO - 2026-03-07 08:55:12 --> Session: Class initialized using 'CodeIgniter\Session\Handlers\FileHandler' driver.
INFO - 2026-03-07 08:55:16 --> Session: Class initialized using 'CodeIgniter\Session\Handlers\FileHandler' driver.
INFO - 2026-03-07 08:55:19 --> Session: Class initialized using 'CodeIgniter\Session\Handlers\FileHandler' driver.
INFO - 2026-03-07 08:55:21 --> Session: Class initialized using 'CodeIgniter\Session\Handlers\FileHandler' driver.
INFO - 2026-03-07 08:55:26 --> Session: Class initialized using 'CodeIgniter\Session\Handlers\FileHandler' driver.
INFO - 2026-03-07 08:59:04 --> Session: Class initialized using 'CodeIgniter\Session\Handlers\FileHandler' driver.
INFO - 2026-03-07 09:03:16 --> Session: Class initialized using 'CodeIgniter\Session\Handlers\FileHandler' driver.
INFO - 2026-03-07 09:03:18 --> Session: Class initialized using 'CodeIgniter\Session\Handlers\FileHandler' driver.
INFO - 2026-03-07 09:03:21 --> Session: Class initialized using 'CodeIgniter\Session\Handlers\FileHandler' driver.
INFO - 2026-03-07 09:03:27 --> Session: Class initialized using 'CodeIgniter\Session\Handlers\FileHandler' driver.
INFO - 2026-03-07 09:03:34 --> Session: Class initialized using 'CodeIgniter\Session\Handlers\FileHandler' driver.
INFO - 2026-03-07 09:03:34 --> Session: Class initialized using 'CodeIgniter\Session\Handlers\FileHandler' driver.
INFO - 2026-03-07 09:04:18 --> Session: Class initialized using 'CodeIgniter\Session\Handlers\FileHandler' driver.
INFO - 2026-03-07 09:04:54 --> Session: Class initialized using 'CodeIgniter\Session\Handlers\FileHandler' driver.
INFO - 2026-03-07 09:05:04 --> Session: Class initialized using 'CodeIgniter\Session\Handlers\FileHandler' driver.
INFO - 2026-03-07 09:05:51 --> Session: Class initialized using 'CodeIgniter\Session\Handlers\FileHandler' driver.
INFO - 2026-03-07 09:05:55 --> Session: Class initialized using 'CodeIgniter\Session\Handlers\FileHandler' driver.
INFO - 2026-03-07 09:05:56 --> Session: Class initialized using 'CodeIgniter\Session\Handlers\FileHandler' driver.
INFO - 2026-03-07 09:06:03 --> Session: Class initialized using 'CodeIgniter\Session\Handlers\FileHandler' driver.
INFO - 2026-03-07 09:06:14 --> Session: Class initialized using 'CodeIgniter\Session\Handlers\FileHandler' driver.
INFO - 2026-03-07 09:06:31 --> Session: Class initialized using 'CodeIgniter\Session\Handlers\FileHandler' driver.
INFO - 2026-03-07 09:06:54 --> Session: Class initialized using 'CodeIgniter\Session\Handlers\FileHandler' driver.
INFO - 2026-03-07 09:08:15 --> Session: Class initialized using 'CodeIgniter\Session\Handlers\FileHandler' driver.
INFO - 2026-03-07 09:08:56 --> Session: Class initialized using 'CodeIgniter\Session\Handlers\FileHandler' driver.
INFO - 2026-03-07 09:09:00 --> Session: Class initialized using 'CodeIgniter\Session\Handlers\FileHandler' driver.
INFO - 2026-03-07 09:09:05 --> Session: Class initialized using 'CodeIgniter\Session\Handlers\FileHandler' driver.
INFO - 2026-03-07 09:09:48 --> Session: Class initialized using 'CodeIgniter\Session\Handlers\FileHandler' driver.
INFO - 2026-03-07 09:11:07 --> Session: Class initialized using 'CodeIgniter\Session\Handlers\FileHandler' driver.
INFO - 2026-03-07 09:11:11 --> Session: Class initialized using 'CodeIgniter\Session\Handlers\FileHandler' driver.
INFO - 2026-03-07 09:11:23 --> Session: Class initialized using 'CodeIgniter\Session\Handlers\FileHandler' driver.
INFO - 2026-03-07 09:22:22 --> Session: Class initialized using 'CodeIgniter\Session\Handlers\FileHandler' driver.
INFO - 2026-03-07 09:22:53 --> Session: Class initialized using 'CodeIgniter\Session\Handlers\FileHandler' driver.
INFO - 2026-03-07 09:22:58 --> Session: Class initialized using 'CodeIgniter\Session\Handlers\FileHandler' driver.
INFO - 2026-03-07 09:23:23 --> Session: Class initialized using 'CodeIgniter\Session\Handlers\FileHandler' driver.
INFO - 2026-03-07 09:23:27 --> Session: Class initialized using 'CodeIgniter\Session\Handlers\FileHandler' driver.
INFO - 2026-03-07 09:23:38 --> Session: Class initialized using 'CodeIgniter\Session\Handlers\FileHandler' driver.
INFO - 2026-03-07 09:23:55 --> Session: Class initialized using 'CodeIgniter\Session\Handlers\FileHandler' driver.
INFO - 2026-03-07 09:24:13 --> Session: Class initialized using 'CodeIgniter\Session\Handlers\FileHandler' driver.
INFO - 2026-03-07 09:24:24 --> Session: Class initialized using 'CodeIgniter\Session\Handlers\FileHandler' driver.
INFO - 2026-03-07 09:24:30 --> Session: Class initialized using 'CodeIgniter\Session\Handlers\FileHandler' driver.
INFO - 2026-03-07 09:24:42 --> Session: Class initialized using 'CodeIgniter\Session\Handlers\FileHandler' driver.
INFO - 2026-03-07 09:24:46 --> Session: Class initialized using 'CodeIgniter\Session\Handlers\FileHandler' driver.
INFO - 2026-03-07 09:24:48 --> Session: Class initialized using 'CodeIgniter\Session\Handlers\FileHandler' driver.
INFO - 2026-03-07 09:25:43 --> Session: Class initialized using 'CodeIgniter\Session\Handlers\FileHandler' driver.
INFO - 2026-03-07 09:25:47 --> Session: Class initialized using 'CodeIgniter\Session\Handlers\FileHandler' driver.
INFO - 2026-03-07 09:25:57 --> Session: Class initialized using 'CodeIgniter\Session\Handlers\FileHandler' driver.
INFO - 2026-03-07 09:26:00 --> Session: Class initialized using 'CodeIgniter\Session\Handlers\FileHandler' driver.
INFO - 2026-03-07 09:28:11 --> Session: Class initialized using 'CodeIgniter\Session\Handlers\FileHandler' driver.
INFO - 2026-03-07 09:28:15 --> Session: Class initialized using 'CodeIgniter\Session\Handlers\FileHandler' driver.
INFO - 2026-03-07 09:28:19 --> Session: Class initialized using 'CodeIgniter\Session\Handlers\FileHandler' driver.
INFO - 2026-03-07 09:32:55 --> Session: Class initialized using 'CodeIgniter\Session\Handlers\FileHandler' driver.
CRITICAL - 2026-03-07 09:32:55 --> ErrorException: Undefined array key "name"
[Method: GET, Route: notifications/view/1]
in APPPATH\Views\notifications\view.php on line 96.
 1 APPPATH\Views\notifications\view.php(96): CodeIgniter\Debug\Exceptions->errorHandler(2, 'Undefined array key "name"', 'C:\\xampp\\htdocs\\DMS\\app\\Views\\notifications\\view.php', 96)
 2 SYSTEMPATH\View\View.php(234): include('C:\\xampp\\htdocs\\DMS\\app\\Views\\notifications\\view.php')
 3 SYSTEMPATH\View\View.php(237): CodeIgniter\View\View->CodeIgniter\View\{closure}()
 4 SYSTEMPATH\Common.php(1171): CodeIgniter\View\View->render('notifications/view', [], true)
 5 APPPATH\Controllers\Notifications.php(40): view('notifications/view', [...])
 6 SYSTEMPATH\CodeIgniter.php(933): App\Controllers\Notifications->view('1')
 7 SYSTEMPATH\CodeIgniter.php(509): CodeIgniter\CodeIgniter->runController(Object(App\Controllers\Notifications))
 8 SYSTEMPATH\CodeIgniter.php(355): CodeIgniter\CodeIgniter->handleRequest(null, Object(Config\Cache), false)
 9 SYSTEMPATH\Boot.php(325): CodeIgniter\CodeIgniter->run()
10 SYSTEMPATH\Boot.php(67): CodeIgniter\Boot::runCodeIgniter(Object(CodeIgniter\CodeIgniter))
11 FCPATH\index.php(56): CodeIgniter\Boot::bootWeb(Object(Config\Paths))
INFO - 2026-03-07 09:36:34 --> Session: Class initialized using 'CodeIgniter\Session\Handlers\FileHandler' driver.
INFO - 2026-03-07 09:37:13 --> Session: Class initialized using 'CodeIgniter\Session\Handlers\FileHandler' driver.
INFO - 2026-03-07 09:37:25 --> Session: Class initialized using 'CodeIgniter\Session\Handlers\FileHandler' driver.
INFO - 2026-03-07 09:38:05 --> Session: Class initialized using 'CodeIgniter\Session\Handlers\FileHandler' driver.
INFO - 2026-03-07 09:39:17 --> Session: Class initialized using 'CodeIgniter\Session\Handlers\FileHandler' driver.
INFO - 2026-03-07 09:39:37 --> Session: Class initialized using 'CodeIgniter\Session\Handlers\FileHandler' driver.
INFO - 2026-03-07 09:39:37 --> replaceApprovalInfo: Starting for document ID: 1
INFO - 2026-03-07 09:39:37 --> replaceApprovalInfo: Approval table found
INFO - 2026-03-07 09:39:37 --> replaceApprovalInfo: Reviewer ID: 5, Approver ID: 6
INFO - 2026-03-07 09:39:37 --> replaceApprovalInfo: Processing reviewer ID: 5
INFO - 2026-03-07 09:39:37 --> replaceApprovalInfo: Reviewer found - Name: Rita, Sign: present
INFO - 2026-03-07 09:39:37 --> replaceApprovalInfo: Reviewer designation: QA Reviwer
INFO - 2026-03-07 09:39:37 --> replaceApprovalInfo: Found existing reviewed-by-name span, updating content
INFO - 2026-03-07 09:39:37 --> replaceApprovalInfo: Successfully replaced reviewer name
INFO - 2026-03-07 09:39:37 --> replaceApprovalInfo: Found existing reviewed-by-designation span, updating content
INFO - 2026-03-07 09:39:37 --> replaceApprovalInfo: Successfully replaced reviewer designation
INFO - 2026-03-07 09:39:37 --> replaceApprovalInfo: Found existing reviewed-by-sign span, updating content
INFO - 2026-03-07 09:39:37 --> replaceApprovalInfo: Successfully replaced reviewer signature
INFO - 2026-03-07 09:39:37 --> replaceApprovalInfo: Processing approver ID: 6
INFO - 2026-03-07 09:39:37 --> replaceApprovalInfo: Approver found - Name: Apurva, Sign: present
INFO - 2026-03-07 09:39:37 --> replaceApprovalInfo: Approver designation: QA Approver
INFO - 2026-03-07 09:39:37 --> replaceApprovalInfo: Found existing approved-by-name span, updating content
INFO - 2026-03-07 09:39:37 --> replaceApprovalInfo: Successfully replaced approver name
INFO - 2026-03-07 09:39:37 --> replaceApprovalInfo: Found existing approved-by-designation span, updating content
INFO - 2026-03-07 09:39:37 --> replaceApprovalInfo: Successfully replaced approver designation
INFO - 2026-03-07 09:39:37 --> replaceApprovalInfo: Found existing approved-by-sign span, updating content
INFO - 2026-03-07 09:39:37 --> replaceApprovalInfo: Successfully replaced approver signature
INFO - 2026-03-07 09:39:37 --> replaceApprovalInfo: Completed processing for document ID: 1
INFO - 2026-03-07 09:39:51 --> Session: Class initialized using 'CodeIgniter\Session\Handlers\FileHandler' driver.
INFO - 2026-03-07 09:40:52 --> Session: Class initialized using 'CodeIgniter\Session\Handlers\FileHandler' driver.
INFO - 2026-03-07 09:40:52 --> replaceApprovalInfo: Starting for document ID: 5
INFO - 2026-03-07 09:40:52 --> replaceApprovalInfo: No approval table found in content
INFO - 2026-03-07 09:40:56 --> Session: Class initialized using 'CodeIgniter\Session\Handlers\FileHandler' driver.
INFO - 2026-03-07 09:41:21 --> Session: Class initialized using 'CodeIgniter\Session\Handlers\FileHandler' driver.
INFO - 2026-03-07 09:42:34 --> Session: Class initialized using 'CodeIgniter\Session\Handlers\FileHandler' driver.
INFO - 2026-03-07 09:42:38 --> Session: Class initialized using 'CodeIgniter\Session\Handlers\FileHandler' driver.
INFO - 2026-03-07 09:42:38 --> replaceApprovalInfo: Starting for document ID: 5
INFO - 2026-03-07 09:42:38 --> replaceApprovalInfo: No approval table found in content
INFO - 2026-03-07 09:42:38 --> Session: Class initialized using 'CodeIgniter\Session\Handlers\FileHandler' driver.
INFO - 2026-03-07 10:06:14 --> Session: Class initialized using 'CodeIgniter\Session\Handlers\FileHandler' driver.
INFO - 2026-03-07 10:06:14 --> replaceApprovalInfo: Starting for document ID: 5
INFO - 2026-03-07 10:06:14 --> replaceApprovalInfo: No approval table found in content
INFO - 2026-03-07 10:06:16 --> Session: Class initialized using 'CodeIgniter\Session\Handlers\FileHandler' driver.
INFO - 2026-03-07 10:06:35 --> Session: Class initialized using 'CodeIgniter\Session\Handlers\FileHandler' driver.
INFO - 2026-03-07 10:06:35 --> Session: Class initialized using 'CodeIgniter\Session\Handlers\FileHandler' driver.
INFO - 2026-03-07 10:06:38 --> Session: Class initialized using 'CodeIgniter\Session\Handlers\FileHandler' driver.
INFO - 2026-03-07 10:06:38 --> replaceApprovalInfo: Starting for document ID: 5
INFO - 2026-03-07 10:06:38 --> replaceApprovalInfo: No approval table found in content
INFO - 2026-03-07 10:06:44 --> Session: Class initialized using 'CodeIgniter\Session\Handlers\FileHandler' driver.
INFO - 2026-03-07 10:06:44 --> replaceApprovalInfo: Starting for document ID: 5
INFO - 2026-03-07 10:06:44 --> replaceApprovalInfo: No approval table found in content
INFO - 2026-03-07 10:06:44 --> Session: Class initialized using 'CodeIgniter\Session\Handlers\FileHandler' driver.
INFO - 2026-03-07 10:08:12 --> Session: Class initialized using 'CodeIgniter\Session\Handlers\FileHandler' driver.
INFO - 2026-03-07 10:08:12 --> replaceApprovalInfo: Starting for document ID: 5
INFO - 2026-03-07 10:08:12 --> replaceApprovalInfo: No approval table found in content
INFO - 2026-03-07 10:08:13 --> Session: Class initialized using 'CodeIgniter\Session\Handlers\FileHandler' driver.
INFO - 2026-03-07 10:08:26 --> Session: Class initialized using 'CodeIgniter\Session\Handlers\FileHandler' driver.
INFO - 2026-03-07 10:08:27 --> Session: Class initialized using 'CodeIgniter\Session\Handlers\FileHandler' driver.
INFO - 2026-03-07 10:08:29 --> Session: Class initialized using 'CodeIgniter\Session\Handlers\FileHandler' driver.
INFO - 2026-03-07 10:08:29 --> replaceApprovalInfo: Starting for document ID: 5
INFO - 2026-03-07 10:08:29 --> replaceApprovalInfo: No approval table found in content
INFO - 2026-03-07 10:08:33 --> Session: Class initialized using 'CodeIgniter\Session\Handlers\FileHandler' driver.
INFO - 2026-03-07 10:08:33 --> replaceApprovalInfo: Starting for document ID: 5
INFO - 2026-03-07 10:08:33 --> replaceApprovalInfo: No approval table found in content
INFO - 2026-03-07 10:08:34 --> Session: Class initialized using 'CodeIgniter\Session\Handlers\FileHandler' driver.
INFO - 2026-03-07 10:10:25 --> Session: Class initialized using 'CodeIgniter\Session\Handlers\FileHandler' driver.
INFO - 2026-03-07 10:10:25 --> replaceApprovalInfo: Starting for document ID: 5
INFO - 2026-03-07 10:10:25 --> replaceApprovalInfo: No approval table found in content
INFO - 2026-03-07 10:10:26 --> Session: Class initialized using 'CodeIgniter\Session\Handlers\FileHandler' driver.
INFO - 2026-03-07 10:10:36 --> Session: Class initialized using 'CodeIgniter\Session\Handlers\FileHandler' driver.
INFO - 2026-03-07 10:10:36 --> Session: Class initialized using 'CodeIgniter\Session\Handlers\FileHandler' driver.
INFO - 2026-03-07 10:10:39 --> Session: Class initialized using 'CodeIgniter\Session\Handlers\FileHandler' driver.
INFO - 2026-03-07 10:10:39 --> replaceApprovalInfo: Starting for document ID: 5
INFO - 2026-03-07 10:10:39 --> replaceApprovalInfo: No approval table found in content
INFO - 2026-03-07 10:10:40 --> Session: Class initialized using 'CodeIgniter\Session\Handlers\FileHandler' driver.
INFO - 2026-03-07 10:10:53 --> Session: Class initialized using 'CodeIgniter\Session\Handlers\FileHandler' driver.
INFO - 2026-03-07 10:10:58 --> Session: Class initialized using 'CodeIgniter\Session\Handlers\FileHandler' driver.
INFO - 2026-03-07 10:10:58 --> Session: Class initialized using 'CodeIgniter\Session\Handlers\FileHandler' driver.
INFO - 2026-03-07 10:11:09 --> Session: Class initialized using 'CodeIgniter\Session\Handlers\FileHandler' driver.
INFO - 2026-03-07 10:11:13 --> Session: Class initialized using 'CodeIgniter\Session\Handlers\FileHandler' driver.
INFO - 2026-03-07 10:11:15 --> Session: Class initialized using 'CodeIgniter\Session\Handlers\FileHandler' driver.
INFO - 2026-03-07 10:11:17 --> Session: Class initialized using 'CodeIgniter\Session\Handlers\FileHandler' driver.
INFO - 2026-03-07 10:11:19 --> Session: Class initialized using 'CodeIgniter\Session\Handlers\FileHandler' driver.
INFO - 2026-03-07 10:11:25 --> Session: Class initialized using 'CodeIgniter\Session\Handlers\FileHandler' driver.
INFO - 2026-03-07 10:11:31 --> Session: Class initialized using 'CodeIgniter\Session\Handlers\FileHandler' driver.
INFO - 2026-03-07 10:11:33 --> Session: Class initialized using 'CodeIgniter\Session\Handlers\FileHandler' driver.
INFO - 2026-03-07 10:11:37 --> Session: Class initialized using 'CodeIgniter\Session\Handlers\FileHandler' driver.
INFO - 2026-03-07 10:11:38 --> Session: Class initialized using 'CodeIgniter\Session\Handlers\FileHandler' driver.
INFO - 2026-03-07 10:11:43 --> Session: Class initialized using 'CodeIgniter\Session\Handlers\FileHandler' driver.
INFO - 2026-03-07 10:11:43 --> replaceApprovalInfo: Starting for document ID: 5
INFO - 2026-03-07 10:11:43 --> replaceApprovalInfo: No approval table found in content
INFO - 2026-03-07 10:11:46 --> Session: Class initialized using 'CodeIgniter\Session\Handlers\FileHandler' driver.
INFO - 2026-03-07 10:17:51 --> Session: Class initialized using 'CodeIgniter\Session\Handlers\FileHandler' driver.
INFO - 2026-03-07 10:17:52 --> replaceApprovalInfo: Starting for document ID: 5
INFO - 2026-03-07 10:17:52 --> replaceApprovalInfo: No approval table found in content
INFO - 2026-03-07 10:17:53 --> Session: Class initialized using 'CodeIgniter\Session\Handlers\FileHandler' driver.
INFO - 2026-03-07 10:36:12 --> Session: Class initialized using 'CodeIgniter\Session\Handlers\FileHandler' driver.
INFO - 2026-03-07 10:36:13 --> replaceApprovalInfo: Starting for document ID: 5
INFO - 2026-03-07 10:36:13 --> replaceApprovalInfo: No approval table found in content
INFO - 2026-03-07 10:36:15 --> Session: Class initialized using 'CodeIgniter\Session\Handlers\FileHandler' driver.
INFO - 2026-03-07 10:36:27 --> Session: Class initialized using 'CodeIgniter\Session\Handlers\FileHandler' driver.
ERROR - 2026-03-07 10:36:28 --> mysqli_sql_exception: Table 'dms_management.document_attachments' doesn't exist in C:\xampp\htdocs\DMS\system\Database\MySQLi\Connection.php:312
Stack trace:
#0 C:\xampp\htdocs\DMS\system\Database\MySQLi\Connection.php(312): mysqli->query('INSERT INTO `do...', 0)
#1 C:\xampp\htdocs\DMS\system\Database\BaseConnection.php(734): CodeIgniter\Database\MySQLi\Connection->execute('INSERT INTO `do...')
#2 C:\xampp\htdocs\DMS\system\Database\BaseConnection.php(648): CodeIgniter\Database\BaseConnection->simpleQuery('INSERT INTO `do...')
#3 C:\xampp\htdocs\DMS\system\Database\BaseBuilder.php(2340): CodeIgniter\Database\BaseConnection->query('INSERT INTO `do...', Array, false)
#4 C:\xampp\htdocs\DMS\system\Model.php(394): CodeIgniter\Database\BaseBuilder->insert()
#5 C:\xampp\htdocs\DMS\system\BaseModel.php(840): CodeIgniter\Model->doInsert(Array)
#6 C:\xampp\htdocs\DMS\system\Model.php(802): CodeIgniter\BaseModel->insert(Array, true)
#7 C:\xampp\htdocs\DMS\app\Models\DocumentAttachment.php(29): CodeIgniter\Model->insert(Array)
#8 C:\xampp\htdocs\DMS\app\Controllers\Documents.php(1051): App\Models\DocumentAttachment->addAttachment('5', 'eflco.png', 'uploads/documen...', 1265032, 'image/png', '1')
#9 C:\xampp\htdocs\DMS\system\CodeIgniter.php(933): App\Controllers\Documents->update('5')
#10 C:\xampp\htdocs\DMS\system\CodeIgniter.php(509): CodeIgniter\CodeIgniter->runController(Object(App\Controllers\Documents))
#11 C:\xampp\htdocs\DMS\system\CodeIgniter.php(355): CodeIgniter\CodeIgniter->handleRequest(NULL, Object(Config\Cache), false)
#12 C:\xampp\htdocs\DMS\system\Boot.php(325): CodeIgniter\CodeIgniter->run()
#13 C:\xampp\htdocs\DMS\system\Boot.php(67): CodeIgniter\Boot::runCodeIgniter(Object(CodeIgniter\CodeIgniter))
#14 C:\xampp\htdocs\DMS\public\index.php(56): CodeIgniter\Boot::bootWeb(Object(Config\Paths))
#15 {main}
CRITICAL - 2026-03-07 10:36:28 --> CodeIgniter\Database\Exceptions\DatabaseException: Table 'dms_management.document_attachments' doesn't exist
[Method: POST, Route: documents/update/5]
in SYSTEMPATH\Database\BaseConnection.php on line 688.
 1 SYSTEMPATH\Database\BaseBuilder.php(2340): CodeIgniter\Database\BaseConnection->query('INSERT INTO `document_attachments` (`document_id`, `file_name`, `file_path`, `file_size`, `file_type`, `uploaded_by`, `created_at`, `updated_at`) VALUES (:document_id:, :file_name:, :file_path:, :file_size:, :file_type:, :uploaded_by:, :created_at:, :updated_at:)', [...], false)
 2 SYSTEMPATH\Model.php(394): CodeIgniter\Database\BaseBuilder->insert()
 3 SYSTEMPATH\BaseModel.php(840): CodeIgniter\Model->doInsert([...])
 4 SYSTEMPATH\Model.php(802): CodeIgniter\BaseModel->insert([...], true)
 5 APPPATH\Models\DocumentAttachment.php(29): CodeIgniter\Model->insert([...])
 6 APPPATH\Controllers\Documents.php(1051): App\Models\DocumentAttachment->addAttachment('5', 'eflco.png', 'uploads/documents/attachments/5/1772879788_a8b967b7bb78c56109b5.png', 1265032, 'image/png', '1')
 7 SYSTEMPATH\CodeIgniter.php(933): App\Controllers\Documents->update('5')
 8 SYSTEMPATH\CodeIgniter.php(509): CodeIgniter\CodeIgniter->runController(Object(App\Controllers\Documents))
 9 SYSTEMPATH\CodeIgniter.php(355): CodeIgniter\CodeIgniter->handleRequest(null, Object(Config\Cache), false)
10 SYSTEMPATH\Boot.php(325): CodeIgniter\CodeIgniter->run()
11 SYSTEMPATH\Boot.php(67): CodeIgniter\Boot::runCodeIgniter(Object(CodeIgniter\CodeIgniter))
12 FCPATH\index.php(56): CodeIgniter\Boot::bootWeb(Object(Config\Paths))
CRITICAL - 2026-03-07 10:36:28 --> [Caused by] CodeIgniter\Database\Exceptions\DatabaseException: Table 'dms_management.document_attachments' doesn't exist
in SYSTEMPATH\Database\MySQLi\Connection.php on line 317.
 1 SYSTEMPATH\Database\BaseConnection.php(734): CodeIgniter\Database\MySQLi\Connection->execute('INSERT INTO `document_attachments` (`document_id`, `file_name`, `file_path`, `file_size`, `file_type`, `uploaded_by`, `created_at`, `updated_at`) VALUES (\'5\', \'eflco.png\', \'uploads/documents/attachments/5/1772879788_a8b967b7bb78c56109b5.png\', 1265032, \'image/png\', \'1\', \'2026-03-07 10:36:28\', \'2026-03-07 10:36:28\')')
 2 SYSTEMPATH\Database\BaseConnection.php(648): CodeIgniter\Database\BaseConnection->simpleQuery('INSERT INTO `document_attachments` (`document_id`, `file_name`, `file_path`, `file_size`, `file_type`, `uploaded_by`, `created_at`, `updated_at`) VALUES (\'5\', \'eflco.png\', \'uploads/documents/attachments/5/1772879788_a8b967b7bb78c56109b5.png\', 1265032, \'image/png\', \'1\', \'2026-03-07 10:36:28\', \'2026-03-07 10:36:28\')')
 3 SYSTEMPATH\Database\BaseBuilder.php(2340): CodeIgniter\Database\BaseConnection->query('INSERT INTO `document_attachments` (`document_id`, `file_name`, `file_path`, `file_size`, `file_type`, `uploaded_by`, `created_at`, `updated_at`) VALUES (:document_id:, :file_name:, :file_path:, :file_size:, :file_type:, :uploaded_by:, :created_at:, :updated_at:)', [...], false)
 4 SYSTEMPATH\Model.php(394): CodeIgniter\Database\BaseBuilder->insert()
 5 SYSTEMPATH\BaseModel.php(840): CodeIgniter\Model->doInsert([...])
 6 SYSTEMPATH\Model.php(802): CodeIgniter\BaseModel->insert([...], true)
 7 APPPATH\Models\DocumentAttachment.php(29): CodeIgniter\Model->insert([...])
 8 APPPATH\Controllers\Documents.php(1051): App\Models\DocumentAttachment->addAttachment('5', 'eflco.png', 'uploads/documents/attachments/5/1772879788_a8b967b7bb78c56109b5.png', 1265032, 'image/png', '1')
 9 SYSTEMPATH\CodeIgniter.php(933): App\Controllers\Documents->update('5')
10 SYSTEMPATH\CodeIgniter.php(509): CodeIgniter\CodeIgniter->runController(Object(App\Controllers\Documents))
11 SYSTEMPATH\CodeIgniter.php(355): CodeIgniter\CodeIgniter->handleRequest(null, Object(Config\Cache), false)
12 SYSTEMPATH\Boot.php(325): CodeIgniter\CodeIgniter->run()
13 SYSTEMPATH\Boot.php(67): CodeIgniter\Boot::runCodeIgniter(Object(CodeIgniter\CodeIgniter))
14 FCPATH\index.php(56): CodeIgniter\Boot::bootWeb(Object(Config\Paths))
CRITICAL - 2026-03-07 10:36:28 --> [Caused by] mysqli_sql_exception: Table 'dms_management.document_attachments' doesn't exist
in SYSTEMPATH\Database\MySQLi\Connection.php on line 312.
 1 SYSTEMPATH\Database\MySQLi\Connection.php(312): mysqli->query('INSERT INTO `document_attachments` (`document_id`, `file_name`, `file_path`, `file_size`, `file_type`, `uploaded_by`, `created_at`, `updated_at`) VALUES (\'5\', \'eflco.png\', \'uploads/documents/attachments/5/1772879788_a8b967b7bb78c56109b5.png\', 1265032, \'image/png\', \'1\', \'2026-03-07 10:36:28\', \'2026-03-07 10:36:28\')', 0)
 2 SYSTEMPATH\Database\BaseConnection.php(734): CodeIgniter\Database\MySQLi\Connection->execute('INSERT INTO `document_attachments` (`document_id`, `file_name`, `file_path`, `file_size`, `file_type`, `uploaded_by`, `created_at`, `updated_at`) VALUES (\'5\', \'eflco.png\', \'uploads/documents/attachments/5/1772879788_a8b967b7bb78c56109b5.png\', 1265032, \'image/png\', \'1\', \'2026-03-07 10:36:28\', \'2026-03-07 10:36:28\')')
 3 SYSTEMPATH\Database\BaseConnection.php(648): CodeIgniter\Database\BaseConnection->simpleQuery('INSERT INTO `document_attachments` (`document_id`, `file_name`, `file_path`, `file_size`, `file_type`, `uploaded_by`, `created_at`, `updated_at`) VALUES (\'5\', \'eflco.png\', \'uploads/documents/attachments/5/1772879788_a8b967b7bb78c56109b5.png\', 1265032, \'image/png\', \'1\', \'2026-03-07 10:36:28\', \'2026-03-07 10:36:28\')')
 4 SYSTEMPATH\Database\BaseBuilder.php(2340): CodeIgniter\Database\BaseConnection->query('INSERT INTO `document_attachments` (`document_id`, `file_name`, `file_path`, `file_size`, `file_type`, `uploaded_by`, `created_at`, `updated_at`) VALUES (:document_id:, :file_name:, :file_path:, :file_size:, :file_type:, :uploaded_by:, :created_at:, :updated_at:)', [...], false)
 5 SYSTEMPATH\Model.php(394): CodeIgniter\Database\BaseBuilder->insert()
 6 SYSTEMPATH\BaseModel.php(840): CodeIgniter\Model->doInsert([...])
 7 SYSTEMPATH\Model.php(802): CodeIgniter\BaseModel->insert([...], true)
 8 APPPATH\Models\DocumentAttachment.php(29): CodeIgniter\Model->insert([...])
 9 APPPATH\Controllers\Documents.php(1051): App\Models\DocumentAttachment->addAttachment('5', 'eflco.png', 'uploads/documents/attachments/5/1772879788_a8b967b7bb78c56109b5.png', 1265032, 'image/png', '1')
10 SYSTEMPATH\CodeIgniter.php(933): App\Controllers\Documents->update('5')
11 SYSTEMPATH\CodeIgniter.php(509): CodeIgniter\CodeIgniter->runController(Object(App\Controllers\Documents))
12 SYSTEMPATH\CodeIgniter.php(355): CodeIgniter\CodeIgniter->handleRequest(null, Object(Config\Cache), false)
13 SYSTEMPATH\Boot.php(325): CodeIgniter\CodeIgniter->run()
14 SYSTEMPATH\Boot.php(67): CodeIgniter\Boot::runCodeIgniter(Object(CodeIgniter\CodeIgniter))
15 FCPATH\index.php(56): CodeIgniter\Boot::bootWeb(Object(Config\Paths))
INFO - 2026-03-07 10:37:25 --> Session: Class initialized using 'CodeIgniter\Session\Handlers\FileHandler' driver.
INFO - 2026-03-07 10:37:26 --> Session: Class initialized using 'CodeIgniter\Session\Handlers\FileHandler' driver.
INFO - 2026-03-07 10:37:30 --> Session: Class initialized using 'CodeIgniter\Session\Handlers\FileHandler' driver.
INFO - 2026-03-07 10:37:30 --> replaceApprovalInfo: Starting for document ID: 5
INFO - 2026-03-07 10:37:30 --> replaceApprovalInfo: No approval table found in content
INFO - 2026-03-07 10:37:36 --> Session: Class initialized using 'CodeIgniter\Session\Handlers\FileHandler' driver.
INFO - 2026-03-07 10:37:36 --> replaceApprovalInfo: Starting for document ID: 5
INFO - 2026-03-07 10:37:36 --> replaceApprovalInfo: No approval table found in content
INFO - 2026-03-07 10:37:37 --> Session: Class initialized using 'CodeIgniter\Session\Handlers\FileHandler' driver.
INFO - 2026-03-07 10:37:47 --> Session: Class initialized using 'CodeIgniter\Session\Handlers\FileHandler' driver.
INFO - 2026-03-07 10:37:47 --> Session: Class initialized using 'CodeIgniter\Session\Handlers\FileHandler' driver.
INFO - 2026-03-07 10:37:50 --> Session: Class initialized using 'CodeIgniter\Session\Handlers\FileHandler' driver.
INFO - 2026-03-07 10:37:50 --> replaceApprovalInfo: Starting for document ID: 5
INFO - 2026-03-07 10:37:50 --> replaceApprovalInfo: No approval table found in content
INFO - 2026-03-07 10:46:18 --> Session: Class initialized using 'CodeIgniter\Session\Handlers\FileHandler' driver.
INFO - 2026-03-07 10:46:19 --> replaceApprovalInfo: Starting for document ID: 5
INFO - 2026-03-07 10:46:19 --> replaceApprovalInfo: No approval table found in content
INFO - 2026-03-07 10:46:35 --> Session: Class initialized using 'CodeIgniter\Session\Handlers\FileHandler' driver.
INFO - 2026-03-07 10:46:35 --> replaceApprovalInfo: Starting for document ID: 5
INFO - 2026-03-07 10:46:35 --> replaceApprovalInfo: No approval table found in content
INFO - 2026-03-07 10:57:07 --> Session: Class initialized using 'CodeIgniter\Session\Handlers\FileHandler' driver.
INFO - 2026-03-07 10:57:39 --> Session: Class initialized using 'CodeIgniter\Session\Handlers\FileHandler' driver.
INFO - 2026-03-07 10:57:41 --> Session: Class initialized using 'CodeIgniter\Session\Handlers\FileHandler' driver.
INFO - 2026-03-07 10:57:44 --> Session: Class initialized using 'CodeIgniter\Session\Handlers\FileHandler' driver.
INFO - 2026-03-07 10:57:46 --> Session: Class initialized using 'CodeIgniter\Session\Handlers\FileHandler' driver.
INFO - 2026-03-07 11:15:51 --> Session: Class initialized using 'CodeIgniter\Session\Handlers\FileHandler' driver.
INFO - 2026-03-07 11:15:54 --> Session: Class initialized using 'CodeIgniter\Session\Handlers\FileHandler' driver.
INFO - 2026-03-07 11:16:00 --> Session: Class initialized using 'CodeIgniter\Session\Handlers\FileHandler' driver.
INFO - 2026-03-07 11:16:03 --> Session: Class initialized using 'CodeIgniter\Session\Handlers\FileHandler' driver.
INFO - 2026-03-07 11:16:03 --> replaceApprovalInfo: Starting for document ID: 5
INFO - 2026-03-07 11:16:03 --> replaceApprovalInfo: No approval table found in content
INFO - 2026-03-07 11:25:11 --> Session: Class initialized using 'CodeIgniter\Session\Handlers\FileHandler' driver.
INFO - 2026-03-07 11:25:14 --> Session: Class initialized using 'CodeIgniter\Session\Handlers\FileHandler' driver.
INFO - 2026-03-07 11:25:14 --> replaceApprovalInfo: Starting for document ID: 5
INFO - 2026-03-07 11:25:14 --> replaceApprovalInfo: No approval table found in content
INFO - 2026-03-07 11:25:16 --> Session: Class initialized using 'CodeIgniter\Session\Handlers\FileHandler' driver.
INFO - 2026-03-07 11:47:46 --> Session: Class initialized using 'CodeIgniter\Session\Handlers\FileHandler' driver.
INFO - 2026-03-07 11:47:46 --> replaceApprovalInfo: Starting for document ID: 5
INFO - 2026-03-07 11:47:46 --> replaceApprovalInfo: No approval table found in content
INFO - 2026-03-07 11:47:47 --> Session: Class initialized using 'CodeIgniter\Session\Handlers\FileHandler' driver.
INFO - 2026-03-07 11:47:55 --> Session: Class initialized using 'CodeIgniter\Session\Handlers\FileHandler' driver.
INFO - 2026-03-07 11:48:33 --> Session: Class initialized using 'CodeIgniter\Session\Handlers\FileHandler' driver.
INFO - 2026-03-07 11:48:33 --> replaceApprovalInfo: Starting for document ID: 5
INFO - 2026-03-07 11:48:33 --> replaceApprovalInfo: No approval table found in content
INFO - 2026-03-07 11:48:45 --> Session: Class initialized using 'CodeIgniter\Session\Handlers\FileHandler' driver.
INFO - 2026-03-07 11:48:45 --> replaceApprovalInfo: Starting for document ID: 5
INFO - 2026-03-07 11:48:45 --> replaceApprovalInfo: No approval table found in content
INFO - 2026-03-07 12:00:56 --> Session: Class initialized using 'CodeIgniter\Session\Handlers\FileHandler' driver.
INFO - 2026-03-07 12:00:56 --> replaceApprovalInfo: Starting for document ID: 5
INFO - 2026-03-07 12:00:56 --> replaceApprovalInfo: No approval table found in content
INFO - 2026-03-07 12:02:05 --> Session: Class initialized using 'CodeIgniter\Session\Handlers\FileHandler' driver.
INFO - 2026-03-07 12:02:05 --> replaceApprovalInfo: Starting for document ID: 5
INFO - 2026-03-07 12:02:05 --> replaceApprovalInfo: No approval table found in content
INFO - 2026-03-07 12:03:17 --> Session: Class initialized using 'CodeIgniter\Session\Handlers\FileHandler' driver.
INFO - 2026-03-07 12:03:17 --> replaceApprovalInfo: Starting for document ID: 5
INFO - 2026-03-07 12:03:17 --> replaceApprovalInfo: No approval table found in content
INFO - 2026-03-07 12:10:02 --> Session: Class initialized using 'CodeIgniter\Session\Handlers\FileHandler' driver.
INFO - 2026-03-07 12:10:03 --> replaceApprovalInfo: Starting for document ID: 5
INFO - 2026-03-07 12:10:03 --> replaceApprovalInfo: No approval table found in content
INFO - 2026-03-07 12:10:07 --> Session: Class initialized using 'CodeIgniter\Session\Handlers\FileHandler' driver.
INFO - 2026-03-07 12:10:07 --> replaceApprovalInfo: Starting for document ID: 5
INFO - 2026-03-07 12:10:07 --> replaceApprovalInfo: No approval table found in content
INFO - 2026-03-07 12:14:47 --> Session: Class initialized using 'CodeIgniter\Session\Handlers\FileHandler' driver.
INFO - 2026-03-07 12:14:47 --> replaceApprovalInfo: Starting for document ID: 5
INFO - 2026-03-07 12:14:47 --> replaceApprovalInfo: No approval table found in content
INFO - 2026-03-07 12:16:42 --> Session: Class initialized using 'CodeIgniter\Session\Handlers\FileHandler' driver.
INFO - 2026-03-07 12:16:42 --> replaceApprovalInfo: Starting for document ID: 5
INFO - 2026-03-07 12:16:42 --> replaceApprovalInfo: No approval table found in content
INFO - 2026-03-07 12:46:18 --> Session: Class initialized using 'CodeIgniter\Session\Handlers\FileHandler' driver.
ERROR - 2026-03-07 12:46:18 --> Error connecting to the database: mysqli_sql_exception: Access denied for user 'database_testuser'@'localhost' (using password: YES) in C:\xampp\htdocs\DMS\system\Database\MySQLi\Connection.php:186
Stack trace:
#0 C:\xampp\htdocs\DMS\system\Database\MySQLi\Connection.php(186): mysqli->real_connect('localhost', 'database_testus...', Object(SensitiveParameterValue), 'dms_management', 3306, '', 0)
#1 C:\xampp\htdocs\DMS\system\Database\BaseConnection.php(421): CodeIgniter\Database\MySQLi\Connection->connect(false)
#2 C:\xampp\htdocs\DMS\system\Database\BaseConnection.php(616): CodeIgniter\Database\BaseConnection->initialize()
#3 C:\xampp\htdocs\DMS\system\Database\BaseBuilder.php(1644): CodeIgniter\Database\BaseConnection->query('SELECT `documen...', Array, false)
#4 C:\xampp\htdocs\DMS\system\Model.php(330): CodeIgniter\Database\BaseBuilder->get()
#5 C:\xampp\htdocs\DMS\system\BaseModel.php(714): CodeIgniter\Model->doFirst()
#6 C:\xampp\htdocs\DMS\app\Models\Document.php(61): CodeIgniter\BaseModel->first()
#7 C:\xampp\htdocs\DMS\app\Controllers\Documents.php(186): App\Models\Document->getDocumentById('5')
#8 C:\xampp\htdocs\DMS\system\CodeIgniter.php(933): App\Controllers\Documents->view('5')
#9 C:\xampp\htdocs\DMS\system\CodeIgniter.php(509): CodeIgniter\CodeIgniter->runController(Object(App\Controllers\Documents))
#10 C:\xampp\htdocs\DMS\system\CodeIgniter.php(355): CodeIgniter\CodeIgniter->handleRequest(NULL, Object(Config\Cache), false)
#11 C:\xampp\htdocs\DMS\system\Boot.php(325): CodeIgniter\CodeIgniter->run()
#12 C:\xampp\htdocs\DMS\system\Boot.php(67): CodeIgniter\Boot::runCodeIgniter(Object(CodeIgniter\CodeIgniter))
#13 C:\xampp\htdocs\DMS\public\index.php(56): CodeIgniter\Boot::bootWeb(Object(Config\Paths))
#14 {main}

Next CodeIgniter\Database\Exceptions\DatabaseException: Access denied for user '****'@'localhost' (using password: YES) in C:\xampp\htdocs\DMS\system\Database\MySQLi\Connection.php:231
Stack trace:
#0 C:\xampp\htdocs\DMS\system\Database\BaseConnection.php(421): CodeIgniter\Database\MySQLi\Connection->connect(false)
#1 C:\xampp\htdocs\DMS\system\Database\BaseConnection.php(616): CodeIgniter\Database\BaseConnection->initialize()
#2 C:\xampp\htdocs\DMS\system\Database\BaseBuilder.php(1644): CodeIgniter\Database\BaseConnection->query('SELECT `documen...', Array, false)
#3 C:\xampp\htdocs\DMS\system\Model.php(330): CodeIgniter\Database\BaseBuilder->get()
#4 C:\xampp\htdocs\DMS\system\BaseModel.php(714): CodeIgniter\Model->doFirst()
#5 C:\xampp\htdocs\DMS\app\Models\Document.php(61): CodeIgniter\BaseModel->first()
#6 C:\xampp\htdocs\DMS\app\Controllers\Documents.php(186): App\Models\Document->getDocumentById('5')
#7 C:\xampp\htdocs\DMS\system\CodeIgniter.php(933): App\Controllers\Documents->view('5')
#8 C:\xampp\htdocs\DMS\system\CodeIgniter.php(509): CodeIgniter\CodeIgniter->runController(Object(App\Controllers\Documents))
#9 C:\xampp\htdocs\DMS\system\CodeIgniter.php(355): CodeIgniter\CodeIgniter->handleRequest(NULL, Object(Config\Cache), false)
#10 C:\xampp\htdocs\DMS\system\Boot.php(325): CodeIgniter\CodeIgniter->run()
#11 C:\xampp\htdocs\DMS\system\Boot.php(67): CodeIgniter\Boot::runCodeIgniter(Object(CodeIgniter\CodeIgniter))
#12 C:\xampp\htdocs\DMS\public\index.php(56): CodeIgniter\Boot::bootWeb(Object(Config\Paths))
#13 {main}
CRITICAL - 2026-03-07 12:46:18 --> CodeIgniter\Database\Exceptions\DatabaseException: Unable to connect to the database.
Main connection [MySQLi]: Access denied for user '****'@'localhost' (using password: YES)
[Method: GET, Route: documents/view/5]
in SYSTEMPATH\Database\BaseConnection.php on line 467.
 1 SYSTEMPATH\Database\BaseConnection.php(616): CodeIgniter\Database\BaseConnection->initialize()
 2 SYSTEMPATH\Database\BaseBuilder.php(1644): CodeIgniter\Database\BaseConnection->query('SELECT `documents`.*, `document_types`.`name` as `type_name`, `departments`.`name` as `department_name`, `users`.`name` as `created_by_name`, `reviewer`.`name` as `reviewer_name`, `approver`.`name` as `approver_name`
FROM `documents`
LEFT JOIN `document_types` ON `document_types`.`id` = `documents`.`type_id`
LEFT JOIN `departments` ON `departments`.`id` = `documents`.`department_id`
LEFT JOIN `users` ON `users`.`id` = `documents`.`created_by`
LEFT JOIN `users` as `reviewer` ON `reviewer`.`id` = `documents`.`reviewer_id`
LEFT JOIN `users` as `approver` ON `approver`.`id` = `documents`.`approver_id`
WHERE `documents`.`id` = :documents.id:
 LIMIT 1', [...], false)
 3 SYSTEMPATH\Model.php(330): CodeIgniter\Database\BaseBuilder->get()
 4 SYSTEMPATH\BaseModel.php(714): CodeIgniter\Model->doFirst()
 5 APPPATH\Models\Document.php(61): CodeIgniter\BaseModel->first()
 6 APPPATH\Controllers\Documents.php(186): App\Models\Document->getDocumentById('5')
 7 SYSTEMPATH\CodeIgniter.php(933): App\Controllers\Documents->view('5')
 8 SYSTEMPATH\CodeIgniter.php(509): CodeIgniter\CodeIgniter->runController(Object(App\Controllers\Documents))
 9 SYSTEMPATH\CodeIgniter.php(355): CodeIgniter\CodeIgniter->handleRequest(null, Object(Config\Cache), false)
10 SYSTEMPATH\Boot.php(325): CodeIgniter\CodeIgniter->run()
11 SYSTEMPATH\Boot.php(67): CodeIgniter\Boot::runCodeIgniter(Object(CodeIgniter\CodeIgniter))
12 FCPATH\index.php(56): CodeIgniter\Boot::bootWeb(Object(Config\Paths))
INFO - 2026-03-07 12:46:33 --> Session: Class initialized using 'CodeIgniter\Session\Handlers\FileHandler' driver.
INFO - 2026-03-07 12:46:33 --> replaceApprovalInfo: Starting for document ID: 5
INFO - 2026-03-07 12:46:33 --> replaceApprovalInfo: No approval table found in content
INFO - 2026-03-07 12:48:23 --> Session: Class initialized using 'CodeIgniter\Session\Handlers\FileHandler' driver.
INFO - 2026-03-07 12:48:23 --> replaceApprovalInfo: Starting for document ID: 5
INFO - 2026-03-07 12:48:23 --> replaceApprovalInfo: No approval table found in content
INFO - 2026-03-07 12:48:46 --> Session: Class initialized using 'CodeIgniter\Session\Handlers\FileHandler' driver.
INFO - 2026-03-07 12:48:46 --> replaceApprovalInfo: Starting for document ID: 5
INFO - 2026-03-07 12:48:46 --> replaceApprovalInfo: No approval table found in content
INFO - 2026-03-07 12:49:13 --> Session: Class initialized using 'CodeIgniter\Session\Handlers\FileHandler' driver.
INFO - 2026-03-07 12:49:13 --> replaceApprovalInfo: Starting for document ID: 5
INFO - 2026-03-07 12:49:13 --> replaceApprovalInfo: No approval table found in content
INFO - 2026-03-07 12:50:20 --> Session: Class initialized using 'CodeIgniter\Session\Handlers\FileHandler' driver.
INFO - 2026-03-07 12:50:20 --> replaceApprovalInfo: Starting for document ID: 5
INFO - 2026-03-07 12:50:20 --> replaceApprovalInfo: No approval table found in content
INFO - 2026-03-07 12:52:26 --> Session: Class initialized using 'CodeIgniter\Session\Handlers\FileHandler' driver.
INFO - 2026-03-07 12:52:26 --> replaceApprovalInfo: Starting for document ID: 5
INFO - 2026-03-07 12:52:26 --> replaceApprovalInfo: No approval table found in content
INFO - 2026-03-07 12:53:33 --> Session: Class initialized using 'CodeIgniter\Session\Handlers\FileHandler' driver.
INFO - 2026-03-07 12:53:33 --> replaceApprovalInfo: Starting for document ID: 5
INFO - 2026-03-07 12:53:33 --> replaceApprovalInfo: No approval table found in content
INFO - 2026-03-07 12:59:51 --> Session: Class initialized using 'CodeIgniter\Session\Handlers\FileHandler' driver.
INFO - 2026-03-07 12:59:51 --> replaceApprovalInfo: Starting for document ID: 5
INFO - 2026-03-07 12:59:51 --> replaceApprovalInfo: No approval table found in content
INFO - 2026-03-07 12:59:54 --> Session: Class initialized using 'CodeIgniter\Session\Handlers\FileHandler' driver.
INFO - 2026-03-07 12:59:54 --> replaceApprovalInfo: Starting for document ID: 4
INFO - 2026-03-07 12:59:54 --> replaceApprovalInfo: No approval table found in content
INFO - 2026-03-07 12:59:55 --> Session: Class initialized using 'CodeIgniter\Session\Handlers\FileHandler' driver.
INFO - 2026-03-07 12:59:55 --> Session: Class initialized using 'CodeIgniter\Session\Handlers\FileHandler' driver.
INFO - 2026-03-07 13:00:03 --> Session: Class initialized using 'CodeIgniter\Session\Handlers\FileHandler' driver.
INFO - 2026-03-07 13:00:03 --> Session: Class initialized using 'CodeIgniter\Session\Handlers\FileHandler' driver.
INFO - 2026-03-07 13:00:03 --> replaceApprovalInfo: Starting for document ID: 4
INFO - 2026-03-07 13:00:03 --> replaceApprovalInfo: No approval table found in content
INFO - 2026-03-07 13:00:04 --> Session: Class initialized using 'CodeIgniter\Session\Handlers\FileHandler' driver.
INFO - 2026-03-07 13:00:25 --> Session: Class initialized using 'CodeIgniter\Session\Handlers\FileHandler' driver.
INFO - 2026-03-07 13:00:25 --> replaceApprovalInfo: Starting for document ID: 5
INFO - 2026-03-07 13:00:25 --> replaceApprovalInfo: No approval table found in content
INFO - 2026-03-07 13:03:37 --> Session: Class initialized using 'CodeIgniter\Session\Handlers\FileHandler' driver.
INFO - 2026-03-07 13:03:37 --> replaceApprovalInfo: Starting for document ID: 5
INFO - 2026-03-07 13:03:37 --> replaceApprovalInfo: No approval table found in content
INFO - 2026-03-07 13:04:35 --> Session: Class initialized using 'CodeIgniter\Session\Handlers\FileHandler' driver.
INFO - 2026-03-07 13:04:35 --> replaceApprovalInfo: Starting for document ID: 5
INFO - 2026-03-07 13:04:35 --> replaceApprovalInfo: No approval table found in content
INFO - 2026-03-07 13:04:43 --> Session: Class initialized using 'CodeIgniter\Session\Handlers\FileHandler' driver.
INFO - 2026-03-07 13:05:52 --> Session: Class initialized using 'CodeIgniter\Session\Handlers\FileHandler' driver.
INFO - 2026-03-07 13:05:52 --> replaceApprovalInfo: Starting for document ID: 5
INFO - 2026-03-07 13:05:52 --> replaceApprovalInfo: No approval table found in content
