INFO - 2026-03-09 04:45:18 --> Session: Class initialized using 'CodeIgniter\Session\Handlers\FileHandler' driver.
INFO - 2026-03-09 04:45:25 --> Session: Class initialized using 'CodeIgniter\Session\Handlers\FileHandler' driver.
INFO - 2026-03-09 04:45:35 --> Session: Class initialized using 'CodeIgniter\Session\Handlers\FileHandler' driver.
INFO - 2026-03-09 04:45:36 --> Session: Class initialized using 'CodeIgniter\Session\Handlers\FileHandler' driver.
INFO - 2026-03-09 04:45:52 --> Session: Class initialized using 'CodeIgniter\Session\Handlers\FileHandler' driver.
INFO - 2026-03-09 04:45:54 --> Session: Class initialized using 'CodeIgniter\Session\Handlers\FileHandler' driver.
INFO - 2026-03-09 04:45:57 --> Session: Class initialized using 'CodeIgniter\Session\Handlers\FileHandler' driver.
INFO - 2026-03-09 04:46:00 --> Session: Class initialized using 'CodeIgniter\Session\Handlers\FileHandler' driver.
INFO - 2026-03-09 04:46:03 --> Session: Class initialized using 'CodeIgniter\Session\Handlers\FileHandler' driver.
INFO - 2026-03-09 04:46:05 --> Session: Class initialized using 'CodeIgniter\Session\Handlers\FileHandler' driver.
INFO - 2026-03-09 04:46:10 --> Session: Class initialized using 'CodeIgniter\Session\Handlers\FileHandler' driver.
INFO - 2026-03-09 04:46:10 --> replaceApprovalInfo: Starting for document ID: 5
INFO - 2026-03-09 04:46:10 --> replaceApprovalInfo: No approval table found in content
INFO - 2026-03-09 04:46:12 --> Session: Class initialized using 'CodeIgniter\Session\Handlers\FileHandler' driver.
INFO - 2026-03-09 04:53:38 --> Session: Class initialized using 'CodeIgniter\Session\Handlers\FileHandler' driver.
INFO - 2026-03-09 04:53:38 --> replaceApprovalInfo: Starting for document ID: 5
INFO - 2026-03-09 04:53:38 --> replaceApprovalInfo: No approval table found in content
INFO - 2026-03-09 04:53:41 --> Session: Class initialized using 'CodeIgniter\Session\Handlers\FileHandler' driver.
INFO - 2026-03-09 04:54:03 --> Session: Class initialized using 'CodeIgniter\Session\Handlers\FileHandler' driver.
INFO - 2026-03-09 04:54:03 --> Session: Class initialized using 'CodeIgniter\Session\Handlers\FileHandler' driver.
INFO - 2026-03-09 04:54:04 --> replaceApprovalInfo: Starting for document ID: 5
INFO - 2026-03-09 04:54:04 --> replaceApprovalInfo: No approval table found in content
INFO - 2026-03-09 04:54:05 --> Session: Class initialized using 'CodeIgniter\Session\Handlers\FileHandler' driver.
INFO - 2026-03-09 04:57:18 --> Session: Class initialized using 'CodeIgniter\Session\Handlers\FileHandler' driver.
INFO - 2026-03-09 04:57:18 --> replaceApprovalInfo: Starting for document ID: 5
INFO - 2026-03-09 04:57:18 --> replaceApprovalInfo: No approval table found in content
INFO - 2026-03-09 04:57:19 --> Session: Class initialized using 'CodeIgniter\Session\Handlers\FileHandler' driver.
INFO - 2026-03-09 04:57:25 --> Session: Class initialized using 'CodeIgniter\Session\Handlers\FileHandler' driver.
CRITICAL - 2026-03-09 04:57:25 --> Error: Call to a member function isValid() on array
[Method: POST, Route: documents/update/5]
in APPPATH\Controllers\Documents.php on line 1054.
 1 SYSTEMPATH\CodeIgniter.php(933): App\Controllers\Documents->update('5')
 2 SYSTEMPATH\CodeIgniter.php(509): CodeIgniter\CodeIgniter->runController(Object(App\Controllers\Documents))
 3 SYSTEMPATH\CodeIgniter.php(355): CodeIgniter\CodeIgniter->handleRequest(null, Object(Config\Cache), false)
 4 SYSTEMPATH\Boot.php(325): CodeIgniter\CodeIgniter->run()
 5 SYSTEMPATH\Boot.php(67): CodeIgniter\Boot::runCodeIgniter(Object(CodeIgniter\CodeIgniter))
 6 FCPATH\index.php(56): CodeIgniter\Boot::bootWeb(Object(Config\Paths))
INFO - 2026-03-09 05:00:10 --> Session: Class initialized using 'CodeIgniter\Session\Handlers\FileHandler' driver.
CRITICAL - 2026-03-09 05:00:10 --> Error: Call to a member function isValid() on array
[Method: POST, Route: documents/update/5]
in APPPATH\Controllers\Documents.php on line 1073.
 1 SYSTEMPATH\CodeIgniter.php(933): App\Controllers\Documents->update('5')
 2 SYSTEMPATH\CodeIgniter.php(509): CodeIgniter\CodeIgniter->runController(Object(App\Controllers\Documents))
 3 SYSTEMPATH\CodeIgniter.php(355): CodeIgniter\CodeIgniter->handleRequest(null, Object(Config\Cache), false)
 4 SYSTEMPATH\Boot.php(325): CodeIgniter\CodeIgniter->run()
 5 SYSTEMPATH\Boot.php(67): CodeIgniter\Boot::runCodeIgniter(Object(CodeIgniter\CodeIgniter))
 6 FCPATH\index.php(56): CodeIgniter\Boot::bootWeb(Object(Config\Paths))
INFO - 2026-03-09 05:00:13 --> Session: Class initialized using 'CodeIgniter\Session\Handlers\FileHandler' driver.
CRITICAL - 2026-03-09 05:00:13 --> Error: Call to a member function isValid() on array
[Method: POST, Route: documents/update/5]
in APPPATH\Controllers\Documents.php on line 1073.
 1 SYSTEMPATH\CodeIgniter.php(933): App\Controllers\Documents->update('5')
 2 SYSTEMPATH\CodeIgniter.php(509): CodeIgniter\CodeIgniter->runController(Object(App\Controllers\Documents))
 3 SYSTEMPATH\CodeIgniter.php(355): CodeIgniter\CodeIgniter->handleRequest(null, Object(Config\Cache), false)
 4 SYSTEMPATH\Boot.php(325): CodeIgniter\CodeIgniter->run()
 5 SYSTEMPATH\Boot.php(67): CodeIgniter\Boot::runCodeIgniter(Object(CodeIgniter\CodeIgniter))
 6 FCPATH\index.php(56): CodeIgniter\Boot::bootWeb(Object(Config\Paths))
INFO - 2026-03-09 05:00:14 --> Session: Class initialized using 'CodeIgniter\Session\Handlers\FileHandler' driver.
INFO - 2026-03-09 05:00:14 --> replaceApprovalInfo: Starting for document ID: 5
INFO - 2026-03-09 05:00:14 --> replaceApprovalInfo: No approval table found in content
INFO - 2026-03-09 05:00:16 --> Session: Class initialized using 'CodeIgniter\Session\Handlers\FileHandler' driver.
INFO - 2026-03-09 05:00:18 --> Session: Class initialized using 'CodeIgniter\Session\Handlers\FileHandler' driver.
CRITICAL - 2026-03-09 05:00:18 --> Error: Call to a member function isValid() on array
[Method: POST, Route: documents/update/5]
in APPPATH\Controllers\Documents.php on line 1073.
 1 SYSTEMPATH\CodeIgniter.php(933): App\Controllers\Documents->update('5')
 2 SYSTEMPATH\CodeIgniter.php(509): CodeIgniter\CodeIgniter->runController(Object(App\Controllers\Documents))
 3 SYSTEMPATH\CodeIgniter.php(355): CodeIgniter\CodeIgniter->handleRequest(null, Object(Config\Cache), false)
 4 SYSTEMPATH\Boot.php(325): CodeIgniter\CodeIgniter->run()
 5 SYSTEMPATH\Boot.php(67): CodeIgniter\Boot::runCodeIgniter(Object(CodeIgniter\CodeIgniter))
 6 FCPATH\index.php(56): CodeIgniter\Boot::bootWeb(Object(Config\Paths))
INFO - 2026-03-09 05:03:36 --> Session: Class initialized using 'CodeIgniter\Session\Handlers\FileHandler' driver.
INFO - 2026-03-09 05:03:36 --> Session: Class initialized using 'CodeIgniter\Session\Handlers\FileHandler' driver.
INFO - 2026-03-09 05:03:43 --> Session: Class initialized using 'CodeIgniter\Session\Handlers\FileHandler' driver.
INFO - 2026-03-09 05:03:43 --> replaceApprovalInfo: Starting for document ID: 5
INFO - 2026-03-09 05:03:43 --> replaceApprovalInfo: No approval table found in content
INFO - 2026-03-09 05:03:44 --> Session: Class initialized using 'CodeIgniter\Session\Handlers\FileHandler' driver.
INFO - 2026-03-09 05:05:55 --> Session: Class initialized using 'CodeIgniter\Session\Handlers\FileHandler' driver.
INFO - 2026-03-09 05:05:55 --> replaceApprovalInfo: Starting for document ID: 5
INFO - 2026-03-09 05:05:55 --> replaceApprovalInfo: No approval table found in content
INFO - 2026-03-09 05:05:57 --> Session: Class initialized using 'CodeIgniter\Session\Handlers\FileHandler' driver.
INFO - 2026-03-09 05:06:11 --> Session: Class initialized using 'CodeIgniter\Session\Handlers\FileHandler' driver.
INFO - 2026-03-09 05:06:12 --> Session: Class initialized using 'CodeIgniter\Session\Handlers\FileHandler' driver.
INFO - 2026-03-09 05:06:17 --> Session: Class initialized using 'CodeIgniter\Session\Handlers\FileHandler' driver.
INFO - 2026-03-09 05:06:17 --> replaceApprovalInfo: Starting for document ID: 5
INFO - 2026-03-09 05:06:17 --> replaceApprovalInfo: No approval table found in content
INFO - 2026-03-09 05:06:37 --> Session: Class initialized using 'CodeIgniter\Session\Handlers\FileHandler' driver.
INFO - 2026-03-09 05:06:37 --> replaceApprovalInfo: Starting for document ID: 5
INFO - 2026-03-09 05:06:37 --> replaceApprovalInfo: No approval table found in content
INFO - 2026-03-09 05:06:39 --> Session: Class initialized using 'CodeIgniter\Session\Handlers\FileHandler' driver.
INFO - 2026-03-09 05:06:53 --> Session: Class initialized using 'CodeIgniter\Session\Handlers\FileHandler' driver.
INFO - 2026-03-09 05:06:56 --> Session: Class initialized using 'CodeIgniter\Session\Handlers\FileHandler' driver.
INFO - 2026-03-09 05:06:59 --> Session: Class initialized using 'CodeIgniter\Session\Handlers\FileHandler' driver.
INFO - 2026-03-09 05:06:59 --> replaceApprovalInfo: Starting for document ID: 5
INFO - 2026-03-09 05:06:59 --> replaceApprovalInfo: No approval table found in content
INFO - 2026-03-09 05:09:11 --> Session: Class initialized using 'CodeIgniter\Session\Handlers\FileHandler' driver.
INFO - 2026-03-09 05:09:11 --> replaceApprovalInfo: Starting for document ID: 5
INFO - 2026-03-09 05:09:11 --> replaceApprovalInfo: No approval table found in content
INFO - 2026-03-09 05:09:13 --> Session: Class initialized using 'CodeIgniter\Session\Handlers\FileHandler' driver.
INFO - 2026-03-09 05:09:19 --> Session: Class initialized using 'CodeIgniter\Session\Handlers\FileHandler' driver.
INFO - 2026-03-09 05:09:19 --> Session: Class initialized using 'CodeIgniter\Session\Handlers\FileHandler' driver.
INFO - 2026-03-09 05:09:21 --> Session: Class initialized using 'CodeIgniter\Session\Handlers\FileHandler' driver.
INFO - 2026-03-09 05:09:21 --> replaceApprovalInfo: Starting for document ID: 5
INFO - 2026-03-09 05:09:21 --> replaceApprovalInfo: No approval table found in content
INFO - 2026-03-09 05:11:55 --> Session: Class initialized using 'CodeIgniter\Session\Handlers\FileHandler' driver.
INFO - 2026-03-09 05:11:55 --> replaceApprovalInfo: Starting for document ID: 5
INFO - 2026-03-09 05:11:55 --> replaceApprovalInfo: No approval table found in content
INFO - 2026-03-09 05:11:57 --> Session: Class initialized using 'CodeIgniter\Session\Handlers\FileHandler' driver.
INFO - 2026-03-09 05:14:11 --> Session: Class initialized using 'CodeIgniter\Session\Handlers\FileHandler' driver.
INFO - 2026-03-09 05:14:11 --> Session: Class initialized using 'CodeIgniter\Session\Handlers\FileHandler' driver.
INFO - 2026-03-09 05:14:14 --> Session: Class initialized using 'CodeIgniter\Session\Handlers\FileHandler' driver.
INFO - 2026-03-09 05:14:14 --> replaceApprovalInfo: Starting for document ID: 5
INFO - 2026-03-09 05:14:14 --> replaceApprovalInfo: No approval table found in content
INFO - 2026-03-09 05:22:43 --> Session: Class initialized using 'CodeIgniter\Session\Handlers\FileHandler' driver.
INFO - 2026-03-09 05:22:43 --> replaceApprovalInfo: Starting for document ID: 5
INFO - 2026-03-09 05:22:43 --> replaceApprovalInfo: No approval table found in content
INFO - 2026-03-09 05:22:51 --> Session: Class initialized using 'CodeIgniter\Session\Handlers\FileHandler' driver.
INFO - 2026-03-09 05:22:51 --> Session: Class initialized using 'CodeIgniter\Session\Handlers\FileHandler' driver.
INFO - 2026-03-09 05:22:51 --> replaceApprovalInfo: Starting for document ID: 5
INFO - 2026-03-09 05:22:51 --> replaceApprovalInfo: No approval table found in content
INFO - 2026-03-09 05:23:03 --> Session: Class initialized using 'CodeIgniter\Session\Handlers\FileHandler' driver.
INFO - 2026-03-09 05:23:03 --> Session: Class initialized using 'CodeIgniter\Session\Handlers\FileHandler' driver.
INFO - 2026-03-09 05:23:03 --> replaceApprovalInfo: Starting for document ID: 5
INFO - 2026-03-09 05:23:03 --> replaceApprovalInfo: No approval table found in content
INFO - 2026-03-09 05:23:07 --> Session: Class initialized using 'CodeIgniter\Session\Handlers\FileHandler' driver.
INFO - 2026-03-09 05:23:07 --> Session: Class initialized using 'CodeIgniter\Session\Handlers\FileHandler' driver.
INFO - 2026-03-09 05:23:07 --> replaceApprovalInfo: Starting for document ID: 5
INFO - 2026-03-09 05:23:07 --> replaceApprovalInfo: No approval table found in content
INFO - 2026-03-09 05:23:33 --> Session: Class initialized using 'CodeIgniter\Session\Handlers\FileHandler' driver.
INFO - 2026-03-09 05:23:36 --> Session: Class initialized using 'CodeIgniter\Session\Handlers\FileHandler' driver.
INFO - 2026-03-09 05:23:41 --> Session: Class initialized using 'CodeIgniter\Session\Handlers\FileHandler' driver.
INFO - 2026-03-09 05:31:23 --> Session: Class initialized using 'CodeIgniter\Session\Handlers\FileHandler' driver.
INFO - 2026-03-09 05:31:26 --> Session: Class initialized using 'CodeIgniter\Session\Handlers\FileHandler' driver.
INFO - 2026-03-09 05:31:26 --> replaceApprovalInfo: Starting for document ID: 5
INFO - 2026-03-09 05:31:26 --> replaceApprovalInfo: No approval table found in content
INFO - 2026-03-09 05:41:27 --> Session: Class initialized using 'CodeIgniter\Session\Handlers\FileHandler' driver.
INFO - 2026-03-09 05:41:27 --> replaceApprovalInfo: Starting for document ID: 5
INFO - 2026-03-09 05:41:27 --> replaceApprovalInfo: No approval table found in content
INFO - 2026-03-09 05:41:44 --> Session: Class initialized using 'CodeIgniter\Session\Handlers\FileHandler' driver.
INFO - 2026-03-09 05:41:44 --> replaceApprovalInfo: Starting for document ID: 5
INFO - 2026-03-09 05:41:44 --> replaceApprovalInfo: No approval table found in content
INFO - 2026-03-09 05:41:51 --> Session: Class initialized using 'CodeIgniter\Session\Handlers\FileHandler' driver.
INFO - 2026-03-09 05:41:51 --> replaceApprovalInfo: Starting for document ID: 5
INFO - 2026-03-09 05:41:51 --> replaceApprovalInfo: No approval table found in content
INFO - 2026-03-09 05:41:53 --> Session: Class initialized using 'CodeIgniter\Session\Handlers\FileHandler' driver.
INFO - 2026-03-09 05:56:19 --> Session: Class initialized using 'CodeIgniter\Session\Handlers\FileHandler' driver.
INFO - 2026-03-09 05:56:20 --> replaceApprovalInfo: Starting for document ID: 5
INFO - 2026-03-09 05:56:20 --> replaceApprovalInfo: No approval table found in content
INFO - 2026-03-09 05:56:23 --> Session: Class initialized using 'CodeIgniter\Session\Handlers\FileHandler' driver.
INFO - 2026-03-09 05:56:41 --> Session: Class initialized using 'CodeIgniter\Session\Handlers\FileHandler' driver.
INFO - 2026-03-09 05:56:41 --> replaceApprovalInfo: Starting for document ID: 5
INFO - 2026-03-09 05:56:41 --> replaceApprovalInfo: No approval table found in content
INFO - 2026-03-09 05:56:49 --> Session: Class initialized using 'CodeIgniter\Session\Handlers\FileHandler' driver.
INFO - 2026-03-09 05:56:49 --> replaceApprovalInfo: Starting for document ID: 5
INFO - 2026-03-09 05:56:49 --> replaceApprovalInfo: No approval table found in content
INFO - 2026-03-09 05:58:33 --> Session: Class initialized using 'CodeIgniter\Session\Handlers\FileHandler' driver.
INFO - 2026-03-09 05:58:33 --> replaceApprovalInfo: Starting for document ID: 5
INFO - 2026-03-09 05:58:33 --> replaceApprovalInfo: No approval table found in content
INFO - 2026-03-09 05:58:37 --> Session: Class initialized using 'CodeIgniter\Session\Handlers\FileHandler' driver.
INFO - 2026-03-09 05:58:48 --> Session: Class initialized using 'CodeIgniter\Session\Handlers\FileHandler' driver.
INFO - 2026-03-09 06:00:49 --> Session: Class initialized using 'CodeIgniter\Session\Handlers\FileHandler' driver.
INFO - 2026-03-09 06:00:49 --> replaceApprovalInfo: Starting for document ID: 5
INFO - 2026-03-09 06:00:49 --> replaceApprovalInfo: No approval table found in content
INFO - 2026-03-09 06:02:45 --> Session: Class initialized using 'CodeIgniter\Session\Handlers\FileHandler' driver.
INFO - 2026-03-09 06:02:45 --> replaceApprovalInfo: Starting for document ID: 5
INFO - 2026-03-09 06:02:45 --> replaceApprovalInfo: No approval table found in content
INFO - 2026-03-09 06:02:57 --> Session: Class initialized using 'CodeIgniter\Session\Handlers\FileHandler' driver.
INFO - 2026-03-09 06:02:57 --> replaceApprovalInfo: Starting for document ID: 5
INFO - 2026-03-09 06:02:57 --> replaceApprovalInfo: No approval table found in content
INFO - 2026-03-09 06:03:01 --> Session: Class initialized using 'CodeIgniter\Session\Handlers\FileHandler' driver.
INFO - 2026-03-09 06:03:01 --> replaceApprovalInfo: Starting for document ID: 5
INFO - 2026-03-09 06:03:01 --> replaceApprovalInfo: No approval table found in content
INFO - 2026-03-09 06:03:02 --> Session: Class initialized using 'CodeIgniter\Session\Handlers\FileHandler' driver.
INFO - 2026-03-09 06:05:46 --> Session: Class initialized using 'CodeIgniter\Session\Handlers\FileHandler' driver.
INFO - 2026-03-09 06:05:46 --> replaceApprovalInfo: Starting for document ID: 5
INFO - 2026-03-09 06:05:46 --> replaceApprovalInfo: No approval table found in content
INFO - 2026-03-09 06:06:30 --> Session: Class initialized using 'CodeIgniter\Session\Handlers\FileHandler' driver.
INFO - 2026-03-09 06:06:30 --> replaceApprovalInfo: Starting for document ID: 5
INFO - 2026-03-09 06:06:30 --> replaceApprovalInfo: No approval table found in content
INFO - 2026-03-09 06:06:42 --> Session: Class initialized using 'CodeIgniter\Session\Handlers\FileHandler' driver.
INFO - 2026-03-09 06:06:42 --> replaceApprovalInfo: Starting for document ID: 5
INFO - 2026-03-09 06:06:42 --> replaceApprovalInfo: No approval table found in content
INFO - 2026-03-09 06:06:56 --> Session: Class initialized using 'CodeIgniter\Session\Handlers\FileHandler' driver.
INFO - 2026-03-09 06:06:56 --> replaceApprovalInfo: Starting for document ID: 5
INFO - 2026-03-09 06:06:56 --> replaceApprovalInfo: No approval table found in content
INFO - 2026-03-09 06:06:58 --> Session: Class initialized using 'CodeIgniter\Session\Handlers\FileHandler' driver.
INFO - 2026-03-09 06:07:04 --> Session: Class initialized using 'CodeIgniter\Session\Handlers\FileHandler' driver.
INFO - 2026-03-09 06:07:04 --> replaceApprovalInfo: Starting for document ID: 5
INFO - 2026-03-09 06:07:04 --> replaceApprovalInfo: No approval table found in content
INFO - 2026-03-09 06:07:06 --> Session: Class initialized using 'CodeIgniter\Session\Handlers\FileHandler' driver.
INFO - 2026-03-09 06:07:27 --> Session: Class initialized using 'CodeIgniter\Session\Handlers\FileHandler' driver.
INFO - 2026-03-09 06:07:27 --> replaceApprovalInfo: Starting for document ID: 5
INFO - 2026-03-09 06:07:27 --> replaceApprovalInfo: No approval table found in content
INFO - 2026-03-09 06:11:28 --> Session: Class initialized using 'CodeIgniter\Session\Handlers\FileHandler' driver.
INFO - 2026-03-09 06:11:28 --> replaceApprovalInfo: Starting for document ID: 5
INFO - 2026-03-09 06:11:28 --> replaceApprovalInfo: No approval table found in content
INFO - 2026-03-09 06:13:34 --> Session: Class initialized using 'CodeIgniter\Session\Handlers\FileHandler' driver.
INFO - 2026-03-09 06:13:34 --> replaceApprovalInfo: Starting for document ID: 5
INFO - 2026-03-09 06:13:34 --> replaceApprovalInfo: No approval table found in content
INFO - 2026-03-09 06:15:17 --> Session: Class initialized using 'CodeIgniter\Session\Handlers\FileHandler' driver.
INFO - 2026-03-09 06:15:17 --> replaceApprovalInfo: Starting for document ID: 5
INFO - 2026-03-09 06:15:17 --> replaceApprovalInfo: No approval table found in content
INFO - 2026-03-09 06:15:21 --> Session: Class initialized using 'CodeIgniter\Session\Handlers\FileHandler' driver.
INFO - 2026-03-09 06:15:27 --> Session: Class initialized using 'CodeIgniter\Session\Handlers\FileHandler' driver.
INFO - 2026-03-09 06:15:32 --> Session: Class initialized using 'CodeIgniter\Session\Handlers\FileHandler' driver.
INFO - 2026-03-09 06:15:32 --> replaceApprovalInfo: Starting for document ID: 1
INFO - 2026-03-09 06:15:32 --> replaceApprovalInfo: Approval table found
INFO - 2026-03-09 06:15:32 --> replaceApprovalInfo: Reviewer ID: 5, Approver ID: 6
INFO - 2026-03-09 06:15:32 --> replaceApprovalInfo: Processing reviewer ID: 5
INFO - 2026-03-09 06:15:32 --> replaceApprovalInfo: Reviewer found - Name: Rita, Sign: present
INFO - 2026-03-09 06:15:32 --> replaceApprovalInfo: Reviewer designation: QA Reviwer
INFO - 2026-03-09 06:15:32 --> replaceApprovalInfo: Found existing reviewed-by-name span, updating content
INFO - 2026-03-09 06:15:32 --> replaceApprovalInfo: Successfully replaced reviewer name
INFO - 2026-03-09 06:15:32 --> replaceApprovalInfo: Found existing reviewed-by-designation span, updating content
INFO - 2026-03-09 06:15:32 --> replaceApprovalInfo: Successfully replaced reviewer designation
INFO - 2026-03-09 06:15:32 --> replaceApprovalInfo: Found existing reviewed-by-sign span, updating content
INFO - 2026-03-09 06:15:32 --> replaceApprovalInfo: Successfully replaced reviewer signature
INFO - 2026-03-09 06:15:32 --> replaceApprovalInfo: Processing approver ID: 6
INFO - 2026-03-09 06:15:32 --> replaceApprovalInfo: Approver found - Name: Apurva, Sign: present
INFO - 2026-03-09 06:15:32 --> replaceApprovalInfo: Approver designation: QA Approver
INFO - 2026-03-09 06:15:32 --> replaceApprovalInfo: Found existing approved-by-name span, updating content
INFO - 2026-03-09 06:15:32 --> replaceApprovalInfo: Successfully replaced approver name
INFO - 2026-03-09 06:15:32 --> replaceApprovalInfo: Found existing approved-by-designation span, updating content
INFO - 2026-03-09 06:15:32 --> replaceApprovalInfo: Successfully replaced approver designation
INFO - 2026-03-09 06:15:32 --> replaceApprovalInfo: Found existing approved-by-sign span, updating content
INFO - 2026-03-09 06:15:32 --> replaceApprovalInfo: Successfully replaced approver signature
INFO - 2026-03-09 06:15:32 --> replaceApprovalInfo: Completed processing for document ID: 1
INFO - 2026-03-09 06:15:34 --> Session: Class initialized using 'CodeIgniter\Session\Handlers\FileHandler' driver.
INFO - 2026-03-09 06:16:05 --> Session: Class initialized using 'CodeIgniter\Session\Handlers\FileHandler' driver.
INFO - 2026-03-09 06:16:05 --> Session: Class initialized using 'CodeIgniter\Session\Handlers\FileHandler' driver.
INFO - 2026-03-09 06:16:11 --> Session: Class initialized using 'CodeIgniter\Session\Handlers\FileHandler' driver.
INFO - 2026-03-09 06:16:11 --> replaceApprovalInfo: Starting for document ID: 1
INFO - 2026-03-09 06:16:11 --> replaceApprovalInfo: Approval table found
INFO - 2026-03-09 06:16:11 --> replaceApprovalInfo: Reviewer ID: 5, Approver ID: 6
INFO - 2026-03-09 06:16:11 --> replaceApprovalInfo: Processing reviewer ID: 5
INFO - 2026-03-09 06:16:11 --> replaceApprovalInfo: Reviewer found - Name: Rita, Sign: present
INFO - 2026-03-09 06:16:11 --> replaceApprovalInfo: Reviewer designation: QA Reviwer
INFO - 2026-03-09 06:16:11 --> replaceApprovalInfo: Found existing reviewed-by-name span, updating content
INFO - 2026-03-09 06:16:11 --> replaceApprovalInfo: Successfully replaced reviewer name
INFO - 2026-03-09 06:16:11 --> replaceApprovalInfo: Found existing reviewed-by-designation span, updating content
INFO - 2026-03-09 06:16:11 --> replaceApprovalInfo: Successfully replaced reviewer designation
INFO - 2026-03-09 06:16:11 --> replaceApprovalInfo: Found existing reviewed-by-sign span, updating content
INFO - 2026-03-09 06:16:11 --> replaceApprovalInfo: Successfully replaced reviewer signature
INFO - 2026-03-09 06:16:11 --> replaceApprovalInfo: Processing approver ID: 6
INFO - 2026-03-09 06:16:11 --> replaceApprovalInfo: Approver found - Name: Apurva, Sign: present
INFO - 2026-03-09 06:16:11 --> replaceApprovalInfo: Approver designation: QA Approver
INFO - 2026-03-09 06:16:11 --> replaceApprovalInfo: Found existing approved-by-name span, updating content
INFO - 2026-03-09 06:16:11 --> replaceApprovalInfo: Successfully replaced approver name
INFO - 2026-03-09 06:16:11 --> replaceApprovalInfo: Found existing approved-by-designation span, updating content
INFO - 2026-03-09 06:16:11 --> replaceApprovalInfo: Successfully replaced approver designation
INFO - 2026-03-09 06:16:11 --> replaceApprovalInfo: Found existing approved-by-sign span, updating content
INFO - 2026-03-09 06:16:11 --> replaceApprovalInfo: Successfully replaced approver signature
INFO - 2026-03-09 06:16:11 --> replaceApprovalInfo: Completed processing for document ID: 1
INFO - 2026-03-09 06:17:27 --> Session: Class initialized using 'CodeIgniter\Session\Handlers\FileHandler' driver.
INFO - 2026-03-09 06:17:27 --> replaceApprovalInfo: Starting for document ID: 5
INFO - 2026-03-09 06:17:27 --> replaceApprovalInfo: No approval table found in content
INFO - 2026-03-09 06:17:31 --> Session: Class initialized using 'CodeIgniter\Session\Handlers\FileHandler' driver.
INFO - 2026-03-09 06:17:40 --> Session: Class initialized using 'CodeIgniter\Session\Handlers\FileHandler' driver.
INFO - 2026-03-09 06:17:40 --> replaceApprovalInfo: Starting for document ID: 1
INFO - 2026-03-09 06:17:40 --> replaceApprovalInfo: Approval table found
INFO - 2026-03-09 06:17:40 --> replaceApprovalInfo: Reviewer ID: 5, Approver ID: 6
INFO - 2026-03-09 06:17:40 --> replaceApprovalInfo: Processing reviewer ID: 5
INFO - 2026-03-09 06:17:40 --> replaceApprovalInfo: Reviewer found - Name: Rita, Sign: present
INFO - 2026-03-09 06:17:40 --> replaceApprovalInfo: Reviewer designation: QA Reviwer
INFO - 2026-03-09 06:17:40 --> replaceApprovalInfo: Found existing reviewed-by-name span, updating content
INFO - 2026-03-09 06:17:40 --> replaceApprovalInfo: Successfully replaced reviewer name
INFO - 2026-03-09 06:17:40 --> replaceApprovalInfo: Found existing reviewed-by-designation span, updating content
INFO - 2026-03-09 06:17:40 --> replaceApprovalInfo: Successfully replaced reviewer designation
INFO - 2026-03-09 06:17:40 --> replaceApprovalInfo: Found existing reviewed-by-sign span, updating content
INFO - 2026-03-09 06:17:40 --> replaceApprovalInfo: Successfully replaced reviewer signature
INFO - 2026-03-09 06:17:40 --> replaceApprovalInfo: Processing approver ID: 6
INFO - 2026-03-09 06:17:40 --> replaceApprovalInfo: Approver found - Name: Apurva, Sign: present
INFO - 2026-03-09 06:17:40 --> replaceApprovalInfo: Approver designation: QA Approver
INFO - 2026-03-09 06:17:40 --> replaceApprovalInfo: Found existing approved-by-name span, updating content
INFO - 2026-03-09 06:17:40 --> replaceApprovalInfo: Successfully replaced approver name
INFO - 2026-03-09 06:17:40 --> replaceApprovalInfo: Found existing approved-by-designation span, updating content
INFO - 2026-03-09 06:17:40 --> replaceApprovalInfo: Successfully replaced approver designation
INFO - 2026-03-09 06:17:40 --> replaceApprovalInfo: Found existing approved-by-sign span, updating content
INFO - 2026-03-09 06:17:40 --> replaceApprovalInfo: Successfully replaced approver signature
INFO - 2026-03-09 06:17:40 --> replaceApprovalInfo: Completed processing for document ID: 1
INFO - 2026-03-09 06:17:48 --> Session: Class initialized using 'CodeIgniter\Session\Handlers\FileHandler' driver.
INFO - 2026-03-09 06:17:48 --> replaceApprovalInfo: Starting for document ID: 5
INFO - 2026-03-09 06:17:48 --> replaceApprovalInfo: No approval table found in content
INFO - 2026-03-09 06:17:55 --> Session: Class initialized using 'CodeIgniter\Session\Handlers\FileHandler' driver.
INFO - 2026-03-09 06:17:55 --> replaceApprovalInfo: Starting for document ID: 5
INFO - 2026-03-09 06:17:55 --> replaceApprovalInfo: No approval table found in content
INFO - 2026-03-09 06:20:38 --> Session: Class initialized using 'CodeIgniter\Session\Handlers\FileHandler' driver.
INFO - 2026-03-09 06:20:38 --> replaceApprovalInfo: Starting for document ID: 5
INFO - 2026-03-09 06:20:38 --> replaceApprovalInfo: No approval table found in content
INFO - 2026-03-09 06:23:05 --> Session: Class initialized using 'CodeIgniter\Session\Handlers\FileHandler' driver.
INFO - 2026-03-09 06:23:06 --> replaceApprovalInfo: Starting for document ID: 5
INFO - 2026-03-09 06:23:06 --> replaceApprovalInfo: No approval table found in content
INFO - 2026-03-09 06:25:02 --> Session: Class initialized using 'CodeIgniter\Session\Handlers\FileHandler' driver.
INFO - 2026-03-09 06:25:02 --> replaceApprovalInfo: Starting for document ID: 5
INFO - 2026-03-09 06:25:02 --> replaceApprovalInfo: No approval table found in content
INFO - 2026-03-09 06:25:07 --> Session: Class initialized using 'CodeIgniter\Session\Handlers\FileHandler' driver.
INFO - 2026-03-09 06:25:07 --> replaceApprovalInfo: Starting for document ID: 5
INFO - 2026-03-09 06:25:07 --> replaceApprovalInfo: No approval table found in content
INFO - 2026-03-09 06:25:29 --> Session: Class initialized using 'CodeIgniter\Session\Handlers\FileHandler' driver.
INFO - 2026-03-09 06:25:29 --> replaceApprovalInfo: Starting for document ID: 5
INFO - 2026-03-09 06:25:29 --> replaceApprovalInfo: No approval table found in content
INFO - 2026-03-09 06:35:30 --> Session: Class initialized using 'CodeIgniter\Session\Handlers\FileHandler' driver.
INFO - 2026-03-09 06:35:35 --> Session: Class initialized using 'CodeIgniter\Session\Handlers\FileHandler' driver.
INFO - 2026-03-09 06:36:01 --> Session: Class initialized using 'CodeIgniter\Session\Handlers\FileHandler' driver.
INFO - 2026-03-09 06:36:04 --> Session: Class initialized using 'CodeIgniter\Session\Handlers\FileHandler' driver.
INFO - 2026-03-09 06:55:29 --> Session: Class initialized using 'CodeIgniter\Session\Handlers\FileHandler' driver.
INFO - 2026-03-09 06:57:42 --> Session: Class initialized using 'CodeIgniter\Session\Handlers\FileHandler' driver.
INFO - 2026-03-09 06:57:47 --> Session: Class initialized using 'CodeIgniter\Session\Handlers\FileHandler' driver.
INFO - 2026-03-09 06:58:07 --> Session: Class initialized using 'CodeIgniter\Session\Handlers\FileHandler' driver.
INFO - 2026-03-09 06:58:29 --> Session: Class initialized using 'CodeIgniter\Session\Handlers\FileHandler' driver.
INFO - 2026-03-09 06:59:39 --> Session: Class initialized using 'CodeIgniter\Session\Handlers\FileHandler' driver.
INFO - 2026-03-09 07:05:17 --> Session: Class initialized using 'CodeIgniter\Session\Handlers\FileHandler' driver.
INFO - 2026-03-09 07:05:17 --> Session: Class initialized using 'CodeIgniter\Session\Handlers\FileHandler' driver.
INFO - 2026-03-09 07:05:26 --> Session: Class initialized using 'CodeIgniter\Session\Handlers\FileHandler' driver.
INFO - 2026-03-09 07:05:32 --> Session: Class initialized using 'CodeIgniter\Session\Handlers\FileHandler' driver.
INFO - 2026-03-09 07:06:23 --> Session: Class initialized using 'CodeIgniter\Session\Handlers\FileHandler' driver.
INFO - 2026-03-09 07:18:15 --> Session: Class initialized using 'CodeIgniter\Session\Handlers\FileHandler' driver.
INFO - 2026-03-09 07:18:34 --> Session: Class initialized using 'CodeIgniter\Session\Handlers\FileHandler' driver.
INFO - 2026-03-09 07:18:35 --> Session: Class initialized using 'CodeIgniter\Session\Handlers\FileHandler' driver.
INFO - 2026-03-09 07:19:04 --> Session: Class initialized using 'CodeIgniter\Session\Handlers\FileHandler' driver.
INFO - 2026-03-09 07:19:05 --> Session: Class initialized using 'CodeIgniter\Session\Handlers\FileHandler' driver.
INFO - 2026-03-09 07:19:49 --> Session: Class initialized using 'CodeIgniter\Session\Handlers\FileHandler' driver.
INFO - 2026-03-09 07:21:51 --> Session: Class initialized using 'CodeIgniter\Session\Handlers\FileHandler' driver.
INFO - 2026-03-09 07:21:56 --> Session: Class initialized using 'CodeIgniter\Session\Handlers\FileHandler' driver.
INFO - 2026-03-09 07:22:19 --> Session: Class initialized using 'CodeIgniter\Session\Handlers\FileHandler' driver.
INFO - 2026-03-09 07:22:37 --> Session: Class initialized using 'CodeIgniter\Session\Handlers\FileHandler' driver.
INFO - 2026-03-09 07:22:38 --> Session: Class initialized using 'CodeIgniter\Session\Handlers\FileHandler' driver.
INFO - 2026-03-09 07:22:52 --> Session: Class initialized using 'CodeIgniter\Session\Handlers\FileHandler' driver.
INFO - 2026-03-09 07:24:38 --> Session: Class initialized using 'CodeIgniter\Session\Handlers\FileHandler' driver.
INFO - 2026-03-09 07:24:53 --> Session: Class initialized using 'CodeIgniter\Session\Handlers\FileHandler' driver.
INFO - 2026-03-09 08:23:08 --> Session: Class initialized using 'CodeIgniter\Session\Handlers\FileHandler' driver.
INFO - 2026-03-09 08:24:56 --> Session: Class initialized using 'CodeIgniter\Session\Handlers\FileHandler' driver.
INFO - 2026-03-09 08:25:42 --> Session: Class initialized using 'CodeIgniter\Session\Handlers\FileHandler' driver.
INFO - 2026-03-09 08:25:46 --> Session: Class initialized using 'CodeIgniter\Session\Handlers\FileHandler' driver.
INFO - 2026-03-09 08:26:10 --> Session: Class initialized using 'CodeIgniter\Session\Handlers\FileHandler' driver.
INFO - 2026-03-09 08:26:11 --> Session: Class initialized using 'CodeIgniter\Session\Handlers\FileHandler' driver.
INFO - 2026-03-09 08:26:49 --> Session: Class initialized using 'CodeIgniter\Session\Handlers\FileHandler' driver.
INFO - 2026-03-09 08:26:52 --> Session: Class initialized using 'CodeIgniter\Session\Handlers\FileHandler' driver.
INFO - 2026-03-09 08:27:22 --> Session: Class initialized using 'CodeIgniter\Session\Handlers\FileHandler' driver.
INFO - 2026-03-09 08:27:22 --> Session: Class initialized using 'CodeIgniter\Session\Handlers\FileHandler' driver.
INFO - 2026-03-09 08:28:05 --> Session: Class initialized using 'CodeIgniter\Session\Handlers\FileHandler' driver.
INFO - 2026-03-09 08:29:48 --> Session: Class initialized using 'CodeIgniter\Session\Handlers\FileHandler' driver.
INFO - 2026-03-09 08:31:41 --> Session: Class initialized using 'CodeIgniter\Session\Handlers\FileHandler' driver.
INFO - 2026-03-09 08:37:07 --> Session: Class initialized using 'CodeIgniter\Session\Handlers\FileHandler' driver.
INFO - 2026-03-09 08:37:21 --> Session: Class initialized using 'CodeIgniter\Session\Handlers\FileHandler' driver.
INFO - 2026-03-09 08:47:15 --> Session: Class initialized using 'CodeIgniter\Session\Handlers\FileHandler' driver.
INFO - 2026-03-09 08:47:20 --> Session: Class initialized using 'CodeIgniter\Session\Handlers\FileHandler' driver.
ERROR - 2026-03-09 08:47:39 --> mysqli_sql_exception: Table 'document_templates' already exists in C:\xampp\htdocs\DMS\system\Database\MySQLi\Connection.php:312
Stack trace:
#0 C:\xampp\htdocs\DMS\system\Database\MySQLi\Connection.php(312): mysqli->query('CREATE TABLE `d...', 0)
#1 C:\xampp\htdocs\DMS\system\Database\BaseConnection.php(734): CodeIgniter\Database\MySQLi\Connection->execute('CREATE TABLE `d...')
#2 C:\xampp\htdocs\DMS\system\Database\BaseConnection.php(648): CodeIgniter\Database\BaseConnection->simpleQuery('CREATE TABLE `d...')
#3 C:\xampp\htdocs\DMS\system\Database\Forge.php(570): CodeIgniter\Database\BaseConnection->query('CREATE TABLE `d...')
#4 C:\xampp\htdocs\DMS\app\Database\Migrations\2026-02-25-120000_CreateDocumentTemplatesTable.php(64): CodeIgniter\Database\Forge->createTable('document_templa...')
#5 C:\xampp\htdocs\DMS\system\Database\MigrationRunner.php(867): App\Database\Migrations\CreateDocumentTemplatesTable->up()
#6 C:\xampp\htdocs\DMS\system\Database\MigrationRunner.php(183): CodeIgniter\Database\MigrationRunner->migrate('up', Object(stdClass))
#7 C:\xampp\htdocs\DMS\system\Commands\Database\Migrate.php(85): CodeIgniter\Database\MigrationRunner->latest(NULL)
#8 C:\xampp\htdocs\DMS\system\CLI\Commands.php(70): CodeIgniter\Commands\Database\Migrate->run(Array)
#9 C:\xampp\htdocs\DMS\system\CLI\Console.php(48): CodeIgniter\CLI\Commands->run('migrate', Array)
#10 C:\xampp\htdocs\DMS\system\Boot.php(351): CodeIgniter\CLI\Console->run()
#11 C:\xampp\htdocs\DMS\system\Boot.php(104): CodeIgniter\Boot::runCommand(Object(CodeIgniter\CLI\Console))
#12 C:\xampp\htdocs\DMS\spark(84): CodeIgniter\Boot::bootSpark(Object(Config\Paths))
#13 {main}
INFO - 2026-03-09 08:49:33 --> Session: Class initialized using 'CodeIgniter\Session\Handlers\FileHandler' driver.
INFO - 2026-03-09 08:49:44 --> Session: Class initialized using 'CodeIgniter\Session\Handlers\FileHandler' driver.
INFO - 2026-03-09 08:50:35 --> Session: Class initialized using 'CodeIgniter\Session\Handlers\FileHandler' driver.
ERROR - 2026-03-09 08:50:35 --> mysqli_sql_exception: Unknown column 'priority' in 'field list' in C:\xampp\htdocs\DMS\system\Database\MySQLi\Connection.php:312
Stack trace:
#0 C:\xampp\htdocs\DMS\system\Database\MySQLi\Connection.php(312): mysqli->query('INSERT INTO `no...', 0)
#1 C:\xampp\htdocs\DMS\system\Database\BaseConnection.php(734): CodeIgniter\Database\MySQLi\Connection->execute('INSERT INTO `no...')
#2 C:\xampp\htdocs\DMS\system\Database\BaseConnection.php(648): CodeIgniter\Database\BaseConnection->simpleQuery('INSERT INTO `no...')
#3 C:\xampp\htdocs\DMS\system\Database\BaseBuilder.php(2340): CodeIgniter\Database\BaseConnection->query('INSERT INTO `no...', Array, false)
#4 C:\xampp\htdocs\DMS\system\Model.php(394): CodeIgniter\Database\BaseBuilder->insert()
#5 C:\xampp\htdocs\DMS\system\BaseModel.php(840): CodeIgniter\Model->doInsert(Array)
#6 C:\xampp\htdocs\DMS\system\Model.php(802): CodeIgniter\BaseModel->insert(Array, true)
#7 C:\xampp\htdocs\DMS\app\Models\NotificationModel.php(118): CodeIgniter\Model->insert(Array)
#8 C:\xampp\htdocs\DMS\app\Controllers\Notifications.php(87): App\Models\NotificationModel->createNotification(Array)
#9 C:\xampp\htdocs\DMS\system\CodeIgniter.php(933): App\Controllers\Notifications->store()
#10 C:\xampp\htdocs\DMS\system\CodeIgniter.php(509): CodeIgniter\CodeIgniter->runController(Object(App\Controllers\Notifications))
#11 C:\xampp\htdocs\DMS\system\CodeIgniter.php(355): CodeIgniter\CodeIgniter->handleRequest(NULL, Object(Config\Cache), false)
#12 C:\xampp\htdocs\DMS\system\Boot.php(325): CodeIgniter\CodeIgniter->run()
#13 C:\xampp\htdocs\DMS\system\Boot.php(67): CodeIgniter\Boot::runCodeIgniter(Object(CodeIgniter\CodeIgniter))
#14 C:\xampp\htdocs\DMS\public\index.php(56): CodeIgniter\Boot::bootWeb(Object(Config\Paths))
#15 {main}
CRITICAL - 2026-03-09 08:50:35 --> CodeIgniter\Database\Exceptions\DatabaseException: Unknown column 'priority' in 'field list'
[Method: POST, Route: notifications/store]
in SYSTEMPATH\Database\BaseConnection.php on line 688.
 1 SYSTEMPATH\Database\BaseBuilder.php(2340): CodeIgniter\Database\BaseConnection->query('INSERT INTO `notifications` (`user_id`, `recipient_id`, `type`, `message`, `priority`, `frequency`, `category`, `link_url`, `status`, `next_run_at`, `created_at`, `updated_at`) VALUES (:user_id:, :recipient_id:, :type:, :message:, :priority:, :frequency:, :category:, :link_url:, :status:, :next_run_at:, :created_at:, :updated_at:)', [...], false)
 2 SYSTEMPATH\Model.php(394): CodeIgniter\Database\BaseBuilder->insert()
 3 SYSTEMPATH\BaseModel.php(840): CodeIgniter\Model->doInsert([...])
 4 SYSTEMPATH\Model.php(802): CodeIgniter\BaseModel->insert([...], true)
 5 APPPATH\Models\NotificationModel.php(118): CodeIgniter\Model->insert([...])
 6 APPPATH\Controllers\Notifications.php(87): App\Models\NotificationModel->createNotification([...])
 7 SYSTEMPATH\CodeIgniter.php(933): App\Controllers\Notifications->store()
 8 SYSTEMPATH\CodeIgniter.php(509): CodeIgniter\CodeIgniter->runController(Object(App\Controllers\Notifications))
 9 SYSTEMPATH\CodeIgniter.php(355): CodeIgniter\CodeIgniter->handleRequest(null, Object(Config\Cache), false)
10 SYSTEMPATH\Boot.php(325): CodeIgniter\CodeIgniter->run()
11 SYSTEMPATH\Boot.php(67): CodeIgniter\Boot::runCodeIgniter(Object(CodeIgniter\CodeIgniter))
12 FCPATH\index.php(56): CodeIgniter\Boot::bootWeb(Object(Config\Paths))
CRITICAL - 2026-03-09 08:50:35 --> [Caused by] CodeIgniter\Database\Exceptions\DatabaseException: Unknown column 'priority' in 'field list'
in SYSTEMPATH\Database\MySQLi\Connection.php on line 317.
 1 SYSTEMPATH\Database\BaseConnection.php(734): CodeIgniter\Database\MySQLi\Connection->execute('INSERT INTO `notifications` (`user_id`, `recipient_id`, `type`, `message`, `priority`, `frequency`, `category`, `link_url`, `status`, `next_run_at`, `created_at`, `updated_at`) VALUES (\'2\', \'2\', \'custom\', \'Test Notification\', \'medium\', \'daily\', \'Test\', \'http://localhost/dms/public/notifications\', \'unread\', \'2026-03-10 08:50:35\', \'2026-03-09 08:50:35\', \'2026-03-09 08:50:35\')')
 2 SYSTEMPATH\Database\BaseConnection.php(648): CodeIgniter\Database\BaseConnection->simpleQuery('INSERT INTO `notifications` (`user_id`, `recipient_id`, `type`, `message`, `priority`, `frequency`, `category`, `link_url`, `status`, `next_run_at`, `created_at`, `updated_at`) VALUES (\'2\', \'2\', \'custom\', \'Test Notification\', \'medium\', \'daily\', \'Test\', \'http://localhost/dms/public/notifications\', \'unread\', \'2026-03-10 08:50:35\', \'2026-03-09 08:50:35\', \'2026-03-09 08:50:35\')')
 3 SYSTEMPATH\Database\BaseBuilder.php(2340): CodeIgniter\Database\BaseConnection->query('INSERT INTO `notifications` (`user_id`, `recipient_id`, `type`, `message`, `priority`, `frequency`, `category`, `link_url`, `status`, `next_run_at`, `created_at`, `updated_at`) VALUES (:user_id:, :recipient_id:, :type:, :message:, :priority:, :frequency:, :category:, :link_url:, :status:, :next_run_at:, :created_at:, :updated_at:)', [...], false)
 4 SYSTEMPATH\Model.php(394): CodeIgniter\Database\BaseBuilder->insert()
 5 SYSTEMPATH\BaseModel.php(840): CodeIgniter\Model->doInsert([...])
 6 SYSTEMPATH\Model.php(802): CodeIgniter\BaseModel->insert([...], true)
 7 APPPATH\Models\NotificationModel.php(118): CodeIgniter\Model->insert([...])
 8 APPPATH\Controllers\Notifications.php(87): App\Models\NotificationModel->createNotification([...])
 9 SYSTEMPATH\CodeIgniter.php(933): App\Controllers\Notifications->store()
10 SYSTEMPATH\CodeIgniter.php(509): CodeIgniter\CodeIgniter->runController(Object(App\Controllers\Notifications))
11 SYSTEMPATH\CodeIgniter.php(355): CodeIgniter\CodeIgniter->handleRequest(null, Object(Config\Cache), false)
12 SYSTEMPATH\Boot.php(325): CodeIgniter\CodeIgniter->run()
13 SYSTEMPATH\Boot.php(67): CodeIgniter\Boot::runCodeIgniter(Object(CodeIgniter\CodeIgniter))
14 FCPATH\index.php(56): CodeIgniter\Boot::bootWeb(Object(Config\Paths))
CRITICAL - 2026-03-09 08:50:35 --> [Caused by] mysqli_sql_exception: Unknown column 'priority' in 'field list'
in SYSTEMPATH\Database\MySQLi\Connection.php on line 312.
 1 SYSTEMPATH\Database\MySQLi\Connection.php(312): mysqli->query('INSERT INTO `notifications` (`user_id`, `recipient_id`, `type`, `message`, `priority`, `frequency`, `category`, `link_url`, `status`, `next_run_at`, `created_at`, `updated_at`) VALUES (\'2\', \'2\', \'custom\', \'Test Notification\', \'medium\', \'daily\', \'Test\', \'http://localhost/dms/public/notifications\', \'unread\', \'2026-03-10 08:50:35\', \'2026-03-09 08:50:35\', \'2026-03-09 08:50:35\')', 0)
 2 SYSTEMPATH\Database\BaseConnection.php(734): CodeIgniter\Database\MySQLi\Connection->execute('INSERT INTO `notifications` (`user_id`, `recipient_id`, `type`, `message`, `priority`, `frequency`, `category`, `link_url`, `status`, `next_run_at`, `created_at`, `updated_at`) VALUES (\'2\', \'2\', \'custom\', \'Test Notification\', \'medium\', \'daily\', \'Test\', \'http://localhost/dms/public/notifications\', \'unread\', \'2026-03-10 08:50:35\', \'2026-03-09 08:50:35\', \'2026-03-09 08:50:35\')')
 3 SYSTEMPATH\Database\BaseConnection.php(648): CodeIgniter\Database\BaseConnection->simpleQuery('INSERT INTO `notifications` (`user_id`, `recipient_id`, `type`, `message`, `priority`, `frequency`, `category`, `link_url`, `status`, `next_run_at`, `created_at`, `updated_at`) VALUES (\'2\', \'2\', \'custom\', \'Test Notification\', \'medium\', \'daily\', \'Test\', \'http://localhost/dms/public/notifications\', \'unread\', \'2026-03-10 08:50:35\', \'2026-03-09 08:50:35\', \'2026-03-09 08:50:35\')')
 4 SYSTEMPATH\Database\BaseBuilder.php(2340): CodeIgniter\Database\BaseConnection->query('INSERT INTO `notifications` (`user_id`, `recipient_id`, `type`, `message`, `priority`, `frequency`, `category`, `link_url`, `status`, `next_run_at`, `created_at`, `updated_at`) VALUES (:user_id:, :recipient_id:, :type:, :message:, :priority:, :frequency:, :category:, :link_url:, :status:, :next_run_at:, :created_at:, :updated_at:)', [...], false)
 5 SYSTEMPATH\Model.php(394): CodeIgniter\Database\BaseBuilder->insert()
 6 SYSTEMPATH\BaseModel.php(840): CodeIgniter\Model->doInsert([...])
 7 SYSTEMPATH\Model.php(802): CodeIgniter\BaseModel->insert([...], true)
 8 APPPATH\Models\NotificationModel.php(118): CodeIgniter\Model->insert([...])
 9 APPPATH\Controllers\Notifications.php(87): App\Models\NotificationModel->createNotification([...])
10 SYSTEMPATH\CodeIgniter.php(933): App\Controllers\Notifications->store()
11 SYSTEMPATH\CodeIgniter.php(509): CodeIgniter\CodeIgniter->runController(Object(App\Controllers\Notifications))
12 SYSTEMPATH\CodeIgniter.php(355): CodeIgniter\CodeIgniter->handleRequest(null, Object(Config\Cache), false)
13 SYSTEMPATH\Boot.php(325): CodeIgniter\CodeIgniter->run()
14 SYSTEMPATH\Boot.php(67): CodeIgniter\Boot::runCodeIgniter(Object(CodeIgniter\CodeIgniter))
15 FCPATH\index.php(56): CodeIgniter\Boot::bootWeb(Object(Config\Paths))
INFO - 2026-03-09 08:51:52 --> Session: Class initialized using 'CodeIgniter\Session\Handlers\FileHandler' driver.
ERROR - 2026-03-09 08:51:52 --> mysqli_sql_exception: Unknown column 'priority' in 'field list' in C:\xampp\htdocs\DMS\system\Database\MySQLi\Connection.php:312
Stack trace:
#0 C:\xampp\htdocs\DMS\system\Database\MySQLi\Connection.php(312): mysqli->query('INSERT INTO `no...', 0)
#1 C:\xampp\htdocs\DMS\system\Database\BaseConnection.php(734): CodeIgniter\Database\MySQLi\Connection->execute('INSERT INTO `no...')
#2 C:\xampp\htdocs\DMS\system\Database\BaseConnection.php(648): CodeIgniter\Database\BaseConnection->simpleQuery('INSERT INTO `no...')
#3 C:\xampp\htdocs\DMS\system\Database\BaseBuilder.php(2340): CodeIgniter\Database\BaseConnection->query('INSERT INTO `no...', Array, false)
#4 C:\xampp\htdocs\DMS\system\Model.php(394): CodeIgniter\Database\BaseBuilder->insert()
#5 C:\xampp\htdocs\DMS\system\BaseModel.php(840): CodeIgniter\Model->doInsert(Array)
#6 C:\xampp\htdocs\DMS\system\Model.php(802): CodeIgniter\BaseModel->insert(Array, true)
#7 C:\xampp\htdocs\DMS\app\Models\NotificationModel.php(118): CodeIgniter\Model->insert(Array)
#8 C:\xampp\htdocs\DMS\app\Controllers\Notifications.php(87): App\Models\NotificationModel->createNotification(Array)
#9 C:\xampp\htdocs\DMS\system\CodeIgniter.php(933): App\Controllers\Notifications->store()
#10 C:\xampp\htdocs\DMS\system\CodeIgniter.php(509): CodeIgniter\CodeIgniter->runController(Object(App\Controllers\Notifications))
#11 C:\xampp\htdocs\DMS\system\CodeIgniter.php(355): CodeIgniter\CodeIgniter->handleRequest(NULL, Object(Config\Cache), false)
#12 C:\xampp\htdocs\DMS\system\Boot.php(325): CodeIgniter\CodeIgniter->run()
#13 C:\xampp\htdocs\DMS\system\Boot.php(67): CodeIgniter\Boot::runCodeIgniter(Object(CodeIgniter\CodeIgniter))
#14 C:\xampp\htdocs\DMS\public\index.php(56): CodeIgniter\Boot::bootWeb(Object(Config\Paths))
#15 {main}
CRITICAL - 2026-03-09 08:51:52 --> CodeIgniter\Database\Exceptions\DatabaseException: Unknown column 'priority' in 'field list'
[Method: POST, Route: notifications/store]
in SYSTEMPATH\Database\BaseConnection.php on line 688.
 1 SYSTEMPATH\Database\BaseBuilder.php(2340): CodeIgniter\Database\BaseConnection->query('INSERT INTO `notifications` (`user_id`, `recipient_id`, `type`, `message`, `priority`, `frequency`, `category`, `link_url`, `status`, `next_run_at`, `created_at`, `updated_at`) VALUES (:user_id:, :recipient_id:, :type:, :message:, :priority:, :frequency:, :category:, :link_url:, :status:, :next_run_at:, :created_at:, :updated_at:)', [...], false)
 2 SYSTEMPATH\Model.php(394): CodeIgniter\Database\BaseBuilder->insert()
 3 SYSTEMPATH\BaseModel.php(840): CodeIgniter\Model->doInsert([...])
 4 SYSTEMPATH\Model.php(802): CodeIgniter\BaseModel->insert([...], true)
 5 APPPATH\Models\NotificationModel.php(118): CodeIgniter\Model->insert([...])
 6 APPPATH\Controllers\Notifications.php(87): App\Models\NotificationModel->createNotification([...])
 7 SYSTEMPATH\CodeIgniter.php(933): App\Controllers\Notifications->store()
 8 SYSTEMPATH\CodeIgniter.php(509): CodeIgniter\CodeIgniter->runController(Object(App\Controllers\Notifications))
 9 SYSTEMPATH\CodeIgniter.php(355): CodeIgniter\CodeIgniter->handleRequest(null, Object(Config\Cache), false)
10 SYSTEMPATH\Boot.php(325): CodeIgniter\CodeIgniter->run()
11 SYSTEMPATH\Boot.php(67): CodeIgniter\Boot::runCodeIgniter(Object(CodeIgniter\CodeIgniter))
12 FCPATH\index.php(56): CodeIgniter\Boot::bootWeb(Object(Config\Paths))
CRITICAL - 2026-03-09 08:51:52 --> [Caused by] CodeIgniter\Database\Exceptions\DatabaseException: Unknown column 'priority' in 'field list'
in SYSTEMPATH\Database\MySQLi\Connection.php on line 317.
 1 SYSTEMPATH\Database\BaseConnection.php(734): CodeIgniter\Database\MySQLi\Connection->execute('INSERT INTO `notifications` (`user_id`, `recipient_id`, `type`, `message`, `priority`, `frequency`, `category`, `link_url`, `status`, `next_run_at`, `created_at`, `updated_at`) VALUES (\'2\', \'2\', \'custom\', \'Test Notification\', \'medium\', \'daily\', \'Test\', \'http://localhost/dms/public/notifications\', \'unread\', \'2026-03-10 08:51:52\', \'2026-03-09 08:51:52\', \'2026-03-09 08:51:52\')')
 2 SYSTEMPATH\Database\BaseConnection.php(648): CodeIgniter\Database\BaseConnection->simpleQuery('INSERT INTO `notifications` (`user_id`, `recipient_id`, `type`, `message`, `priority`, `frequency`, `category`, `link_url`, `status`, `next_run_at`, `created_at`, `updated_at`) VALUES (\'2\', \'2\', \'custom\', \'Test Notification\', \'medium\', \'daily\', \'Test\', \'http://localhost/dms/public/notifications\', \'unread\', \'2026-03-10 08:51:52\', \'2026-03-09 08:51:52\', \'2026-03-09 08:51:52\')')
 3 SYSTEMPATH\Database\BaseBuilder.php(2340): CodeIgniter\Database\BaseConnection->query('INSERT INTO `notifications` (`user_id`, `recipient_id`, `type`, `message`, `priority`, `frequency`, `category`, `link_url`, `status`, `next_run_at`, `created_at`, `updated_at`) VALUES (:user_id:, :recipient_id:, :type:, :message:, :priority:, :frequency:, :category:, :link_url:, :status:, :next_run_at:, :created_at:, :updated_at:)', [...], false)
 4 SYSTEMPATH\Model.php(394): CodeIgniter\Database\BaseBuilder->insert()
 5 SYSTEMPATH\BaseModel.php(840): CodeIgniter\Model->doInsert([...])
 6 SYSTEMPATH\Model.php(802): CodeIgniter\BaseModel->insert([...], true)
 7 APPPATH\Models\NotificationModel.php(118): CodeIgniter\Model->insert([...])
 8 APPPATH\Controllers\Notifications.php(87): App\Models\NotificationModel->createNotification([...])
 9 SYSTEMPATH\CodeIgniter.php(933): App\Controllers\Notifications->store()
10 SYSTEMPATH\CodeIgniter.php(509): CodeIgniter\CodeIgniter->runController(Object(App\Controllers\Notifications))
11 SYSTEMPATH\CodeIgniter.php(355): CodeIgniter\CodeIgniter->handleRequest(null, Object(Config\Cache), false)
12 SYSTEMPATH\Boot.php(325): CodeIgniter\CodeIgniter->run()
13 SYSTEMPATH\Boot.php(67): CodeIgniter\Boot::runCodeIgniter(Object(CodeIgniter\CodeIgniter))
14 FCPATH\index.php(56): CodeIgniter\Boot::bootWeb(Object(Config\Paths))
CRITICAL - 2026-03-09 08:51:52 --> [Caused by] mysqli_sql_exception: Unknown column 'priority' in 'field list'
in SYSTEMPATH\Database\MySQLi\Connection.php on line 312.
 1 SYSTEMPATH\Database\MySQLi\Connection.php(312): mysqli->query('INSERT INTO `notifications` (`user_id`, `recipient_id`, `type`, `message`, `priority`, `frequency`, `category`, `link_url`, `status`, `next_run_at`, `created_at`, `updated_at`) VALUES (\'2\', \'2\', \'custom\', \'Test Notification\', \'medium\', \'daily\', \'Test\', \'http://localhost/dms/public/notifications\', \'unread\', \'2026-03-10 08:51:52\', \'2026-03-09 08:51:52\', \'2026-03-09 08:51:52\')', 0)
 2 SYSTEMPATH\Database\BaseConnection.php(734): CodeIgniter\Database\MySQLi\Connection->execute('INSERT INTO `notifications` (`user_id`, `recipient_id`, `type`, `message`, `priority`, `frequency`, `category`, `link_url`, `status`, `next_run_at`, `created_at`, `updated_at`) VALUES (\'2\', \'2\', \'custom\', \'Test Notification\', \'medium\', \'daily\', \'Test\', \'http://localhost/dms/public/notifications\', \'unread\', \'2026-03-10 08:51:52\', \'2026-03-09 08:51:52\', \'2026-03-09 08:51:52\')')
 3 SYSTEMPATH\Database\BaseConnection.php(648): CodeIgniter\Database\BaseConnection->simpleQuery('INSERT INTO `notifications` (`user_id`, `recipient_id`, `type`, `message`, `priority`, `frequency`, `category`, `link_url`, `status`, `next_run_at`, `created_at`, `updated_at`) VALUES (\'2\', \'2\', \'custom\', \'Test Notification\', \'medium\', \'daily\', \'Test\', \'http://localhost/dms/public/notifications\', \'unread\', \'2026-03-10 08:51:52\', \'2026-03-09 08:51:52\', \'2026-03-09 08:51:52\')')
 4 SYSTEMPATH\Database\BaseBuilder.php(2340): CodeIgniter\Database\BaseConnection->query('INSERT INTO `notifications` (`user_id`, `recipient_id`, `type`, `message`, `priority`, `frequency`, `category`, `link_url`, `status`, `next_run_at`, `created_at`, `updated_at`) VALUES (:user_id:, :recipient_id:, :type:, :message:, :priority:, :frequency:, :category:, :link_url:, :status:, :next_run_at:, :created_at:, :updated_at:)', [...], false)
 5 SYSTEMPATH\Model.php(394): CodeIgniter\Database\BaseBuilder->insert()
 6 SYSTEMPATH\BaseModel.php(840): CodeIgniter\Model->doInsert([...])
 7 SYSTEMPATH\Model.php(802): CodeIgniter\BaseModel->insert([...], true)
 8 APPPATH\Models\NotificationModel.php(118): CodeIgniter\Model->insert([...])
 9 APPPATH\Controllers\Notifications.php(87): App\Models\NotificationModel->createNotification([...])
10 SYSTEMPATH\CodeIgniter.php(933): App\Controllers\Notifications->store()
11 SYSTEMPATH\CodeIgniter.php(509): CodeIgniter\CodeIgniter->runController(Object(App\Controllers\Notifications))
12 SYSTEMPATH\CodeIgniter.php(355): CodeIgniter\CodeIgniter->handleRequest(null, Object(Config\Cache), false)
13 SYSTEMPATH\Boot.php(325): CodeIgniter\CodeIgniter->run()
14 SYSTEMPATH\Boot.php(67): CodeIgniter\Boot::runCodeIgniter(Object(CodeIgniter\CodeIgniter))
15 FCPATH\index.php(56): CodeIgniter\Boot::bootWeb(Object(Config\Paths))
ERROR - 2026-03-09 08:52:30 --> mysqli_sql_exception: Table 'document_templates' already exists in C:\xampp\htdocs\DMS\system\Database\MySQLi\Connection.php:312
Stack trace:
#0 C:\xampp\htdocs\DMS\system\Database\MySQLi\Connection.php(312): mysqli->query('CREATE TABLE `d...', 0)
#1 C:\xampp\htdocs\DMS\system\Database\BaseConnection.php(734): CodeIgniter\Database\MySQLi\Connection->execute('CREATE TABLE `d...')
#2 C:\xampp\htdocs\DMS\system\Database\BaseConnection.php(648): CodeIgniter\Database\BaseConnection->simpleQuery('CREATE TABLE `d...')
#3 C:\xampp\htdocs\DMS\system\Database\Forge.php(570): CodeIgniter\Database\BaseConnection->query('CREATE TABLE `d...')
#4 C:\xampp\htdocs\DMS\app\Database\Migrations\2026-02-25-120000_CreateDocumentTemplatesTable.php(64): CodeIgniter\Database\Forge->createTable('document_templa...')
#5 C:\xampp\htdocs\DMS\system\Database\MigrationRunner.php(867): App\Database\Migrations\CreateDocumentTemplatesTable->up()
#6 C:\xampp\htdocs\DMS\system\Database\MigrationRunner.php(183): CodeIgniter\Database\MigrationRunner->migrate('up', Object(stdClass))
#7 C:\xampp\htdocs\DMS\system\Commands\Database\Migrate.php(85): CodeIgniter\Database\MigrationRunner->latest(NULL)
#8 C:\xampp\htdocs\DMS\system\CLI\Commands.php(70): CodeIgniter\Commands\Database\Migrate->run(Array)
#9 C:\xampp\htdocs\DMS\system\CLI\Console.php(48): CodeIgniter\CLI\Commands->run('migrate', Array)
#10 C:\xampp\htdocs\DMS\system\Boot.php(351): CodeIgniter\CLI\Console->run()
#11 C:\xampp\htdocs\DMS\system\Boot.php(104): CodeIgniter\Boot::runCommand(Object(CodeIgniter\CLI\Console))
#12 C:\xampp\htdocs\DMS\spark(84): CodeIgniter\Boot::bootSpark(Object(Config\Paths))
#13 {main}
ERROR - 2026-03-09 08:57:19 --> mysqli_sql_exception: Table 'document_templates' already exists in C:\xampp\htdocs\DMS\system\Database\MySQLi\Connection.php:312
Stack trace:
#0 C:\xampp\htdocs\DMS\system\Database\MySQLi\Connection.php(312): mysqli->query('CREATE TABLE `d...', 0)
#1 C:\xampp\htdocs\DMS\system\Database\BaseConnection.php(734): CodeIgniter\Database\MySQLi\Connection->execute('CREATE TABLE `d...')
#2 C:\xampp\htdocs\DMS\system\Database\BaseConnection.php(648): CodeIgniter\Database\BaseConnection->simpleQuery('CREATE TABLE `d...')
#3 C:\xampp\htdocs\DMS\system\Database\Forge.php(570): CodeIgniter\Database\BaseConnection->query('CREATE TABLE `d...')
#4 C:\xampp\htdocs\DMS\app\Database\Migrations\2026-02-25-120000_CreateDocumentTemplatesTable.php(64): CodeIgniter\Database\Forge->createTable('document_templa...')
#5 C:\xampp\htdocs\DMS\system\Database\MigrationRunner.php(867): App\Database\Migrations\CreateDocumentTemplatesTable->up()
#6 C:\xampp\htdocs\DMS\system\Database\MigrationRunner.php(183): CodeIgniter\Database\MigrationRunner->migrate('up', Object(stdClass))
#7 C:\xampp\htdocs\DMS\system\Commands\Database\Migrate.php(85): CodeIgniter\Database\MigrationRunner->latest(NULL)
#8 C:\xampp\htdocs\DMS\system\CLI\Commands.php(70): CodeIgniter\Commands\Database\Migrate->run(Array)
#9 C:\xampp\htdocs\DMS\system\CLI\Console.php(48): CodeIgniter\CLI\Commands->run('migrate', Array)
#10 C:\xampp\htdocs\DMS\system\Boot.php(351): CodeIgniter\CLI\Console->run()
#11 C:\xampp\htdocs\DMS\system\Boot.php(104): CodeIgniter\Boot::runCommand(Object(CodeIgniter\CLI\Console))
#12 C:\xampp\htdocs\DMS\spark(84): CodeIgniter\Boot::bootSpark(Object(Config\Paths))
#13 {main}
INFO - 2026-03-09 08:57:57 --> Session: Class initialized using 'CodeIgniter\Session\Handlers\FileHandler' driver.
ERROR - 2026-03-09 08:57:57 --> mysqli_sql_exception: Unknown column 'priority' in 'field list' in C:\xampp\htdocs\DMS\system\Database\MySQLi\Connection.php:312
Stack trace:
#0 C:\xampp\htdocs\DMS\system\Database\MySQLi\Connection.php(312): mysqli->query('INSERT INTO `no...', 0)
#1 C:\xampp\htdocs\DMS\system\Database\BaseConnection.php(734): CodeIgniter\Database\MySQLi\Connection->execute('INSERT INTO `no...')
#2 C:\xampp\htdocs\DMS\system\Database\BaseConnection.php(648): CodeIgniter\Database\BaseConnection->simpleQuery('INSERT INTO `no...')
#3 C:\xampp\htdocs\DMS\system\Database\BaseBuilder.php(2340): CodeIgniter\Database\BaseConnection->query('INSERT INTO `no...', Array, false)
#4 C:\xampp\htdocs\DMS\system\Model.php(394): CodeIgniter\Database\BaseBuilder->insert()
#5 C:\xampp\htdocs\DMS\system\BaseModel.php(840): CodeIgniter\Model->doInsert(Array)
#6 C:\xampp\htdocs\DMS\system\Model.php(802): CodeIgniter\BaseModel->insert(Array, true)
#7 C:\xampp\htdocs\DMS\app\Models\NotificationModel.php(118): CodeIgniter\Model->insert(Array)
#8 C:\xampp\htdocs\DMS\app\Controllers\Notifications.php(87): App\Models\NotificationModel->createNotification(Array)
#9 C:\xampp\htdocs\DMS\system\CodeIgniter.php(933): App\Controllers\Notifications->store()
#10 C:\xampp\htdocs\DMS\system\CodeIgniter.php(509): CodeIgniter\CodeIgniter->runController(Object(App\Controllers\Notifications))
#11 C:\xampp\htdocs\DMS\system\CodeIgniter.php(355): CodeIgniter\CodeIgniter->handleRequest(NULL, Object(Config\Cache), false)
#12 C:\xampp\htdocs\DMS\system\Boot.php(325): CodeIgniter\CodeIgniter->run()
#13 C:\xampp\htdocs\DMS\system\Boot.php(67): CodeIgniter\Boot::runCodeIgniter(Object(CodeIgniter\CodeIgniter))
#14 C:\xampp\htdocs\DMS\public\index.php(56): CodeIgniter\Boot::bootWeb(Object(Config\Paths))
#15 {main}
CRITICAL - 2026-03-09 08:57:57 --> CodeIgniter\Database\Exceptions\DatabaseException: Unknown column 'priority' in 'field list'
[Method: POST, Route: notifications/store]
in SYSTEMPATH\Database\BaseConnection.php on line 688.
 1 SYSTEMPATH\Database\BaseBuilder.php(2340): CodeIgniter\Database\BaseConnection->query('INSERT INTO `notifications` (`user_id`, `recipient_id`, `type`, `message`, `priority`, `frequency`, `category`, `link_url`, `status`, `next_run_at`, `created_at`, `updated_at`) VALUES (:user_id:, :recipient_id:, :type:, :message:, :priority:, :frequency:, :category:, :link_url:, :status:, :next_run_at:, :created_at:, :updated_at:)', [...], false)
 2 SYSTEMPATH\Model.php(394): CodeIgniter\Database\BaseBuilder->insert()
 3 SYSTEMPATH\BaseModel.php(840): CodeIgniter\Model->doInsert([...])
 4 SYSTEMPATH\Model.php(802): CodeIgniter\BaseModel->insert([...], true)
 5 APPPATH\Models\NotificationModel.php(118): CodeIgniter\Model->insert([...])
 6 APPPATH\Controllers\Notifications.php(87): App\Models\NotificationModel->createNotification([...])
 7 SYSTEMPATH\CodeIgniter.php(933): App\Controllers\Notifications->store()
 8 SYSTEMPATH\CodeIgniter.php(509): CodeIgniter\CodeIgniter->runController(Object(App\Controllers\Notifications))
 9 SYSTEMPATH\CodeIgniter.php(355): CodeIgniter\CodeIgniter->handleRequest(null, Object(Config\Cache), false)
10 SYSTEMPATH\Boot.php(325): CodeIgniter\CodeIgniter->run()
11 SYSTEMPATH\Boot.php(67): CodeIgniter\Boot::runCodeIgniter(Object(CodeIgniter\CodeIgniter))
12 FCPATH\index.php(56): CodeIgniter\Boot::bootWeb(Object(Config\Paths))
CRITICAL - 2026-03-09 08:57:57 --> [Caused by] CodeIgniter\Database\Exceptions\DatabaseException: Unknown column 'priority' in 'field list'
in SYSTEMPATH\Database\MySQLi\Connection.php on line 317.
 1 SYSTEMPATH\Database\BaseConnection.php(734): CodeIgniter\Database\MySQLi\Connection->execute('INSERT INTO `notifications` (`user_id`, `recipient_id`, `type`, `message`, `priority`, `frequency`, `category`, `link_url`, `status`, `next_run_at`, `created_at`, `updated_at`) VALUES (\'2\', \'2\', \'custom\', \'Test Notification\', \'medium\', \'daily\', \'Test\', \'http://localhost/dms/public/notifications\', \'unread\', \'2026-03-10 08:57:57\', \'2026-03-09 08:57:57\', \'2026-03-09 08:57:57\')')
 2 SYSTEMPATH\Database\BaseConnection.php(648): CodeIgniter\Database\BaseConnection->simpleQuery('INSERT INTO `notifications` (`user_id`, `recipient_id`, `type`, `message`, `priority`, `frequency`, `category`, `link_url`, `status`, `next_run_at`, `created_at`, `updated_at`) VALUES (\'2\', \'2\', \'custom\', \'Test Notification\', \'medium\', \'daily\', \'Test\', \'http://localhost/dms/public/notifications\', \'unread\', \'2026-03-10 08:57:57\', \'2026-03-09 08:57:57\', \'2026-03-09 08:57:57\')')
 3 SYSTEMPATH\Database\BaseBuilder.php(2340): CodeIgniter\Database\BaseConnection->query('INSERT INTO `notifications` (`user_id`, `recipient_id`, `type`, `message`, `priority`, `frequency`, `category`, `link_url`, `status`, `next_run_at`, `created_at`, `updated_at`) VALUES (:user_id:, :recipient_id:, :type:, :message:, :priority:, :frequency:, :category:, :link_url:, :status:, :next_run_at:, :created_at:, :updated_at:)', [...], false)
 4 SYSTEMPATH\Model.php(394): CodeIgniter\Database\BaseBuilder->insert()
 5 SYSTEMPATH\BaseModel.php(840): CodeIgniter\Model->doInsert([...])
 6 SYSTEMPATH\Model.php(802): CodeIgniter\BaseModel->insert([...], true)
 7 APPPATH\Models\NotificationModel.php(118): CodeIgniter\Model->insert([...])
 8 APPPATH\Controllers\Notifications.php(87): App\Models\NotificationModel->createNotification([...])
 9 SYSTEMPATH\CodeIgniter.php(933): App\Controllers\Notifications->store()
10 SYSTEMPATH\CodeIgniter.php(509): CodeIgniter\CodeIgniter->runController(Object(App\Controllers\Notifications))
11 SYSTEMPATH\CodeIgniter.php(355): CodeIgniter\CodeIgniter->handleRequest(null, Object(Config\Cache), false)
12 SYSTEMPATH\Boot.php(325): CodeIgniter\CodeIgniter->run()
13 SYSTEMPATH\Boot.php(67): CodeIgniter\Boot::runCodeIgniter(Object(CodeIgniter\CodeIgniter))
14 FCPATH\index.php(56): CodeIgniter\Boot::bootWeb(Object(Config\Paths))
CRITICAL - 2026-03-09 08:57:57 --> [Caused by] mysqli_sql_exception: Unknown column 'priority' in 'field list'
in SYSTEMPATH\Database\MySQLi\Connection.php on line 312.
 1 SYSTEMPATH\Database\MySQLi\Connection.php(312): mysqli->query('INSERT INTO `notifications` (`user_id`, `recipient_id`, `type`, `message`, `priority`, `frequency`, `category`, `link_url`, `status`, `next_run_at`, `created_at`, `updated_at`) VALUES (\'2\', \'2\', \'custom\', \'Test Notification\', \'medium\', \'daily\', \'Test\', \'http://localhost/dms/public/notifications\', \'unread\', \'2026-03-10 08:57:57\', \'2026-03-09 08:57:57\', \'2026-03-09 08:57:57\')', 0)
 2 SYSTEMPATH\Database\BaseConnection.php(734): CodeIgniter\Database\MySQLi\Connection->execute('INSERT INTO `notifications` (`user_id`, `recipient_id`, `type`, `message`, `priority`, `frequency`, `category`, `link_url`, `status`, `next_run_at`, `created_at`, `updated_at`) VALUES (\'2\', \'2\', \'custom\', \'Test Notification\', \'medium\', \'daily\', \'Test\', \'http://localhost/dms/public/notifications\', \'unread\', \'2026-03-10 08:57:57\', \'2026-03-09 08:57:57\', \'2026-03-09 08:57:57\')')
 3 SYSTEMPATH\Database\BaseConnection.php(648): CodeIgniter\Database\BaseConnection->simpleQuery('INSERT INTO `notifications` (`user_id`, `recipient_id`, `type`, `message`, `priority`, `frequency`, `category`, `link_url`, `status`, `next_run_at`, `created_at`, `updated_at`) VALUES (\'2\', \'2\', \'custom\', \'Test Notification\', \'medium\', \'daily\', \'Test\', \'http://localhost/dms/public/notifications\', \'unread\', \'2026-03-10 08:57:57\', \'2026-03-09 08:57:57\', \'2026-03-09 08:57:57\')')
 4 SYSTEMPATH\Database\BaseBuilder.php(2340): CodeIgniter\Database\BaseConnection->query('INSERT INTO `notifications` (`user_id`, `recipient_id`, `type`, `message`, `priority`, `frequency`, `category`, `link_url`, `status`, `next_run_at`, `created_at`, `updated_at`) VALUES (:user_id:, :recipient_id:, :type:, :message:, :priority:, :frequency:, :category:, :link_url:, :status:, :next_run_at:, :created_at:, :updated_at:)', [...], false)
 5 SYSTEMPATH\Model.php(394): CodeIgniter\Database\BaseBuilder->insert()
 6 SYSTEMPATH\BaseModel.php(840): CodeIgniter\Model->doInsert([...])
 7 SYSTEMPATH\Model.php(802): CodeIgniter\BaseModel->insert([...], true)
 8 APPPATH\Models\NotificationModel.php(118): CodeIgniter\Model->insert([...])
 9 APPPATH\Controllers\Notifications.php(87): App\Models\NotificationModel->createNotification([...])
10 SYSTEMPATH\CodeIgniter.php(933): App\Controllers\Notifications->store()
11 SYSTEMPATH\CodeIgniter.php(509): CodeIgniter\CodeIgniter->runController(Object(App\Controllers\Notifications))
12 SYSTEMPATH\CodeIgniter.php(355): CodeIgniter\CodeIgniter->handleRequest(null, Object(Config\Cache), false)
13 SYSTEMPATH\Boot.php(325): CodeIgniter\CodeIgniter->run()
14 SYSTEMPATH\Boot.php(67): CodeIgniter\Boot::runCodeIgniter(Object(CodeIgniter\CodeIgniter))
15 FCPATH\index.php(56): CodeIgniter\Boot::bootWeb(Object(Config\Paths))
INFO - 2026-03-09 09:04:30 --> Session: Class initialized using 'CodeIgniter\Session\Handlers\FileHandler' driver.
INFO - 2026-03-09 09:04:30 --> Session: Class initialized using 'CodeIgniter\Session\Handlers\FileHandler' driver.
ERROR - 2026-03-09 09:05:10 --> mysqli_sql_exception: Table 'document_templates' already exists in C:\xampp\htdocs\DMS\system\Database\MySQLi\Connection.php:312
Stack trace:
#0 C:\xampp\htdocs\DMS\system\Database\MySQLi\Connection.php(312): mysqli->query('CREATE TABLE `d...', 0)
#1 C:\xampp\htdocs\DMS\system\Database\BaseConnection.php(734): CodeIgniter\Database\MySQLi\Connection->execute('CREATE TABLE `d...')
#2 C:\xampp\htdocs\DMS\system\Database\BaseConnection.php(648): CodeIgniter\Database\BaseConnection->simpleQuery('CREATE TABLE `d...')
#3 C:\xampp\htdocs\DMS\system\Database\Forge.php(570): CodeIgniter\Database\BaseConnection->query('CREATE TABLE `d...')
#4 C:\xampp\htdocs\DMS\app\Database\Migrations\2026-02-25-120000_CreateDocumentTemplatesTable.php(64): CodeIgniter\Database\Forge->createTable('document_templa...')
#5 C:\xampp\htdocs\DMS\system\Database\MigrationRunner.php(867): App\Database\Migrations\CreateDocumentTemplatesTable->up()
#6 C:\xampp\htdocs\DMS\system\Database\MigrationRunner.php(183): CodeIgniter\Database\MigrationRunner->migrate('up', Object(stdClass))
#7 C:\xampp\htdocs\DMS\system\Commands\Database\Migrate.php(85): CodeIgniter\Database\MigrationRunner->latest(NULL)
#8 C:\xampp\htdocs\DMS\system\CLI\Commands.php(70): CodeIgniter\Commands\Database\Migrate->run(Array)
#9 C:\xampp\htdocs\DMS\system\CLI\Console.php(48): CodeIgniter\CLI\Commands->run('migrate', Array)
#10 C:\xampp\htdocs\DMS\system\Boot.php(351): CodeIgniter\CLI\Console->run()
#11 C:\xampp\htdocs\DMS\system\Boot.php(104): CodeIgniter\Boot::runCommand(Object(CodeIgniter\CLI\Console))
#12 C:\xampp\htdocs\DMS\spark(84): CodeIgniter\Boot::bootSpark(Object(Config\Paths))
#13 {main}
INFO - 2026-03-09 09:06:09 --> Session: Class initialized using 'CodeIgniter\Session\Handlers\FileHandler' driver.
ERROR - 2026-03-09 14:38:58 --> mysqli_sql_exception: Table 'document_templates' already exists in C:\xampp\htdocs\DMS\system\Database\MySQLi\Connection.php:312
Stack trace:
#0 C:\xampp\htdocs\DMS\system\Database\MySQLi\Connection.php(312): mysqli->query('CREATE TABLE `d...', 0)
#1 C:\xampp\htdocs\DMS\system\Database\BaseConnection.php(734): CodeIgniter\Database\MySQLi\Connection->execute('CREATE TABLE `d...')
#2 C:\xampp\htdocs\DMS\system\Database\BaseConnection.php(648): CodeIgniter\Database\BaseConnection->simpleQuery('CREATE TABLE `d...')
#3 C:\xampp\htdocs\DMS\system\Database\Forge.php(570): CodeIgniter\Database\BaseConnection->query('CREATE TABLE `d...')
#4 C:\xampp\htdocs\DMS\app\Database\Migrations\2026-02-25-120000_CreateDocumentTemplatesTable.php(64): CodeIgniter\Database\Forge->createTable('document_templa...')
#5 C:\xampp\htdocs\DMS\system\Database\MigrationRunner.php(867): App\Database\Migrations\CreateDocumentTemplatesTable->up()
#6 C:\xampp\htdocs\DMS\system\Database\MigrationRunner.php(183): CodeIgniter\Database\MigrationRunner->migrate('up', Object(stdClass))
#7 C:\xampp\htdocs\DMS\system\Commands\Database\Migrate.php(85): CodeIgniter\Database\MigrationRunner->latest(NULL)
#8 C:\xampp\htdocs\DMS\system\CLI\Commands.php(70): CodeIgniter\Commands\Database\Migrate->run(Array)
#9 C:\xampp\htdocs\DMS\system\CLI\Console.php(48): CodeIgniter\CLI\Commands->run('migrate', Array)
#10 C:\xampp\htdocs\DMS\system\Boot.php(351): CodeIgniter\CLI\Console->run()
#11 C:\xampp\htdocs\DMS\system\Boot.php(104): CodeIgniter\Boot::runCommand(Object(CodeIgniter\CLI\Console))
#12 C:\xampp\htdocs\DMS\spark(84): CodeIgniter\Boot::bootSpark(Object(Config\Paths))
#13 {main}
INFO - 2026-03-09 14:39:40 --> Session: Class initialized using 'CodeIgniter\Session\Handlers\FileHandler' driver.
INFO - 2026-03-09 14:39:53 --> Session: Class initialized using 'CodeIgniter\Session\Handlers\FileHandler' driver.
INFO - 2026-03-09 14:40:02 --> Session: Class initialized using 'CodeIgniter\Session\Handlers\FileHandler' driver.
INFO - 2026-03-09 14:40:39 --> Session: Class initialized using 'CodeIgniter\Session\Handlers\FileHandler' driver.
INFO - 2026-03-09 14:41:22 --> Session: Class initialized using 'CodeIgniter\Session\Handlers\FileHandler' driver.
INFO - 2026-03-09 14:41:23 --> Session: Class initialized using 'CodeIgniter\Session\Handlers\FileHandler' driver.
INFO - 2026-03-09 14:42:11 --> Session: Class initialized using 'CodeIgniter\Session\Handlers\FileHandler' driver.
INFO - 2026-03-09 14:42:20 --> Session: Class initialized using 'CodeIgniter\Session\Handlers\FileHandler' driver.
INFO - 2026-03-09 14:43:28 --> Session: Class initialized using 'CodeIgniter\Session\Handlers\FileHandler' driver.
INFO - 2026-03-09 14:43:35 --> Session: Class initialized using 'CodeIgniter\Session\Handlers\FileHandler' driver.
INFO - 2026-03-09 14:43:46 --> Session: Class initialized using 'CodeIgniter\Session\Handlers\FileHandler' driver.
INFO - 2026-03-09 14:43:59 --> Session: Class initialized using 'CodeIgniter\Session\Handlers\FileHandler' driver.
INFO - 2026-03-09 14:44:00 --> Session: Class initialized using 'CodeIgniter\Session\Handlers\FileHandler' driver.
INFO - 2026-03-09 14:44:02 --> Session: Class initialized using 'CodeIgniter\Session\Handlers\FileHandler' driver.
INFO - 2026-03-09 14:44:03 --> Session: Class initialized using 'CodeIgniter\Session\Handlers\FileHandler' driver.
INFO - 2026-03-09 14:44:29 --> Session: Class initialized using 'CodeIgniter\Session\Handlers\FileHandler' driver.
INFO - 2026-03-09 14:44:43 --> Session: Class initialized using 'CodeIgniter\Session\Handlers\FileHandler' driver.
INFO - 2026-03-09 14:44:46 --> Session: Class initialized using 'CodeIgniter\Session\Handlers\FileHandler' driver.
INFO - 2026-03-09 14:44:48 --> Session: Class initialized using 'CodeIgniter\Session\Handlers\FileHandler' driver.
INFO - 2026-03-09 14:44:52 --> Session: Class initialized using 'CodeIgniter\Session\Handlers\FileHandler' driver.
INFO - 2026-03-09 14:44:56 --> Session: Class initialized using 'CodeIgniter\Session\Handlers\FileHandler' driver.
INFO - 2026-03-09 14:44:58 --> Session: Class initialized using 'CodeIgniter\Session\Handlers\FileHandler' driver.
INFO - 2026-03-09 14:45:01 --> Session: Class initialized using 'CodeIgniter\Session\Handlers\FileHandler' driver.
INFO - 2026-03-09 14:45:15 --> Session: Class initialized using 'CodeIgniter\Session\Handlers\FileHandler' driver.
INFO - 2026-03-09 14:45:21 --> Session: Class initialized using 'CodeIgniter\Session\Handlers\FileHandler' driver.
INFO - 2026-03-09 14:45:45 --> Session: Class initialized using 'CodeIgniter\Session\Handlers\FileHandler' driver.
INFO - 2026-03-09 14:45:47 --> Session: Class initialized using 'CodeIgniter\Session\Handlers\FileHandler' driver.
INFO - 2026-03-09 14:45:48 --> Session: Class initialized using 'CodeIgniter\Session\Handlers\FileHandler' driver.
INFO - 2026-03-09 14:45:50 --> Session: Class initialized using 'CodeIgniter\Session\Handlers\FileHandler' driver.
INFO - 2026-03-09 14:45:51 --> Session: Class initialized using 'CodeIgniter\Session\Handlers\FileHandler' driver.
INFO - 2026-03-09 14:45:53 --> Session: Class initialized using 'CodeIgniter\Session\Handlers\FileHandler' driver.
INFO - 2026-03-09 14:46:38 --> Session: Class initialized using 'CodeIgniter\Session\Handlers\FileHandler' driver.
INFO - 2026-03-09 14:46:41 --> Session: Class initialized using 'CodeIgniter\Session\Handlers\FileHandler' driver.
INFO - 2026-03-09 14:46:44 --> Session: Class initialized using 'CodeIgniter\Session\Handlers\FileHandler' driver.
INFO - 2026-03-09 14:47:59 --> Session: Class initialized using 'CodeIgniter\Session\Handlers\FileHandler' driver.
INFO - 2026-03-09 14:48:00 --> Session: Class initialized using 'CodeIgniter\Session\Handlers\FileHandler' driver.
INFO - 2026-03-09 14:48:06 --> Session: Class initialized using 'CodeIgniter\Session\Handlers\FileHandler' driver.
INFO - 2026-03-09 14:48:16 --> Session: Class initialized using 'CodeIgniter\Session\Handlers\FileHandler' driver.
INFO - 2026-03-09 14:48:22 --> Session: Class initialized using 'CodeIgniter\Session\Handlers\FileHandler' driver.
INFO - 2026-03-09 14:48:29 --> Session: Class initialized using 'CodeIgniter\Session\Handlers\FileHandler' driver.
INFO - 2026-03-09 14:48:54 --> Session: Class initialized using 'CodeIgniter\Session\Handlers\FileHandler' driver.
INFO - 2026-03-09 14:58:55 --> Session: Class initialized using 'CodeIgniter\Session\Handlers\FileHandler' driver.
INFO - 2026-03-09 14:59:01 --> Session: Class initialized using 'CodeIgniter\Session\Handlers\FileHandler' driver.
INFO - 2026-03-09 15:03:33 --> Session: Class initialized using 'CodeIgniter\Session\Handlers\FileHandler' driver.
ERROR - 2026-03-09 15:03:49 --> mysqli_sql_exception: Table 'document_templates' already exists in C:\xampp\htdocs\DMS\system\Database\MySQLi\Connection.php:312
Stack trace:
#0 C:\xampp\htdocs\DMS\system\Database\MySQLi\Connection.php(312): mysqli->query('CREATE TABLE `d...', 0)
#1 C:\xampp\htdocs\DMS\system\Database\BaseConnection.php(734): CodeIgniter\Database\MySQLi\Connection->execute('CREATE TABLE `d...')
#2 C:\xampp\htdocs\DMS\system\Database\BaseConnection.php(648): CodeIgniter\Database\BaseConnection->simpleQuery('CREATE TABLE `d...')
#3 C:\xampp\htdocs\DMS\system\Database\Forge.php(570): CodeIgniter\Database\BaseConnection->query('CREATE TABLE `d...')
#4 C:\xampp\htdocs\DMS\app\Database\Migrations\2026-02-25-120000_CreateDocumentTemplatesTable.php(64): CodeIgniter\Database\Forge->createTable('document_templa...')
#5 C:\xampp\htdocs\DMS\system\Database\MigrationRunner.php(867): App\Database\Migrations\CreateDocumentTemplatesTable->up()
#6 C:\xampp\htdocs\DMS\system\Database\MigrationRunner.php(183): CodeIgniter\Database\MigrationRunner->migrate('up', Object(stdClass))
#7 C:\xampp\htdocs\DMS\system\Commands\Database\Migrate.php(85): CodeIgniter\Database\MigrationRunner->latest(NULL)
#8 C:\xampp\htdocs\DMS\system\CLI\Commands.php(70): CodeIgniter\Commands\Database\Migrate->run(Array)
#9 C:\xampp\htdocs\DMS\system\CLI\Console.php(48): CodeIgniter\CLI\Commands->run('migrate', Array)
#10 C:\xampp\htdocs\DMS\system\Boot.php(351): CodeIgniter\CLI\Console->run()
#11 C:\xampp\htdocs\DMS\system\Boot.php(104): CodeIgniter\Boot::runCommand(Object(CodeIgniter\CLI\Console))
#12 C:\xampp\htdocs\DMS\spark(84): CodeIgniter\Boot::bootSpark(Object(Config\Paths))
#13 {main}
INFO - 2026-03-09 15:05:18 --> Session: Class initialized using 'CodeIgniter\Session\Handlers\FileHandler' driver.
INFO - 2026-03-09 15:06:13 --> Session: Class initialized using 'CodeIgniter\Session\Handlers\FileHandler' driver.
INFO - 2026-03-09 15:06:13 --> Session: Class initialized using 'CodeIgniter\Session\Handlers\FileHandler' driver.
INFO - 2026-03-09 15:06:27 --> Session: Class initialized using 'CodeIgniter\Session\Handlers\FileHandler' driver.
INFO - 2026-03-09 15:06:27 --> Session: Class initialized using 'CodeIgniter\Session\Handlers\FileHandler' driver.
INFO - 2026-03-09 15:06:32 --> Session: Class initialized using 'CodeIgniter\Session\Handlers\FileHandler' driver.
INFO - 2026-03-09 15:06:58 --> Session: Class initialized using 'CodeIgniter\Session\Handlers\FileHandler' driver.
INFO - 2026-03-09 15:07:02 --> Session: Class initialized using 'CodeIgniter\Session\Handlers\FileHandler' driver.
INFO - 2026-03-09 15:07:08 --> Session: Class initialized using 'CodeIgniter\Session\Handlers\FileHandler' driver.
INFO - 2026-03-09 15:07:09 --> Session: Class initialized using 'CodeIgniter\Session\Handlers\FileHandler' driver.
INFO - 2026-03-09 15:07:14 --> Session: Class initialized using 'CodeIgniter\Session\Handlers\FileHandler' driver.
ERROR - 2026-03-09 15:07:20 --> Email: sendWithMail throwed ErrorException: mail(): Failed to connect to mailserver at &quot;localhost&quot; port 25, verify your &quot;SMTP&quot; and &quot;smtp_port&quot; setting in php.ini or use ini_set() in C:\xampp\htdocs\DMS\system\Email\Email.php:1762
Stack trace:
#0 [internal function]: CodeIgniter\Debug\Exceptions->errorHandler(2, 'mail(): Failed ...', 'C:\\xampp\\htdocs...', 1762)
#1 C:\xampp\htdocs\DMS\system\Email\Email.php(1762): mail('jr.developer.no...', '=?UTF-8?Q?Passw...', 'This is a multi...', 'Date: Mon, 9 Ma...', '-f admin@novami...')
#2 C:\xampp\htdocs\DMS\system\Email\Email.php(1694): CodeIgniter\Email\Email->sendWithMail()
#3 C:\xampp\htdocs\DMS\system\Email\Email.php(1589): CodeIgniter\Email\Email->spoolEmail()
#4 C:\xampp\htdocs\DMS\app\Helpers\mail_helper.php(21): CodeIgniter\Email\Email->send()
#5 C:\xampp\htdocs\DMS\app\Controllers\Auth.php(206): sendEmail('jr.developer.no...', 'Password Reset ...', '\r\n             ...')
#6 C:\xampp\htdocs\DMS\system\CodeIgniter.php(933): App\Controllers\Auth->resetPasswordRequest()
#7 C:\xampp\htdocs\DMS\system\CodeIgniter.php(509): CodeIgniter\CodeIgniter->runController(Object(App\Controllers\Auth))
#8 C:\xampp\htdocs\DMS\system\CodeIgniter.php(355): CodeIgniter\CodeIgniter->handleRequest(NULL, Object(Config\Cache), false)
#9 C:\xampp\htdocs\DMS\system\Boot.php(325): CodeIgniter\CodeIgniter->run()
#10 C:\xampp\htdocs\DMS\system\Boot.php(67): CodeIgniter\Boot::runCodeIgniter(Object(CodeIgniter\CodeIgniter))
#11 C:\xampp\htdocs\DMS\public\index.php(56): CodeIgniter\Boot::bootWeb(Object(Config\Paths))
#12 {main}
ERROR - 2026-03-09 15:07:20 --> Email: Unable to send email using PHP mail(). Your server might not be configured to send mail using this method.
ERROR - 2026-03-09 15:07:20 --> 
ERROR - 2026-03-09 15:07:20 --> Email failed: Unable to send email using PHP mail(). Your server might not be configured to send mail using this method.<br><pre>Date: Mon, 9 Mar 2026 15:07:18 +0530
From: &quot;Medzus Healthcare Pvt. Ltd.&quot; &lt;admin@novamiinfotechs.com&gt;
Return-Path: &lt;admin@novamiinfotechs.com&gt;
Reply-To: &lt;admin@novamiinfotechs.com&gt;
User-Agent: CodeIgniter
X-Sender: admin@novamiinfotechs.com
X-Mailer: CodeIgniter
X-Priority: 3 (Normal)
Message-ID: &lt;69ae94ce6d5952.68143701@novamiinfotechs.com&gt;
Mime-Version: 1.0
Content-Type: multipart/alternative; boundary=&quot;B_ALT_69ae94ce6d6547.47374797&quot;
</pre>
CRITICAL - 2026-03-09 15:07:20 --> TypeError: Cannot access offset of type string on string
[Method: POST, Route: reset-password]
in APPPATH\Models\NotificationModel.php on line 123.
 1 APPPATH\Controllers\Auth.php(213): App\Models\NotificationModel->createNotification('15', 'password_reset', 'User Jeanette Burnett requested a password reset. Token sent to admin.', '1')
 2 SYSTEMPATH\CodeIgniter.php(933): App\Controllers\Auth->resetPasswordRequest()
 3 SYSTEMPATH\CodeIgniter.php(509): CodeIgniter\CodeIgniter->runController(Object(App\Controllers\Auth))
 4 SYSTEMPATH\CodeIgniter.php(355): CodeIgniter\CodeIgniter->handleRequest(null, Object(Config\Cache), false)
 5 SYSTEMPATH\Boot.php(325): CodeIgniter\CodeIgniter->run()
 6 SYSTEMPATH\Boot.php(67): CodeIgniter\Boot::runCodeIgniter(Object(CodeIgniter\CodeIgniter))
 7 FCPATH\index.php(56): CodeIgniter\Boot::bootWeb(Object(Config\Paths))
ERROR - 2026-03-09 15:09:03 --> Email: sendWithMail throwed ErrorException: mail(): Failed to connect to mailserver at &quot;localhost&quot; port 25, verify your &quot;SMTP&quot; and &quot;smtp_port&quot; setting in php.ini or use ini_set() in C:\xampp\htdocs\DMS\system\Email\Email.php:1762
Stack trace:
#0 [internal function]: CodeIgniter\Debug\Exceptions->errorHandler(2, 'mail(): Failed ...', 'C:\\xampp\\htdocs...', 1762)
#1 C:\xampp\htdocs\DMS\system\Email\Email.php(1762): mail('jr.developer.no...', '=?UTF-8?Q?Passw...', 'This is a multi...', 'Date: Mon, 9 Ma...', '-f admin@novami...')
#2 C:\xampp\htdocs\DMS\system\Email\Email.php(1694): CodeIgniter\Email\Email->sendWithMail()
#3 C:\xampp\htdocs\DMS\system\Email\Email.php(1589): CodeIgniter\Email\Email->spoolEmail()
#4 C:\xampp\htdocs\DMS\app\Helpers\mail_helper.php(21): CodeIgniter\Email\Email->send()
#5 C:\xampp\htdocs\DMS\app\Controllers\Auth.php(207): sendEmail('jr.developer.no...', 'Password Reset ...', '\r\n             ...')
#6 C:\xampp\htdocs\DMS\system\CodeIgniter.php(933): App\Controllers\Auth->resetPasswordRequest()
#7 C:\xampp\htdocs\DMS\system\CodeIgniter.php(509): CodeIgniter\CodeIgniter->runController(Object(App\Controllers\Auth))
#8 C:\xampp\htdocs\DMS\system\CodeIgniter.php(355): CodeIgniter\CodeIgniter->handleRequest(NULL, Object(Config\Cache), false)
#9 C:\xampp\htdocs\DMS\system\Boot.php(325): CodeIgniter\CodeIgniter->run()
#10 C:\xampp\htdocs\DMS\system\Boot.php(67): CodeIgniter\Boot::runCodeIgniter(Object(CodeIgniter\CodeIgniter))
#11 C:\xampp\htdocs\DMS\public\index.php(56): CodeIgniter\Boot::bootWeb(Object(Config\Paths))
#12 {main}
ERROR - 2026-03-09 15:09:03 --> Email: Unable to send email using PHP mail(). Your server might not be configured to send mail using this method.
ERROR - 2026-03-09 15:09:03 --> 
ERROR - 2026-03-09 15:09:03 --> Email failed: Unable to send email using PHP mail(). Your server might not be configured to send mail using this method.<br><pre>Date: Mon, 9 Mar 2026 15:09:01 +0530
From: &quot;Medzus Healthcare Pvt. Ltd.&quot; &lt;admin@novamiinfotechs.com&gt;
Return-Path: &lt;admin@novamiinfotechs.com&gt;
Reply-To: &lt;admin@novamiinfotechs.com&gt;
User-Agent: CodeIgniter
X-Sender: admin@novamiinfotechs.com
X-Mailer: CodeIgniter
X-Priority: 3 (Normal)
Message-ID: &lt;69ae953529f2d1.23521544@novamiinfotechs.com&gt;
Mime-Version: 1.0
Content-Type: multipart/alternative; boundary=&quot;B_ALT_69ae953529f574.90520703&quot;
</pre>
INFO - 2026-03-09 15:09:03 --> Session: Class initialized using 'CodeIgniter\Session\Handlers\FileHandler' driver.
INFO - 2026-03-09 15:09:03 --> Session: Class initialized using 'CodeIgniter\Session\Handlers\FileHandler' driver.
DEBUG - 2026-03-09 15:09:33 --> Reset password for jeanette with value: 123
INFO - 2026-03-09 15:09:33 --> Session: Class initialized using 'CodeIgniter\Session\Handlers\FileHandler' driver.
INFO - 2026-03-09 15:09:34 --> Session: Class initialized using 'CodeIgniter\Session\Handlers\FileHandler' driver.
INFO - 2026-03-09 15:09:40 --> Session: Class initialized using 'CodeIgniter\Session\Handlers\FileHandler' driver.
INFO - 2026-03-09 15:09:45 --> Session: Class initialized using 'CodeIgniter\Session\Handlers\FileHandler' driver.
INFO - 2026-03-09 15:09:45 --> Session: Class initialized using 'CodeIgniter\Session\Handlers\FileHandler' driver.
INFO - 2026-03-09 15:12:24 --> Session: Class initialized using 'CodeIgniter\Session\Handlers\FileHandler' driver.
INFO - 2026-03-09 15:12:36 --> Session: Class initialized using 'CodeIgniter\Session\Handlers\FileHandler' driver.
INFO - 2026-03-09 15:13:40 --> Session: Class initialized using 'CodeIgniter\Session\Handlers\FileHandler' driver.
