INFO - 2026-02-27 04:11:45 --> Session: Class initialized using 'CodeIgniter\Session\Handlers\FileHandler' driver.
INFO - 2026-02-27 04:11:49 --> Session: Class initialized using 'CodeIgniter\Session\Handlers\FileHandler' driver.
INFO - 2026-02-27 04:12:04 --> Session: Class initialized using 'CodeIgniter\Session\Handlers\FileHandler' driver.
INFO - 2026-02-27 04:12:06 --> Session: Class initialized using 'CodeIgniter\Session\Handlers\FileHandler' driver.
INFO - 2026-02-27 04:12:36 --> Session: Class initialized using 'CodeIgniter\Session\Handlers\FileHandler' driver.
INFO - 2026-02-27 04:12:38 --> Session: Class initialized using 'CodeIgniter\Session\Handlers\FileHandler' driver.
INFO - 2026-02-27 04:12:42 --> Session: Class initialized using 'CodeIgniter\Session\Handlers\FileHandler' driver.
INFO - 2026-02-27 04:12:44 --> Session: Class initialized using 'CodeIgniter\Session\Handlers\FileHandler' driver.
INFO - 2026-02-27 04:13:25 --> Session: Class initialized using 'CodeIgniter\Session\Handlers\FileHandler' driver.
INFO - 2026-02-27 04:13:33 --> Session: Class initialized using 'CodeIgniter\Session\Handlers\FileHandler' driver.
INFO - 2026-02-27 04:17:14 --> Session: Class initialized using 'CodeIgniter\Session\Handlers\FileHandler' driver.
INFO - 2026-02-27 04:17:17 --> Session: Class initialized using 'CodeIgniter\Session\Handlers\FileHandler' driver.
INFO - 2026-02-27 04:18:41 --> Session: Class initialized using 'CodeIgniter\Session\Handlers\FileHandler' driver.
INFO - 2026-02-27 04:18:44 --> Session: Class initialized using 'CodeIgniter\Session\Handlers\FileHandler' driver.
INFO - 2026-02-27 04:19:07 --> Session: Class initialized using 'CodeIgniter\Session\Handlers\FileHandler' driver.
INFO - 2026-02-27 04:19:07 --> Session: Class initialized using 'CodeIgniter\Session\Handlers\FileHandler' driver.
INFO - 2026-02-27 04:19:18 --> Session: Class initialized using 'CodeIgniter\Session\Handlers\FileHandler' driver.
INFO - 2026-02-27 04:20:40 --> Session: Class initialized using 'CodeIgniter\Session\Handlers\FileHandler' driver.
CRITICAL - 2026-02-27 04:20:40 --> ErrorException: Undefined variable $template
[Method: GET, Route: templates/create]
in APPPATH\Views\templates\create.php on line 59.
 1 APPPATH\Views\templates\create.php(59): CodeIgniter\Debug\Exceptions->errorHandler(2, 'Undefined variable $template', 'C:\\xampp\\htdocs\\DMS\\app\\Views\\templates\\create.php', 59)
 2 SYSTEMPATH\View\View.php(234): include('C:\\xampp\\htdocs\\DMS\\app\\Views\\templates\\create.php')
 3 SYSTEMPATH\View\View.php(237): CodeIgniter\View\View->CodeIgniter\View\{closure}()
 4 SYSTEMPATH\Common.php(1171): CodeIgniter\View\View->render('templates/create', [], true)
 5 APPPATH\Controllers\Templates.php(43): view('templates/create', [...])
 6 SYSTEMPATH\CodeIgniter.php(933): App\Controllers\Templates->create()
 7 SYSTEMPATH\CodeIgniter.php(509): CodeIgniter\CodeIgniter->runController(Object(App\Controllers\Templates))
 8 SYSTEMPATH\CodeIgniter.php(355): CodeIgniter\CodeIgniter->handleRequest(null, Object(Config\Cache), false)
 9 SYSTEMPATH\Boot.php(325): CodeIgniter\CodeIgniter->run()
10 SYSTEMPATH\Boot.php(67): CodeIgniter\Boot::runCodeIgniter(Object(CodeIgniter\CodeIgniter))
11 FCPATH\index.php(56): CodeIgniter\Boot::bootWeb(Object(Config\Paths))
INFO - 2026-02-27 04:23:20 --> Session: Class initialized using 'CodeIgniter\Session\Handlers\FileHandler' driver.
INFO - 2026-02-27 04:25:03 --> Session: Class initialized using 'CodeIgniter\Session\Handlers\FileHandler' driver.
INFO - 2026-02-27 04:25:04 --> Session: Class initialized using 'CodeIgniter\Session\Handlers\FileHandler' driver.
INFO - 2026-02-27 04:25:49 --> Session: Class initialized using 'CodeIgniter\Session\Handlers\FileHandler' driver.
INFO - 2026-02-27 04:25:49 --> Session: Class initialized using 'CodeIgniter\Session\Handlers\FileHandler' driver.
INFO - 2026-02-27 04:26:13 --> Session: Class initialized using 'CodeIgniter\Session\Handlers\FileHandler' driver.
INFO - 2026-02-27 04:26:15 --> Session: Class initialized using 'CodeIgniter\Session\Handlers\FileHandler' driver.
INFO - 2026-02-27 04:26:24 --> Session: Class initialized using 'CodeIgniter\Session\Handlers\FileHandler' driver.
INFO - 2026-02-27 04:26:26 --> Session: Class initialized using 'CodeIgniter\Session\Handlers\FileHandler' driver.
INFO - 2026-02-27 04:26:32 --> Session: Class initialized using 'CodeIgniter\Session\Handlers\FileHandler' driver.
INFO - 2026-02-27 04:26:40 --> Session: Class initialized using 'CodeIgniter\Session\Handlers\FileHandler' driver.
INFO - 2026-02-27 04:26:40 --> Session: Class initialized using 'CodeIgniter\Session\Handlers\FileHandler' driver.
INFO - 2026-02-27 04:26:45 --> Session: Class initialized using 'CodeIgniter\Session\Handlers\FileHandler' driver.
INFO - 2026-02-27 04:27:15 --> Session: Class initialized using 'CodeIgniter\Session\Handlers\FileHandler' driver.
INFO - 2026-02-27 04:27:23 --> Session: Class initialized using 'CodeIgniter\Session\Handlers\FileHandler' driver.
INFO - 2026-02-27 04:27:54 --> Session: Class initialized using 'CodeIgniter\Session\Handlers\FileHandler' driver.
INFO - 2026-02-27 04:27:58 --> Session: Class initialized using 'CodeIgniter\Session\Handlers\FileHandler' driver.
INFO - 2026-02-27 04:28:39 --> Session: Class initialized using 'CodeIgniter\Session\Handlers\FileHandler' driver.
INFO - 2026-02-27 04:28:49 --> Session: Class initialized using 'CodeIgniter\Session\Handlers\FileHandler' driver.
INFO - 2026-02-27 04:28:58 --> Session: Class initialized using 'CodeIgniter\Session\Handlers\FileHandler' driver.
INFO - 2026-02-27 04:35:02 --> Session: Class initialized using 'CodeIgniter\Session\Handlers\FileHandler' driver.
INFO - 2026-02-27 04:43:06 --> Session: Class initialized using 'CodeIgniter\Session\Handlers\FileHandler' driver.
INFO - 2026-02-27 04:47:11 --> Session: Class initialized using 'CodeIgniter\Session\Handlers\FileHandler' driver.
INFO - 2026-02-27 04:47:16 --> Session: Class initialized using 'CodeIgniter\Session\Handlers\FileHandler' driver.
INFO - 2026-02-27 04:47:24 --> Session: Class initialized using 'CodeIgniter\Session\Handlers\FileHandler' driver.
INFO - 2026-02-27 04:47:24 --> Session: Class initialized using 'CodeIgniter\Session\Handlers\FileHandler' driver.
INFO - 2026-02-27 04:47:33 --> Session: Class initialized using 'CodeIgniter\Session\Handlers\FileHandler' driver.
INFO - 2026-02-27 04:47:41 --> Session: Class initialized using 'CodeIgniter\Session\Handlers\FileHandler' driver.
INFO - 2026-02-27 04:47:45 --> Session: Class initialized using 'CodeIgniter\Session\Handlers\FileHandler' driver.
INFO - 2026-02-27 04:49:18 --> Session: Class initialized using 'CodeIgniter\Session\Handlers\FileHandler' driver.
INFO - 2026-02-27 04:49:19 --> Session: Class initialized using 'CodeIgniter\Session\Handlers\FileHandler' driver.
INFO - 2026-02-27 04:49:24 --> Session: Class initialized using 'CodeIgniter\Session\Handlers\FileHandler' driver.
INFO - 2026-02-27 04:49:37 --> Session: Class initialized using 'CodeIgniter\Session\Handlers\FileHandler' driver.
INFO - 2026-02-27 04:49:37 --> Session: Class initialized using 'CodeIgniter\Session\Handlers\FileHandler' driver.
INFO - 2026-02-27 04:49:43 --> Session: Class initialized using 'CodeIgniter\Session\Handlers\FileHandler' driver.
INFO - 2026-02-27 04:49:43 --> Session: Class initialized using 'CodeIgniter\Session\Handlers\FileHandler' driver.
INFO - 2026-02-27 04:49:48 --> Session: Class initialized using 'CodeIgniter\Session\Handlers\FileHandler' driver.
INFO - 2026-02-27 04:49:56 --> Session: Class initialized using 'CodeIgniter\Session\Handlers\FileHandler' driver.
INFO - 2026-02-27 04:50:04 --> Session: Class initialized using 'CodeIgniter\Session\Handlers\FileHandler' driver.
INFO - 2026-02-27 04:50:25 --> Session: Class initialized using 'CodeIgniter\Session\Handlers\FileHandler' driver.
INFO - 2026-02-27 04:50:28 --> Session: Class initialized using 'CodeIgniter\Session\Handlers\FileHandler' driver.
INFO - 2026-02-27 04:50:29 --> Session: Class initialized using 'CodeIgniter\Session\Handlers\FileHandler' driver.
INFO - 2026-02-27 04:50:34 --> Session: Class initialized using 'CodeIgniter\Session\Handlers\FileHandler' driver.
INFO - 2026-02-27 04:50:41 --> Session: Class initialized using 'CodeIgniter\Session\Handlers\FileHandler' driver.
INFO - 2026-02-27 05:00:46 --> Session: Class initialized using 'CodeIgniter\Session\Handlers\FileHandler' driver.
INFO - 2026-02-27 05:06:24 --> Session: Class initialized using 'CodeIgniter\Session\Handlers\FileHandler' driver.
INFO - 2026-02-27 05:09:27 --> Session: Class initialized using 'CodeIgniter\Session\Handlers\FileHandler' driver.
INFO - 2026-02-27 05:09:35 --> Session: Class initialized using 'CodeIgniter\Session\Handlers\FileHandler' driver.
INFO - 2026-02-27 05:09:38 --> Session: Class initialized using 'CodeIgniter\Session\Handlers\FileHandler' driver.
INFO - 2026-02-27 05:09:57 --> Session: Class initialized using 'CodeIgniter\Session\Handlers\FileHandler' driver.
INFO - 2026-02-27 05:11:16 --> Session: Class initialized using 'CodeIgniter\Session\Handlers\FileHandler' driver.
INFO - 2026-02-27 05:11:20 --> Session: Class initialized using 'CodeIgniter\Session\Handlers\FileHandler' driver.
INFO - 2026-02-27 05:11:27 --> Session: Class initialized using 'CodeIgniter\Session\Handlers\FileHandler' driver.
INFO - 2026-02-27 05:12:17 --> Session: Class initialized using 'CodeIgniter\Session\Handlers\FileHandler' driver.
INFO - 2026-02-27 05:12:20 --> Session: Class initialized using 'CodeIgniter\Session\Handlers\FileHandler' driver.
INFO - 2026-02-27 05:12:26 --> Session: Class initialized using 'CodeIgniter\Session\Handlers\FileHandler' driver.
INFO - 2026-02-27 05:41:16 --> Session: Class initialized using 'CodeIgniter\Session\Handlers\FileHandler' driver.
INFO - 2026-02-27 05:41:20 --> Session: Class initialized using 'CodeIgniter\Session\Handlers\FileHandler' driver.
INFO - 2026-02-27 05:41:27 --> Session: Class initialized using 'CodeIgniter\Session\Handlers\FileHandler' driver.
INFO - 2026-02-27 05:41:27 --> Session: Class initialized using 'CodeIgniter\Session\Handlers\FileHandler' driver.
INFO - 2026-02-27 05:41:35 --> Session: Class initialized using 'CodeIgniter\Session\Handlers\FileHandler' driver.
INFO - 2026-02-27 05:41:40 --> Session: Class initialized using 'CodeIgniter\Session\Handlers\FileHandler' driver.
INFO - 2026-02-27 05:41:40 --> Session: Class initialized using 'CodeIgniter\Session\Handlers\FileHandler' driver.
INFO - 2026-02-27 05:47:40 --> Session: Class initialized using 'CodeIgniter\Session\Handlers\FileHandler' driver.
INFO - 2026-02-27 05:47:43 --> Session: Class initialized using 'CodeIgniter\Session\Handlers\FileHandler' driver.
INFO - 2026-02-27 05:47:46 --> Session: Class initialized using 'CodeIgniter\Session\Handlers\FileHandler' driver.
INFO - 2026-02-27 05:47:52 --> Session: Class initialized using 'CodeIgniter\Session\Handlers\FileHandler' driver.
INFO - 2026-02-27 05:49:34 --> Session: Class initialized using 'CodeIgniter\Session\Handlers\FileHandler' driver.
INFO - 2026-02-27 05:49:43 --> Session: Class initialized using 'CodeIgniter\Session\Handlers\FileHandler' driver.
INFO - 2026-02-27 05:49:51 --> Session: Class initialized using 'CodeIgniter\Session\Handlers\FileHandler' driver.
INFO - 2026-02-27 05:54:29 --> Session: Class initialized using 'CodeIgniter\Session\Handlers\FileHandler' driver.
INFO - 2026-02-27 05:54:37 --> Session: Class initialized using 'CodeIgniter\Session\Handlers\FileHandler' driver.
INFO - 2026-02-27 05:54:41 --> Session: Class initialized using 'CodeIgniter\Session\Handlers\FileHandler' driver.
INFO - 2026-02-27 05:54:55 --> Session: Class initialized using 'CodeIgniter\Session\Handlers\FileHandler' driver.
INFO - 2026-02-27 05:54:58 --> Session: Class initialized using 'CodeIgniter\Session\Handlers\FileHandler' driver.
INFO - 2026-02-27 05:55:21 --> Session: Class initialized using 'CodeIgniter\Session\Handlers\FileHandler' driver.
INFO - 2026-02-27 05:55:32 --> Session: Class initialized using 'CodeIgniter\Session\Handlers\FileHandler' driver.
INFO - 2026-02-27 06:02:11 --> Session: Class initialized using 'CodeIgniter\Session\Handlers\FileHandler' driver.
INFO - 2026-02-27 06:02:17 --> Session: Class initialized using 'CodeIgniter\Session\Handlers\FileHandler' driver.
INFO - 2026-02-27 06:02:45 --> Session: Class initialized using 'CodeIgniter\Session\Handlers\FileHandler' driver.
INFO - 2026-02-27 06:02:50 --> Session: Class initialized using 'CodeIgniter\Session\Handlers\FileHandler' driver.
INFO - 2026-02-27 06:06:07 --> Session: Class initialized using 'CodeIgniter\Session\Handlers\FileHandler' driver.
INFO - 2026-02-27 06:06:08 --> Session: Class initialized using 'CodeIgniter\Session\Handlers\FileHandler' driver.
INFO - 2026-02-27 06:06:13 --> Session: Class initialized using 'CodeIgniter\Session\Handlers\FileHandler' driver.
INFO - 2026-02-27 06:06:26 --> Session: Class initialized using 'CodeIgniter\Session\Handlers\FileHandler' driver.
INFO - 2026-02-27 06:09:20 --> Session: Class initialized using 'CodeIgniter\Session\Handlers\FileHandler' driver.
INFO - 2026-02-27 06:09:21 --> Session: Class initialized using 'CodeIgniter\Session\Handlers\FileHandler' driver.
INFO - 2026-02-27 06:19:10 --> Session: Class initialized using 'CodeIgniter\Session\Handlers\FileHandler' driver.
INFO - 2026-02-27 06:19:12 --> Session: Class initialized using 'CodeIgniter\Session\Handlers\FileHandler' driver.
INFO - 2026-02-27 06:25:45 --> Session: Class initialized using 'CodeIgniter\Session\Handlers\FileHandler' driver.
INFO - 2026-02-27 06:25:46 --> Session: Class initialized using 'CodeIgniter\Session\Handlers\FileHandler' driver.
INFO - 2026-02-27 06:26:59 --> Session: Class initialized using 'CodeIgniter\Session\Handlers\FileHandler' driver.
INFO - 2026-02-27 06:27:01 --> Session: Class initialized using 'CodeIgniter\Session\Handlers\FileHandler' driver.
INFO - 2026-02-27 06:29:45 --> Session: Class initialized using 'CodeIgniter\Session\Handlers\FileHandler' driver.
INFO - 2026-02-27 06:29:47 --> Session: Class initialized using 'CodeIgniter\Session\Handlers\FileHandler' driver.
INFO - 2026-02-27 06:37:57 --> Session: Class initialized using 'CodeIgniter\Session\Handlers\FileHandler' driver.
INFO - 2026-02-27 06:37:57 --> Session: Class initialized using 'CodeIgniter\Session\Handlers\FileHandler' driver.
INFO - 2026-02-27 06:37:59 --> Session: Class initialized using 'CodeIgniter\Session\Handlers\FileHandler' driver.
INFO - 2026-02-27 06:38:05 --> Session: Class initialized using 'CodeIgniter\Session\Handlers\FileHandler' driver.
INFO - 2026-02-27 06:38:06 --> Session: Class initialized using 'CodeIgniter\Session\Handlers\FileHandler' driver.
INFO - 2026-02-27 06:38:20 --> Session: Class initialized using 'CodeIgniter\Session\Handlers\FileHandler' driver.
INFO - 2026-02-27 06:38:21 --> Session: Class initialized using 'CodeIgniter\Session\Handlers\FileHandler' driver.
INFO - 2026-02-27 06:39:12 --> Session: Class initialized using 'CodeIgniter\Session\Handlers\FileHandler' driver.
INFO - 2026-02-27 06:39:12 --> Session: Class initialized using 'CodeIgniter\Session\Handlers\FileHandler' driver.
INFO - 2026-02-27 06:39:15 --> Session: Class initialized using 'CodeIgniter\Session\Handlers\FileHandler' driver.
INFO - 2026-02-27 06:39:16 --> Session: Class initialized using 'CodeIgniter\Session\Handlers\FileHandler' driver.
INFO - 2026-02-27 06:39:20 --> Session: Class initialized using 'CodeIgniter\Session\Handlers\FileHandler' driver.
INFO - 2026-02-27 06:39:21 --> Session: Class initialized using 'CodeIgniter\Session\Handlers\FileHandler' driver.
INFO - 2026-02-27 06:42:11 --> Session: Class initialized using 'CodeIgniter\Session\Handlers\FileHandler' driver.
INFO - 2026-02-27 06:42:12 --> Session: Class initialized using 'CodeIgniter\Session\Handlers\FileHandler' driver.
INFO - 2026-02-27 06:43:10 --> Session: Class initialized using 'CodeIgniter\Session\Handlers\FileHandler' driver.
INFO - 2026-02-27 06:43:13 --> Session: Class initialized using 'CodeIgniter\Session\Handlers\FileHandler' driver.
INFO - 2026-02-27 06:43:18 --> Session: Class initialized using 'CodeIgniter\Session\Handlers\FileHandler' driver.
INFO - 2026-02-27 06:43:18 --> Session: Class initialized using 'CodeIgniter\Session\Handlers\FileHandler' driver.
INFO - 2026-02-27 06:45:42 --> Session: Class initialized using 'CodeIgniter\Session\Handlers\FileHandler' driver.
INFO - 2026-02-27 06:45:43 --> Session: Class initialized using 'CodeIgniter\Session\Handlers\FileHandler' driver.
INFO - 2026-02-27 06:45:47 --> Session: Class initialized using 'CodeIgniter\Session\Handlers\FileHandler' driver.
INFO - 2026-02-27 06:45:56 --> Session: Class initialized using 'CodeIgniter\Session\Handlers\FileHandler' driver.
INFO - 2026-02-27 06:45:56 --> Session: Class initialized using 'CodeIgniter\Session\Handlers\FileHandler' driver.
INFO - 2026-02-27 06:46:04 --> Session: Class initialized using 'CodeIgniter\Session\Handlers\FileHandler' driver.
INFO - 2026-02-27 06:46:35 --> Session: Class initialized using 'CodeIgniter\Session\Handlers\FileHandler' driver.
INFO - 2026-02-27 06:46:45 --> Session: Class initialized using 'CodeIgniter\Session\Handlers\FileHandler' driver.
INFO - 2026-02-27 06:57:08 --> Session: Class initialized using 'CodeIgniter\Session\Handlers\FileHandler' driver.
INFO - 2026-02-27 06:58:28 --> Session: Class initialized using 'CodeIgniter\Session\Handlers\FileHandler' driver.
INFO - 2026-02-27 06:59:37 --> Session: Class initialized using 'CodeIgniter\Session\Handlers\FileHandler' driver.
INFO - 2026-02-27 07:01:16 --> Session: Class initialized using 'CodeIgniter\Session\Handlers\FileHandler' driver.
INFO - 2026-02-27 07:02:45 --> Session: Class initialized using 'CodeIgniter\Session\Handlers\FileHandler' driver.
INFO - 2026-02-27 07:03:23 --> Session: Class initialized using 'CodeIgniter\Session\Handlers\FileHandler' driver.
INFO - 2026-02-27 07:05:16 --> Session: Class initialized using 'CodeIgniter\Session\Handlers\FileHandler' driver.
INFO - 2026-02-27 07:07:17 --> Session: Class initialized using 'CodeIgniter\Session\Handlers\FileHandler' driver.
INFO - 2026-02-27 07:09:10 --> Session: Class initialized using 'CodeIgniter\Session\Handlers\FileHandler' driver.
INFO - 2026-02-27 07:11:12 --> Session: Class initialized using 'CodeIgniter\Session\Handlers\FileHandler' driver.
INFO - 2026-02-27 07:11:48 --> Session: Class initialized using 'CodeIgniter\Session\Handlers\FileHandler' driver.
INFO - 2026-02-27 07:12:23 --> Session: Class initialized using 'CodeIgniter\Session\Handlers\FileHandler' driver.
INFO - 2026-02-27 07:12:36 --> Session: Class initialized using 'CodeIgniter\Session\Handlers\FileHandler' driver.
INFO - 2026-02-27 07:14:22 --> Session: Class initialized using 'CodeIgniter\Session\Handlers\FileHandler' driver.
INFO - 2026-02-27 07:14:44 --> Session: Class initialized using 'CodeIgniter\Session\Handlers\FileHandler' driver.
INFO - 2026-02-27 07:14:53 --> Session: Class initialized using 'CodeIgniter\Session\Handlers\FileHandler' driver.
INFO - 2026-02-27 07:15:13 --> Session: Class initialized using 'CodeIgniter\Session\Handlers\FileHandler' driver.
INFO - 2026-02-27 07:16:24 --> Session: Class initialized using 'CodeIgniter\Session\Handlers\FileHandler' driver.
INFO - 2026-02-27 07:16:34 --> Session: Class initialized using 'CodeIgniter\Session\Handlers\FileHandler' driver.
INFO - 2026-02-27 07:17:31 --> Session: Class initialized using 'CodeIgniter\Session\Handlers\FileHandler' driver.
INFO - 2026-02-27 07:18:05 --> Session: Class initialized using 'CodeIgniter\Session\Handlers\FileHandler' driver.
INFO - 2026-02-27 07:18:48 --> Session: Class initialized using 'CodeIgniter\Session\Handlers\FileHandler' driver.
INFO - 2026-02-27 07:19:02 --> Session: Class initialized using 'CodeIgniter\Session\Handlers\FileHandler' driver.
INFO - 2026-02-27 07:19:05 --> Session: Class initialized using 'CodeIgniter\Session\Handlers\FileHandler' driver.
INFO - 2026-02-27 07:19:15 --> Session: Class initialized using 'CodeIgniter\Session\Handlers\FileHandler' driver.
INFO - 2026-02-27 07:19:18 --> Session: Class initialized using 'CodeIgniter\Session\Handlers\FileHandler' driver.
INFO - 2026-02-27 07:19:25 --> Session: Class initialized using 'CodeIgniter\Session\Handlers\FileHandler' driver.
INFO - 2026-02-27 07:19:27 --> Session: Class initialized using 'CodeIgniter\Session\Handlers\FileHandler' driver.
INFO - 2026-02-27 07:19:33 --> Session: Class initialized using 'CodeIgniter\Session\Handlers\FileHandler' driver.
INFO - 2026-02-27 07:21:40 --> Session: Class initialized using 'CodeIgniter\Session\Handlers\FileHandler' driver.
INFO - 2026-02-27 07:21:44 --> Session: Class initialized using 'CodeIgniter\Session\Handlers\FileHandler' driver.
INFO - 2026-02-27 07:26:34 --> Session: Class initialized using 'CodeIgniter\Session\Handlers\FileHandler' driver.
INFO - 2026-02-27 07:27:43 --> Session: Class initialized using 'CodeIgniter\Session\Handlers\FileHandler' driver.
ERROR - 2026-02-27 07:27:44 --> mysqli_sql_exception: Unknown column 'd.code' in 'field list' in C:\xampp\htdocs\DMS\system\Database\MySQLi\Connection.php:312
Stack trace:
#0 C:\xampp\htdocs\DMS\system\Database\MySQLi\Connection.php(312): mysqli->query('SELECT `d`.*, `...', 0)
#1 C:\xampp\htdocs\DMS\system\Database\BaseConnection.php(734): CodeIgniter\Database\MySQLi\Connection->execute('SELECT `d`.*, `...')
#2 C:\xampp\htdocs\DMS\system\Database\BaseConnection.php(648): CodeIgniter\Database\BaseConnection->simpleQuery('SELECT `d`.*, `...')
#3 C:\xampp\htdocs\DMS\system\Database\BaseBuilder.php(1644): CodeIgniter\Database\BaseConnection->query('SELECT `d`.*, `...', Array, false)
#4 C:\xampp\htdocs\DMS\app\Controllers\Documents.php(154): CodeIgniter\Database\BaseBuilder->get()
#5 C:\xampp\htdocs\DMS\system\CodeIgniter.php(933): App\Controllers\Documents->index()
#6 C:\xampp\htdocs\DMS\system\CodeIgniter.php(509): CodeIgniter\CodeIgniter->runController(Object(App\Controllers\Documents))
#7 C:\xampp\htdocs\DMS\system\CodeIgniter.php(355): CodeIgniter\CodeIgniter->handleRequest(NULL, Object(Config\Cache), false)
#8 C:\xampp\htdocs\DMS\system\Boot.php(325): CodeIgniter\CodeIgniter->run()
#9 C:\xampp\htdocs\DMS\system\Boot.php(67): CodeIgniter\Boot::runCodeIgniter(Object(CodeIgniter\CodeIgniter))
#10 C:\xampp\htdocs\DMS\public\index.php(56): CodeIgniter\Boot::bootWeb(Object(Config\Paths))
#11 {main}
CRITICAL - 2026-02-27 07:27:44 --> CodeIgniter\Database\Exceptions\DatabaseException: Unknown column 'd.code' in 'field list'
[Method: GET, Route: documents]
in SYSTEMPATH\Database\BaseConnection.php on line 688.
 1 SYSTEMPATH\Database\BaseBuilder.php(1644): CodeIgniter\Database\BaseConnection->query('SELECT `d`.*, `dt`.`name` as `type_name`, `d`.`code`, `dept`.`name` as `department_name`, `u`.`name` as `created_by_name`
FROM `documents` `d`
JOIN `document_types` `dt` ON `dt`.`id` = `d`.`type_id`
JOIN `departments` `dept` ON `dept`.`id` = `d`.`department_id`
JOIN `users` `u` ON `u`.`id` = `d`.`created_by`
ORDER BY `d`.`created_at` DESC', [], false)
 2 APPPATH\Controllers\Documents.php(154): CodeIgniter\Database\BaseBuilder->get()
 3 SYSTEMPATH\CodeIgniter.php(933): App\Controllers\Documents->index()
 4 SYSTEMPATH\CodeIgniter.php(509): CodeIgniter\CodeIgniter->runController(Object(App\Controllers\Documents))
 5 SYSTEMPATH\CodeIgniter.php(355): CodeIgniter\CodeIgniter->handleRequest(null, Object(Config\Cache), false)
 6 SYSTEMPATH\Boot.php(325): CodeIgniter\CodeIgniter->run()
 7 SYSTEMPATH\Boot.php(67): CodeIgniter\Boot::runCodeIgniter(Object(CodeIgniter\CodeIgniter))
 8 FCPATH\index.php(56): CodeIgniter\Boot::bootWeb(Object(Config\Paths))
CRITICAL - 2026-02-27 07:27:44 --> [Caused by] CodeIgniter\Database\Exceptions\DatabaseException: Unknown column 'd.code' in 'field list'
in SYSTEMPATH\Database\MySQLi\Connection.php on line 317.
 1 SYSTEMPATH\Database\BaseConnection.php(734): CodeIgniter\Database\MySQLi\Connection->execute('SELECT `d`.*, `dt`.`name` as `type_name`, `d`.`code`, `dept`.`name` as `department_name`, `u`.`name` as `created_by_name`
FROM `documents` `d`
JOIN `document_types` `dt` ON `dt`.`id` = `d`.`type_id`
JOIN `departments` `dept` ON `dept`.`id` = `d`.`department_id`
JOIN `users` `u` ON `u`.`id` = `d`.`created_by`
ORDER BY `d`.`created_at` DESC')
 2 SYSTEMPATH\Database\BaseConnection.php(648): CodeIgniter\Database\BaseConnection->simpleQuery('SELECT `d`.*, `dt`.`name` as `type_name`, `d`.`code`, `dept`.`name` as `department_name`, `u`.`name` as `created_by_name`
FROM `documents` `d`
JOIN `document_types` `dt` ON `dt`.`id` = `d`.`type_id`
JOIN `departments` `dept` ON `dept`.`id` = `d`.`department_id`
JOIN `users` `u` ON `u`.`id` = `d`.`created_by`
ORDER BY `d`.`created_at` DESC')
 3 SYSTEMPATH\Database\BaseBuilder.php(1644): CodeIgniter\Database\BaseConnection->query('SELECT `d`.*, `dt`.`name` as `type_name`, `d`.`code`, `dept`.`name` as `department_name`, `u`.`name` as `created_by_name`
FROM `documents` `d`
JOIN `document_types` `dt` ON `dt`.`id` = `d`.`type_id`
JOIN `departments` `dept` ON `dept`.`id` = `d`.`department_id`
JOIN `users` `u` ON `u`.`id` = `d`.`created_by`
ORDER BY `d`.`created_at` DESC', [], false)
 4 APPPATH\Controllers\Documents.php(154): CodeIgniter\Database\BaseBuilder->get()
 5 SYSTEMPATH\CodeIgniter.php(933): App\Controllers\Documents->index()
 6 SYSTEMPATH\CodeIgniter.php(509): CodeIgniter\CodeIgniter->runController(Object(App\Controllers\Documents))
 7 SYSTEMPATH\CodeIgniter.php(355): CodeIgniter\CodeIgniter->handleRequest(null, Object(Config\Cache), false)
 8 SYSTEMPATH\Boot.php(325): CodeIgniter\CodeIgniter->run()
 9 SYSTEMPATH\Boot.php(67): CodeIgniter\Boot::runCodeIgniter(Object(CodeIgniter\CodeIgniter))
10 FCPATH\index.php(56): CodeIgniter\Boot::bootWeb(Object(Config\Paths))
CRITICAL - 2026-02-27 07:27:44 --> [Caused by] mysqli_sql_exception: Unknown column 'd.code' in 'field list'
in SYSTEMPATH\Database\MySQLi\Connection.php on line 312.
 1 SYSTEMPATH\Database\MySQLi\Connection.php(312): mysqli->query('SELECT `d`.*, `dt`.`name` as `type_name`, `d`.`code`, `dept`.`name` as `department_name`, `u`.`name` as `created_by_name`
FROM `documents` `d`
JOIN `document_types` `dt` ON `dt`.`id` = `d`.`type_id`
JOIN `departments` `dept` ON `dept`.`id` = `d`.`department_id`
JOIN `users` `u` ON `u`.`id` = `d`.`created_by`
ORDER BY `d`.`created_at` DESC', 0)
 2 SYSTEMPATH\Database\BaseConnection.php(734): CodeIgniter\Database\MySQLi\Connection->execute('SELECT `d`.*, `dt`.`name` as `type_name`, `d`.`code`, `dept`.`name` as `department_name`, `u`.`name` as `created_by_name`
FROM `documents` `d`
JOIN `document_types` `dt` ON `dt`.`id` = `d`.`type_id`
JOIN `departments` `dept` ON `dept`.`id` = `d`.`department_id`
JOIN `users` `u` ON `u`.`id` = `d`.`created_by`
ORDER BY `d`.`created_at` DESC')
 3 SYSTEMPATH\Database\BaseConnection.php(648): CodeIgniter\Database\BaseConnection->simpleQuery('SELECT `d`.*, `dt`.`name` as `type_name`, `d`.`code`, `dept`.`name` as `department_name`, `u`.`name` as `created_by_name`
FROM `documents` `d`
JOIN `document_types` `dt` ON `dt`.`id` = `d`.`type_id`
JOIN `departments` `dept` ON `dept`.`id` = `d`.`department_id`
JOIN `users` `u` ON `u`.`id` = `d`.`created_by`
ORDER BY `d`.`created_at` DESC')
 4 SYSTEMPATH\Database\BaseBuilder.php(1644): CodeIgniter\Database\BaseConnection->query('SELECT `d`.*, `dt`.`name` as `type_name`, `d`.`code`, `dept`.`name` as `department_name`, `u`.`name` as `created_by_name`
FROM `documents` `d`
JOIN `document_types` `dt` ON `dt`.`id` = `d`.`type_id`
JOIN `departments` `dept` ON `dept`.`id` = `d`.`department_id`
JOIN `users` `u` ON `u`.`id` = `d`.`created_by`
ORDER BY `d`.`created_at` DESC', [], false)
 5 APPPATH\Controllers\Documents.php(154): CodeIgniter\Database\BaseBuilder->get()
 6 SYSTEMPATH\CodeIgniter.php(933): App\Controllers\Documents->index()
 7 SYSTEMPATH\CodeIgniter.php(509): CodeIgniter\CodeIgniter->runController(Object(App\Controllers\Documents))
 8 SYSTEMPATH\CodeIgniter.php(355): CodeIgniter\CodeIgniter->handleRequest(null, Object(Config\Cache), false)
 9 SYSTEMPATH\Boot.php(325): CodeIgniter\CodeIgniter->run()
10 SYSTEMPATH\Boot.php(67): CodeIgniter\Boot::runCodeIgniter(Object(CodeIgniter\CodeIgniter))
11 FCPATH\index.php(56): CodeIgniter\Boot::bootWeb(Object(Config\Paths))
INFO - 2026-02-27 07:29:58 --> Session: Class initialized using 'CodeIgniter\Session\Handlers\FileHandler' driver.
INFO - 2026-02-27 07:30:08 --> Session: Class initialized using 'CodeIgniter\Session\Handlers\FileHandler' driver.
INFO - 2026-02-27 07:30:09 --> Session: Class initialized using 'CodeIgniter\Session\Handlers\FileHandler' driver.
INFO - 2026-02-27 08:15:32 --> Session: Class initialized using 'CodeIgniter\Session\Handlers\FileHandler' driver.
INFO - 2026-02-27 08:15:34 --> Session: Class initialized using 'CodeIgniter\Session\Handlers\FileHandler' driver.
INFO - 2026-02-27 08:15:39 --> Session: Class initialized using 'CodeIgniter\Session\Handlers\FileHandler' driver.
INFO - 2026-02-27 08:18:28 --> Session: Class initialized using 'CodeIgniter\Session\Handlers\FileHandler' driver.
INFO - 2026-02-27 08:18:32 --> Session: Class initialized using 'CodeIgniter\Session\Handlers\FileHandler' driver.
INFO - 2026-02-27 08:19:07 --> Session: Class initialized using 'CodeIgniter\Session\Handlers\FileHandler' driver.
INFO - 2026-02-27 08:19:30 --> Session: Class initialized using 'CodeIgniter\Session\Handlers\FileHandler' driver.
INFO - 2026-02-27 08:19:52 --> Session: Class initialized using 'CodeIgniter\Session\Handlers\FileHandler' driver.
INFO - 2026-02-27 08:20:05 --> Session: Class initialized using 'CodeIgniter\Session\Handlers\FileHandler' driver.
INFO - 2026-02-27 08:20:12 --> Session: Class initialized using 'CodeIgniter\Session\Handlers\FileHandler' driver.
INFO - 2026-02-27 08:21:07 --> Session: Class initialized using 'CodeIgniter\Session\Handlers\FileHandler' driver.
INFO - 2026-02-27 08:21:40 --> Session: Class initialized using 'CodeIgniter\Session\Handlers\FileHandler' driver.
INFO - 2026-02-27 08:21:55 --> Session: Class initialized using 'CodeIgniter\Session\Handlers\FileHandler' driver.
INFO - 2026-02-27 08:22:12 --> Session: Class initialized using 'CodeIgniter\Session\Handlers\FileHandler' driver.
INFO - 2026-02-27 08:22:12 --> Session: Class initialized using 'CodeIgniter\Session\Handlers\FileHandler' driver.
INFO - 2026-02-27 08:22:15 --> Session: Class initialized using 'CodeIgniter\Session\Handlers\FileHandler' driver.
INFO - 2026-02-27 08:22:21 --> Session: Class initialized using 'CodeIgniter\Session\Handlers\FileHandler' driver.
INFO - 2026-02-27 08:26:19 --> Session: Class initialized using 'CodeIgniter\Session\Handlers\FileHandler' driver.
INFO - 2026-02-27 08:28:18 --> Session: Class initialized using 'CodeIgniter\Session\Handlers\FileHandler' driver.
INFO - 2026-02-27 08:28:55 --> Session: Class initialized using 'CodeIgniter\Session\Handlers\FileHandler' driver.
INFO - 2026-02-27 08:28:59 --> Session: Class initialized using 'CodeIgniter\Session\Handlers\FileHandler' driver.
INFO - 2026-02-27 08:46:14 --> Session: Class initialized using 'CodeIgniter\Session\Handlers\FileHandler' driver.
INFO - 2026-02-27 08:48:03 --> Session: Class initialized using 'CodeIgniter\Session\Handlers\FileHandler' driver.
INFO - 2026-02-27 08:48:24 --> Session: Class initialized using 'CodeIgniter\Session\Handlers\FileHandler' driver.
INFO - 2026-02-27 08:50:14 --> Session: Class initialized using 'CodeIgniter\Session\Handlers\FileHandler' driver.
INFO - 2026-02-27 09:04:06 --> Session: Class initialized using 'CodeIgniter\Session\Handlers\FileHandler' driver.
INFO - 2026-02-27 09:16:18 --> Session: Class initialized using 'CodeIgniter\Session\Handlers\FileHandler' driver.
INFO - 2026-02-27 09:18:34 --> Session: Class initialized using 'CodeIgniter\Session\Handlers\FileHandler' driver.
INFO - 2026-02-27 09:19:21 --> Session: Class initialized using 'CodeIgniter\Session\Handlers\FileHandler' driver.
INFO - 2026-02-27 09:19:25 --> Session: Class initialized using 'CodeIgniter\Session\Handlers\FileHandler' driver.
INFO - 2026-02-27 09:20:57 --> Session: Class initialized using 'CodeIgniter\Session\Handlers\FileHandler' driver.
INFO - 2026-02-27 09:20:58 --> Session: Class initialized using 'CodeIgniter\Session\Handlers\FileHandler' driver.
INFO - 2026-02-27 09:21:05 --> Session: Class initialized using 'CodeIgniter\Session\Handlers\FileHandler' driver.
INFO - 2026-02-27 09:21:17 --> Session: Class initialized using 'CodeIgniter\Session\Handlers\FileHandler' driver.
INFO - 2026-02-27 09:22:46 --> Session: Class initialized using 'CodeIgniter\Session\Handlers\FileHandler' driver.
INFO - 2026-02-27 09:22:49 --> Session: Class initialized using 'CodeIgniter\Session\Handlers\FileHandler' driver.
INFO - 2026-02-27 09:22:51 --> Session: Class initialized using 'CodeIgniter\Session\Handlers\FileHandler' driver.
INFO - 2026-02-27 09:27:02 --> Session: Class initialized using 'CodeIgniter\Session\Handlers\FileHandler' driver.
INFO - 2026-02-27 09:30:10 --> Session: Class initialized using 'CodeIgniter\Session\Handlers\FileHandler' driver.
INFO - 2026-02-27 09:31:57 --> Session: Class initialized using 'CodeIgniter\Session\Handlers\FileHandler' driver.
INFO - 2026-02-27 09:34:23 --> Session: Class initialized using 'CodeIgniter\Session\Handlers\FileHandler' driver.
INFO - 2026-02-27 09:40:47 --> Session: Class initialized using 'CodeIgniter\Session\Handlers\FileHandler' driver.
INFO - 2026-02-27 10:07:03 --> Session: Class initialized using 'CodeIgniter\Session\Handlers\FileHandler' driver.
INFO - 2026-02-27 10:07:06 --> Session: Class initialized using 'CodeIgniter\Session\Handlers\FileHandler' driver.
INFO - 2026-02-27 10:07:10 --> Session: Class initialized using 'CodeIgniter\Session\Handlers\FileHandler' driver.
INFO - 2026-02-27 10:07:14 --> Session: Class initialized using 'CodeIgniter\Session\Handlers\FileHandler' driver.
INFO - 2026-02-27 10:07:21 --> Session: Class initialized using 'CodeIgniter\Session\Handlers\FileHandler' driver.
INFO - 2026-02-27 10:18:58 --> Session: Class initialized using 'CodeIgniter\Session\Handlers\FileHandler' driver.
INFO - 2026-02-27 10:19:04 --> Session: Class initialized using 'CodeIgniter\Session\Handlers\FileHandler' driver.
INFO - 2026-02-27 10:19:10 --> Session: Class initialized using 'CodeIgniter\Session\Handlers\FileHandler' driver.
INFO - 2026-02-27 10:19:10 --> Session: Class initialized using 'CodeIgniter\Session\Handlers\FileHandler' driver.
INFO - 2026-02-27 10:19:13 --> Session: Class initialized using 'CodeIgniter\Session\Handlers\FileHandler' driver.
INFO - 2026-02-27 10:19:18 --> Session: Class initialized using 'CodeIgniter\Session\Handlers\FileHandler' driver.
INFO - 2026-02-27 10:19:26 --> Session: Class initialized using 'CodeIgniter\Session\Handlers\FileHandler' driver.
INFO - 2026-02-27 10:33:09 --> Session: Class initialized using 'CodeIgniter\Session\Handlers\FileHandler' driver.
INFO - 2026-02-27 10:37:16 --> Session: Class initialized using 'CodeIgniter\Session\Handlers\FileHandler' driver.
INFO - 2026-02-27 10:37:17 --> Session: Class initialized using 'CodeIgniter\Session\Handlers\FileHandler' driver.
INFO - 2026-02-27 10:37:23 --> Session: Class initialized using 'CodeIgniter\Session\Handlers\FileHandler' driver.
INFO - 2026-02-27 10:37:23 --> Session: Class initialized using 'CodeIgniter\Session\Handlers\FileHandler' driver.
INFO - 2026-02-27 10:37:33 --> Session: Class initialized using 'CodeIgniter\Session\Handlers\FileHandler' driver.
INFO - 2026-02-27 10:37:33 --> Session: Class initialized using 'CodeIgniter\Session\Handlers\FileHandler' driver.
INFO - 2026-02-27 10:37:36 --> Session: Class initialized using 'CodeIgniter\Session\Handlers\FileHandler' driver.
INFO - 2026-02-27 10:39:58 --> Session: Class initialized using 'CodeIgniter\Session\Handlers\FileHandler' driver.
INFO - 2026-02-27 10:40:16 --> Session: Class initialized using 'CodeIgniter\Session\Handlers\FileHandler' driver.
CRITICAL - 2026-02-27 10:40:16 --> ErrorException: Undefined array key "code"
[Method: GET, Route: documents]
in APPPATH\Views\documents\index.php on line 163.
 1 APPPATH\Views\documents\index.php(163): CodeIgniter\Debug\Exceptions->errorHandler(2, 'Undefined array key "code"', 'C:\\xampp\\htdocs\\DMS\\app\\Views\\documents\\index.php', 163)
 2 SYSTEMPATH\View\View.php(234): include('C:\\xampp\\htdocs\\DMS\\app\\Views\\documents\\index.php')
 3 SYSTEMPATH\View\View.php(237): CodeIgniter\View\View->CodeIgniter\View\{closure}()
 4 SYSTEMPATH\Common.php(1171): CodeIgniter\View\View->render('documents/index', [], true)
 5 APPPATH\Controllers\Documents.php(170): view('documents/index', [...])
 6 SYSTEMPATH\CodeIgniter.php(933): App\Controllers\Documents->index()
 7 SYSTEMPATH\CodeIgniter.php(509): CodeIgniter\CodeIgniter->runController(Object(App\Controllers\Documents))
 8 SYSTEMPATH\CodeIgniter.php(355): CodeIgniter\CodeIgniter->handleRequest(null, Object(Config\Cache), false)
 9 SYSTEMPATH\Boot.php(325): CodeIgniter\CodeIgniter->run()
10 SYSTEMPATH\Boot.php(67): CodeIgniter\Boot::runCodeIgniter(Object(CodeIgniter\CodeIgniter))
11 FCPATH\index.php(56): CodeIgniter\Boot::bootWeb(Object(Config\Paths))
INFO - 2026-02-27 10:40:37 --> Session: Class initialized using 'CodeIgniter\Session\Handlers\FileHandler' driver.
INFO - 2026-02-27 10:41:28 --> Session: Class initialized using 'CodeIgniter\Session\Handlers\FileHandler' driver.
INFO - 2026-02-27 10:47:21 --> Session: Class initialized using 'CodeIgniter\Session\Handlers\FileHandler' driver.
INFO - 2026-02-27 10:47:21 --> Session: Class initialized using 'CodeIgniter\Session\Handlers\FileHandler' driver.
INFO - 2026-02-27 10:47:27 --> Session: Class initialized using 'CodeIgniter\Session\Handlers\FileHandler' driver.
INFO - 2026-02-27 10:47:30 --> Session: Class initialized using 'CodeIgniter\Session\Handlers\FileHandler' driver.
INFO - 2026-02-27 10:47:42 --> Session: Class initialized using 'CodeIgniter\Session\Handlers\FileHandler' driver.
INFO - 2026-02-27 10:54:35 --> Session: Class initialized using 'CodeIgniter\Session\Handlers\FileHandler' driver.
INFO - 2026-02-27 10:54:52 --> Session: Class initialized using 'CodeIgniter\Session\Handlers\FileHandler' driver.
INFO - 2026-02-27 10:55:02 --> Session: Class initialized using 'CodeIgniter\Session\Handlers\FileHandler' driver.
INFO - 2026-02-27 10:55:14 --> Session: Class initialized using 'CodeIgniter\Session\Handlers\FileHandler' driver.
INFO - 2026-02-27 10:55:18 --> Session: Class initialized using 'CodeIgniter\Session\Handlers\FileHandler' driver.
INFO - 2026-02-27 10:55:26 --> Session: Class initialized using 'CodeIgniter\Session\Handlers\FileHandler' driver.
INFO - 2026-02-27 10:55:26 --> Session: Class initialized using 'CodeIgniter\Session\Handlers\FileHandler' driver.
INFO - 2026-02-27 10:55:31 --> Session: Class initialized using 'CodeIgniter\Session\Handlers\FileHandler' driver.
INFO - 2026-02-27 10:56:16 --> Session: Class initialized using 'CodeIgniter\Session\Handlers\FileHandler' driver.
INFO - 2026-02-27 10:56:39 --> Session: Class initialized using 'CodeIgniter\Session\Handlers\FileHandler' driver.
INFO - 2026-02-27 10:56:49 --> Session: Class initialized using 'CodeIgniter\Session\Handlers\FileHandler' driver.
INFO - 2026-02-27 10:57:03 --> Session: Class initialized using 'CodeIgniter\Session\Handlers\FileHandler' driver.
INFO - 2026-02-27 10:57:05 --> Session: Class initialized using 'CodeIgniter\Session\Handlers\FileHandler' driver.
INFO - 2026-02-27 10:57:10 --> Session: Class initialized using 'CodeIgniter\Session\Handlers\FileHandler' driver.
INFO - 2026-02-27 10:57:42 --> Session: Class initialized using 'CodeIgniter\Session\Handlers\FileHandler' driver.
INFO - 2026-02-27 11:00:59 --> Session: Class initialized using 'CodeIgniter\Session\Handlers\FileHandler' driver.
INFO - 2026-02-27 11:01:00 --> Session: Class initialized using 'CodeIgniter\Session\Handlers\FileHandler' driver.
INFO - 2026-02-27 11:01:30 --> Session: Class initialized using 'CodeIgniter\Session\Handlers\FileHandler' driver.
INFO - 2026-02-27 11:01:33 --> Session: Class initialized using 'CodeIgniter\Session\Handlers\FileHandler' driver.
INFO - 2026-02-27 11:01:40 --> Session: Class initialized using 'CodeIgniter\Session\Handlers\FileHandler' driver.
INFO - 2026-02-27 11:02:31 --> Session: Class initialized using 'CodeIgniter\Session\Handlers\FileHandler' driver.
INFO - 2026-02-27 11:03:00 --> Session: Class initialized using 'CodeIgniter\Session\Handlers\FileHandler' driver.
INFO - 2026-02-27 11:03:06 --> Session: Class initialized using 'CodeIgniter\Session\Handlers\FileHandler' driver.
INFO - 2026-02-27 11:07:44 --> Session: Class initialized using 'CodeIgniter\Session\Handlers\FileHandler' driver.
INFO - 2026-02-27 11:07:44 --> Session: Class initialized using 'CodeIgniter\Session\Handlers\FileHandler' driver.
INFO - 2026-02-27 11:07:52 --> Session: Class initialized using 'CodeIgniter\Session\Handlers\FileHandler' driver.
INFO - 2026-02-27 11:07:56 --> Session: Class initialized using 'CodeIgniter\Session\Handlers\FileHandler' driver.
INFO - 2026-02-27 11:08:04 --> Session: Class initialized using 'CodeIgniter\Session\Handlers\FileHandler' driver.
INFO - 2026-02-27 11:08:26 --> Session: Class initialized using 'CodeIgniter\Session\Handlers\FileHandler' driver.
INFO - 2026-02-27 11:08:54 --> Session: Class initialized using 'CodeIgniter\Session\Handlers\FileHandler' driver.
INFO - 2026-02-27 11:09:01 --> Session: Class initialized using 'CodeIgniter\Session\Handlers\FileHandler' driver.
INFO - 2026-02-27 11:09:58 --> Session: Class initialized using 'CodeIgniter\Session\Handlers\FileHandler' driver.
INFO - 2026-02-27 11:10:10 --> Session: Class initialized using 'CodeIgniter\Session\Handlers\FileHandler' driver.
INFO - 2026-02-27 11:11:13 --> Session: Class initialized using 'CodeIgniter\Session\Handlers\FileHandler' driver.
INFO - 2026-02-27 11:11:32 --> Session: Class initialized using 'CodeIgniter\Session\Handlers\FileHandler' driver.
INFO - 2026-02-27 11:12:15 --> Session: Class initialized using 'CodeIgniter\Session\Handlers\FileHandler' driver.
INFO - 2026-02-27 11:12:15 --> Session: Class initialized using 'CodeIgniter\Session\Handlers\FileHandler' driver.
INFO - 2026-02-27 11:12:17 --> Session: Class initialized using 'CodeIgniter\Session\Handlers\FileHandler' driver.
INFO - 2026-02-27 11:12:17 --> Session: Class initialized using 'CodeIgniter\Session\Handlers\FileHandler' driver.
INFO - 2026-02-27 11:12:20 --> Session: Class initialized using 'CodeIgniter\Session\Handlers\FileHandler' driver.
INFO - 2026-02-27 11:12:25 --> Session: Class initialized using 'CodeIgniter\Session\Handlers\FileHandler' driver.
INFO - 2026-02-27 11:12:28 --> Session: Class initialized using 'CodeIgniter\Session\Handlers\FileHandler' driver.
INFO - 2026-02-27 11:12:36 --> Session: Class initialized using 'CodeIgniter\Session\Handlers\FileHandler' driver.
INFO - 2026-02-27 11:14:40 --> Session: Class initialized using 'CodeIgniter\Session\Handlers\FileHandler' driver.
INFO - 2026-02-27 11:14:53 --> Session: Class initialized using 'CodeIgniter\Session\Handlers\FileHandler' driver.
INFO - 2026-02-27 11:14:54 --> Session: Class initialized using 'CodeIgniter\Session\Handlers\FileHandler' driver.
INFO - 2026-02-27 11:15:00 --> Session: Class initialized using 'CodeIgniter\Session\Handlers\FileHandler' driver.
INFO - 2026-02-27 11:15:04 --> Session: Class initialized using 'CodeIgniter\Session\Handlers\FileHandler' driver.
INFO - 2026-02-27 11:15:05 --> Session: Class initialized using 'CodeIgniter\Session\Handlers\FileHandler' driver.
INFO - 2026-02-27 11:15:09 --> Session: Class initialized using 'CodeIgniter\Session\Handlers\FileHandler' driver.
INFO - 2026-02-27 11:15:14 --> Session: Class initialized using 'CodeIgniter\Session\Handlers\FileHandler' driver.
INFO - 2026-02-27 11:16:12 --> Session: Class initialized using 'CodeIgniter\Session\Handlers\FileHandler' driver.
INFO - 2026-02-27 11:16:31 --> Session: Class initialized using 'CodeIgniter\Session\Handlers\FileHandler' driver.
INFO - 2026-02-27 11:16:43 --> Session: Class initialized using 'CodeIgniter\Session\Handlers\FileHandler' driver.
INFO - 2026-02-27 11:16:52 --> Session: Class initialized using 'CodeIgniter\Session\Handlers\FileHandler' driver.
INFO - 2026-02-27 11:24:17 --> Session: Class initialized using 'CodeIgniter\Session\Handlers\FileHandler' driver.
INFO - 2026-02-27 11:24:26 --> Session: Class initialized using 'CodeIgniter\Session\Handlers\FileHandler' driver.
INFO - 2026-02-27 11:26:45 --> Session: Class initialized using 'CodeIgniter\Session\Handlers\FileHandler' driver.
INFO - 2026-02-27 11:26:54 --> Session: Class initialized using 'CodeIgniter\Session\Handlers\FileHandler' driver.
INFO - 2026-02-27 11:27:37 --> Session: Class initialized using 'CodeIgniter\Session\Handlers\FileHandler' driver.
INFO - 2026-02-27 11:27:48 --> Session: Class initialized using 'CodeIgniter\Session\Handlers\FileHandler' driver.
INFO - 2026-02-27 11:31:01 --> Session: Class initialized using 'CodeIgniter\Session\Handlers\FileHandler' driver.
INFO - 2026-02-27 11:31:10 --> Session: Class initialized using 'CodeIgniter\Session\Handlers\FileHandler' driver.
INFO - 2026-02-27 11:31:50 --> Session: Class initialized using 'CodeIgniter\Session\Handlers\FileHandler' driver.
INFO - 2026-02-27 11:31:50 --> Session: Class initialized using 'CodeIgniter\Session\Handlers\FileHandler' driver.
INFO - 2026-02-27 11:32:04 --> Session: Class initialized using 'CodeIgniter\Session\Handlers\FileHandler' driver.
INFO - 2026-02-27 11:32:05 --> Session: Class initialized using 'CodeIgniter\Session\Handlers\FileHandler' driver.
INFO - 2026-02-27 11:32:11 --> Session: Class initialized using 'CodeIgniter\Session\Handlers\FileHandler' driver.
INFO - 2026-02-27 11:32:17 --> Session: Class initialized using 'CodeIgniter\Session\Handlers\FileHandler' driver.
INFO - 2026-02-27 11:32:26 --> Session: Class initialized using 'CodeIgniter\Session\Handlers\FileHandler' driver.
INFO - 2026-02-27 11:32:40 --> Session: Class initialized using 'CodeIgniter\Session\Handlers\FileHandler' driver.
INFO - 2026-02-27 11:32:50 --> Session: Class initialized using 'CodeIgniter\Session\Handlers\FileHandler' driver.
INFO - 2026-02-27 11:33:18 --> Session: Class initialized using 'CodeIgniter\Session\Handlers\FileHandler' driver.
INFO - 2026-02-27 11:33:30 --> Session: Class initialized using 'CodeIgniter\Session\Handlers\FileHandler' driver.
INFO - 2026-02-27 11:35:24 --> Session: Class initialized using 'CodeIgniter\Session\Handlers\FileHandler' driver.
INFO - 2026-02-27 11:35:25 --> Session: Class initialized using 'CodeIgniter\Session\Handlers\FileHandler' driver.
INFO - 2026-02-27 11:38:33 --> Session: Class initialized using 'CodeIgniter\Session\Handlers\FileHandler' driver.
INFO - 2026-02-27 11:38:39 --> Session: Class initialized using 'CodeIgniter\Session\Handlers\FileHandler' driver.
INFO - 2026-02-27 11:39:40 --> Session: Class initialized using 'CodeIgniter\Session\Handlers\FileHandler' driver.
INFO - 2026-02-27 11:39:40 --> Session: Class initialized using 'CodeIgniter\Session\Handlers\FileHandler' driver.
INFO - 2026-02-27 11:39:49 --> Session: Class initialized using 'CodeIgniter\Session\Handlers\FileHandler' driver.
INFO - 2026-02-27 11:41:56 --> Session: Class initialized using 'CodeIgniter\Session\Handlers\FileHandler' driver.
INFO - 2026-02-27 11:42:04 --> Session: Class initialized using 'CodeIgniter\Session\Handlers\FileHandler' driver.
INFO - 2026-02-27 11:42:05 --> Session: Class initialized using 'CodeIgniter\Session\Handlers\FileHandler' driver.
INFO - 2026-02-27 11:44:52 --> Session: Class initialized using 'CodeIgniter\Session\Handlers\FileHandler' driver.
INFO - 2026-02-27 11:44:59 --> Session: Class initialized using 'CodeIgniter\Session\Handlers\FileHandler' driver.
INFO - 2026-02-27 11:47:27 --> Session: Class initialized using 'CodeIgniter\Session\Handlers\FileHandler' driver.
INFO - 2026-02-27 11:47:37 --> Session: Class initialized using 'CodeIgniter\Session\Handlers\FileHandler' driver.
INFO - 2026-02-27 11:53:56 --> Session: Class initialized using 'CodeIgniter\Session\Handlers\FileHandler' driver.
INFO - 2026-02-27 11:54:10 --> Session: Class initialized using 'CodeIgniter\Session\Handlers\FileHandler' driver.
INFO - 2026-02-27 11:54:10 --> replacePreparedByInfo: Starting for user ID: 2
INFO - 2026-02-27 11:54:10 --> replacePreparedByInfo: Approval table found
INFO - 2026-02-27 11:54:10 --> replacePreparedByInfo: User name: Pooja Mane, Sign: present
INFO - 2026-02-27 11:54:10 --> replacePreparedByInfo: User role: admin
INFO - 2026-02-27 11:54:10 --> replacePreparedByInfo: Font style detected: font-family: verdana, sans-serif; font-size: 10pt;
WARNING - 2026-02-27 11:54:10 --> replacePreparedByInfo: Name replacement pattern did not match
WARNING - 2026-02-27 11:54:10 --> replacePreparedByInfo: Designation replacement pattern did not match
WARNING - 2026-02-27 11:54:10 --> replacePreparedByInfo: Signature replacement pattern did not match
INFO - 2026-02-27 11:54:10 --> replacePreparedByInfo: Completed
INFO - 2026-02-27 12:00:46 --> Session: Class initialized using 'CodeIgniter\Session\Handlers\FileHandler' driver.
INFO - 2026-02-27 12:00:55 --> Session: Class initialized using 'CodeIgniter\Session\Handlers\FileHandler' driver.
INFO - 2026-02-27 12:00:56 --> replacePreparedByInfo: Starting for user ID: 2
INFO - 2026-02-27 12:00:56 --> replacePreparedByInfo: Approval table found
INFO - 2026-02-27 12:00:56 --> replacePreparedByInfo: User name: Pooja Mane, Sign: present
INFO - 2026-02-27 12:00:56 --> replacePreparedByInfo: User role: admin
INFO - 2026-02-27 12:00:56 --> replacePreparedByInfo: Font style detected: font-family: verdana, sans-serif; font-size: 10pt;
INFO - 2026-02-27 12:00:56 --> replacePreparedByInfo: Found existing prepared-by-name span, updating content
INFO - 2026-02-27 12:00:56 --> replacePreparedByInfo: Name replaced successfully
INFO - 2026-02-27 12:00:56 --> replacePreparedByInfo: Found existing prepared-by-designation span, updating content
INFO - 2026-02-27 12:00:56 --> replacePreparedByInfo: Designation replaced successfully
INFO - 2026-02-27 12:00:56 --> replacePreparedByInfo: Found existing prepared-by-sign span, updating content
INFO - 2026-02-27 12:00:56 --> replacePreparedByInfo: Signature replaced successfully
INFO - 2026-02-27 12:00:56 --> replacePreparedByInfo: Completed
INFO - 2026-02-27 12:01:12 --> Session: Class initialized using 'CodeIgniter\Session\Handlers\FileHandler' driver.
INFO - 2026-02-27 12:01:13 --> replacePreparedByInfo: Starting for user ID: 2
INFO - 2026-02-27 12:01:13 --> replacePreparedByInfo: Approval table found
INFO - 2026-02-27 12:01:13 --> replacePreparedByInfo: User name: Pooja Mane, Sign: present
INFO - 2026-02-27 12:01:13 --> replacePreparedByInfo: User role: admin
INFO - 2026-02-27 12:01:13 --> replacePreparedByInfo: Font style detected: font-family: verdana, sans-serif; font-size: 10pt;
INFO - 2026-02-27 12:01:13 --> replacePreparedByInfo: Found existing prepared-by-name span, updating content
INFO - 2026-02-27 12:01:13 --> replacePreparedByInfo: Name replaced successfully
INFO - 2026-02-27 12:01:13 --> replacePreparedByInfo: Found existing prepared-by-designation span, updating content
INFO - 2026-02-27 12:01:13 --> replacePreparedByInfo: Designation replaced successfully
INFO - 2026-02-27 12:01:13 --> replacePreparedByInfo: Found existing prepared-by-sign span, updating content
INFO - 2026-02-27 12:01:13 --> replacePreparedByInfo: Signature replaced successfully
INFO - 2026-02-27 12:01:13 --> replacePreparedByInfo: Completed
INFO - 2026-02-27 12:01:38 --> Session: Class initialized using 'CodeIgniter\Session\Handlers\FileHandler' driver.
INFO - 2026-02-27 12:04:56 --> Session: Class initialized using 'CodeIgniter\Session\Handlers\FileHandler' driver.
INFO - 2026-02-27 12:05:03 --> Session: Class initialized using 'CodeIgniter\Session\Handlers\FileHandler' driver.
INFO - 2026-02-27 12:08:30 --> Session: Class initialized using 'CodeIgniter\Session\Handlers\FileHandler' driver.
INFO - 2026-02-27 12:09:20 --> Session: Class initialized using 'CodeIgniter\Session\Handlers\FileHandler' driver.
INFO - 2026-02-27 12:09:27 --> Session: Class initialized using 'CodeIgniter\Session\Handlers\FileHandler' driver.
INFO - 2026-02-27 12:09:33 --> Session: Class initialized using 'CodeIgniter\Session\Handlers\FileHandler' driver.
INFO - 2026-02-27 12:10:05 --> Session: Class initialized using 'CodeIgniter\Session\Handlers\FileHandler' driver.
INFO - 2026-02-27 12:11:02 --> Session: Class initialized using 'CodeIgniter\Session\Handlers\FileHandler' driver.
INFO - 2026-02-27 12:11:02 --> Session: Class initialized using 'CodeIgniter\Session\Handlers\FileHandler' driver.
INFO - 2026-02-27 12:11:10 --> Session: Class initialized using 'CodeIgniter\Session\Handlers\FileHandler' driver.
INFO - 2026-02-27 12:11:10 --> replaceApprovalInfo: Starting for document ID: 2
INFO - 2026-02-27 12:11:10 --> replaceApprovalInfo: Approval table found
INFO - 2026-02-27 12:11:10 --> replaceApprovalInfo: Reviewer ID: null, Approver ID: null
INFO - 2026-02-27 12:11:10 --> replaceApprovalInfo: No reviewer_id set, skipping Checked By column
INFO - 2026-02-27 12:11:10 --> replaceApprovalInfo: No approver_id set, skipping Approved By column
INFO - 2026-02-27 12:11:10 --> replaceApprovalInfo: Completed processing for document ID: 2
INFO - 2026-02-27 12:12:04 --> Session: Class initialized using 'CodeIgniter\Session\Handlers\FileHandler' driver.
INFO - 2026-02-27 12:12:04 --> replaceApprovalInfo: Starting for document ID: 2
INFO - 2026-02-27 12:12:04 --> replaceApprovalInfo: Approval table found
INFO - 2026-02-27 12:12:04 --> replaceApprovalInfo: Reviewer ID: null, Approver ID: null
INFO - 2026-02-27 12:12:04 --> replaceApprovalInfo: No reviewer_id set, skipping Checked By column
INFO - 2026-02-27 12:12:04 --> replaceApprovalInfo: No approver_id set, skipping Approved By column
INFO - 2026-02-27 12:12:04 --> replaceApprovalInfo: Completed processing for document ID: 2
INFO - 2026-02-27 12:12:49 --> Session: Class initialized using 'CodeIgniter\Session\Handlers\FileHandler' driver.
INFO - 2026-02-27 12:12:49 --> replaceApprovalInfo: Starting for document ID: 2
INFO - 2026-02-27 12:12:49 --> replaceApprovalInfo: Approval table found
INFO - 2026-02-27 12:12:49 --> replaceApprovalInfo: Reviewer ID: null, Approver ID: null
INFO - 2026-02-27 12:12:49 --> replaceApprovalInfo: No reviewer_id set, skipping Checked By column
INFO - 2026-02-27 12:12:49 --> replaceApprovalInfo: No approver_id set, skipping Approved By column
INFO - 2026-02-27 12:12:49 --> replaceApprovalInfo: Completed processing for document ID: 2
INFO - 2026-02-27 12:12:51 --> Session: Class initialized using 'CodeIgniter\Session\Handlers\FileHandler' driver.
INFO - 2026-02-27 12:12:58 --> Session: Class initialized using 'CodeIgniter\Session\Handlers\FileHandler' driver.
INFO - 2026-02-27 12:12:58 --> replaceApprovalInfo: Starting for document ID: 2
INFO - 2026-02-27 12:12:58 --> replaceApprovalInfo: Approval table found
INFO - 2026-02-27 12:12:58 --> replaceApprovalInfo: Reviewer ID: null, Approver ID: null
INFO - 2026-02-27 12:12:58 --> replaceApprovalInfo: No reviewer_id set, skipping Checked By column
INFO - 2026-02-27 12:12:58 --> replaceApprovalInfo: No approver_id set, skipping Approved By column
INFO - 2026-02-27 12:12:58 --> replaceApprovalInfo: Completed processing for document ID: 2
INFO - 2026-02-27 12:12:59 --> Session: Class initialized using 'CodeIgniter\Session\Handlers\FileHandler' driver.
INFO - 2026-02-27 12:14:50 --> Session: Class initialized using 'CodeIgniter\Session\Handlers\FileHandler' driver.
INFO - 2026-02-27 12:14:50 --> replaceApprovalInfo: Starting for document ID: 2
INFO - 2026-02-27 12:14:50 --> replaceApprovalInfo: Approval table found
INFO - 2026-02-27 12:14:50 --> replaceApprovalInfo: Reviewer ID: null, Approver ID: null
INFO - 2026-02-27 12:14:50 --> replaceApprovalInfo: No reviewer_id set, skipping Checked By column
INFO - 2026-02-27 12:14:50 --> replaceApprovalInfo: No approver_id set, skipping Approved By column
INFO - 2026-02-27 12:14:50 --> replaceApprovalInfo: Completed processing for document ID: 2
INFO - 2026-02-27 12:14:52 --> Session: Class initialized using 'CodeIgniter\Session\Handlers\FileHandler' driver.
INFO - 2026-02-27 12:15:09 --> Session: Class initialized using 'CodeIgniter\Session\Handlers\FileHandler' driver.
INFO - 2026-02-27 12:15:10 --> Session: Class initialized using 'CodeIgniter\Session\Handlers\FileHandler' driver.
INFO - 2026-02-27 12:15:14 --> Session: Class initialized using 'CodeIgniter\Session\Handlers\FileHandler' driver.
INFO - 2026-02-27 12:15:14 --> replaceApprovalInfo: Starting for document ID: 2
INFO - 2026-02-27 12:15:14 --> replaceApprovalInfo: Approval table found
INFO - 2026-02-27 12:15:14 --> replaceApprovalInfo: Reviewer ID: null, Approver ID: null
INFO - 2026-02-27 12:15:14 --> replaceApprovalInfo: No reviewer_id set, skipping Checked By column
INFO - 2026-02-27 12:15:14 --> replaceApprovalInfo: No approver_id set, skipping Approved By column
INFO - 2026-02-27 12:15:14 --> replaceApprovalInfo: Completed processing for document ID: 2
INFO - 2026-02-27 12:15:20 --> Session: Class initialized using 'CodeIgniter\Session\Handlers\FileHandler' driver.
INFO - 2026-02-27 12:15:20 --> replaceApprovalInfo: Starting for document ID: 2
INFO - 2026-02-27 12:15:20 --> replaceApprovalInfo: Approval table found
INFO - 2026-02-27 12:15:20 --> replaceApprovalInfo: Reviewer ID: null, Approver ID: null
INFO - 2026-02-27 12:15:20 --> replaceApprovalInfo: No reviewer_id set, skipping Checked By column
INFO - 2026-02-27 12:15:20 --> replaceApprovalInfo: No approver_id set, skipping Approved By column
INFO - 2026-02-27 12:15:20 --> replaceApprovalInfo: Completed processing for document ID: 2
INFO - 2026-02-27 12:21:42 --> Session: Class initialized using 'CodeIgniter\Session\Handlers\FileHandler' driver.
INFO - 2026-02-27 12:21:42 --> replaceApprovalInfo: Starting for document ID: 2
INFO - 2026-02-27 12:21:42 --> replaceApprovalInfo: Approval table found
INFO - 2026-02-27 12:21:42 --> replaceApprovalInfo: Reviewer ID: null, Approver ID: null
INFO - 2026-02-27 12:21:42 --> replaceApprovalInfo: No reviewer_id set, skipping Checked By column
INFO - 2026-02-27 12:21:42 --> replaceApprovalInfo: No approver_id set, skipping Approved By column
INFO - 2026-02-27 12:21:42 --> replaceApprovalInfo: Completed processing for document ID: 2
INFO - 2026-02-27 12:21:59 --> Session: Class initialized using 'CodeIgniter\Session\Handlers\FileHandler' driver.
INFO - 2026-02-27 12:21:59 --> replaceApprovalInfo: Starting for document ID: 1
INFO - 2026-02-27 12:21:59 --> replaceApprovalInfo: Approval table found
INFO - 2026-02-27 12:21:59 --> replaceApprovalInfo: Reviewer ID: null, Approver ID: null
INFO - 2026-02-27 12:21:59 --> replaceApprovalInfo: No reviewer_id set, skipping Checked By column
INFO - 2026-02-27 12:21:59 --> replaceApprovalInfo: No approver_id set, skipping Approved By column
INFO - 2026-02-27 12:21:59 --> replaceApprovalInfo: Completed processing for document ID: 1
INFO - 2026-02-27 12:23:37 --> Session: Class initialized using 'CodeIgniter\Session\Handlers\FileHandler' driver.
INFO - 2026-02-27 12:23:37 --> replaceApprovalInfo: Starting for document ID: 2
INFO - 2026-02-27 12:23:37 --> replaceApprovalInfo: Approval table found
INFO - 2026-02-27 12:23:37 --> replaceApprovalInfo: Reviewer ID: null, Approver ID: null
INFO - 2026-02-27 12:23:37 --> replaceApprovalInfo: No reviewer_id set, skipping Checked By column
INFO - 2026-02-27 12:23:37 --> replaceApprovalInfo: No approver_id set, skipping Approved By column
INFO - 2026-02-27 12:23:37 --> replaceApprovalInfo: Completed processing for document ID: 2
INFO - 2026-02-27 12:23:43 --> Session: Class initialized using 'CodeIgniter\Session\Handlers\FileHandler' driver.
INFO - 2026-02-27 12:23:43 --> replaceApprovalInfo: Starting for document ID: 1
INFO - 2026-02-27 12:23:43 --> replaceApprovalInfo: Approval table found
INFO - 2026-02-27 12:23:43 --> replaceApprovalInfo: Reviewer ID: null, Approver ID: null
INFO - 2026-02-27 12:23:43 --> replaceApprovalInfo: No reviewer_id set, skipping Checked By column
INFO - 2026-02-27 12:23:43 --> replaceApprovalInfo: No approver_id set, skipping Approved By column
INFO - 2026-02-27 12:23:43 --> replaceApprovalInfo: Completed processing for document ID: 1
INFO - 2026-02-27 12:26:31 --> Session: Class initialized using 'CodeIgniter\Session\Handlers\FileHandler' driver.
INFO - 2026-02-27 12:26:31 --> replaceApprovalInfo: Starting for document ID: 2
INFO - 2026-02-27 12:26:31 --> replaceApprovalInfo: Approval table found
INFO - 2026-02-27 12:26:31 --> replaceApprovalInfo: Reviewer ID: null, Approver ID: null
INFO - 2026-02-27 12:26:31 --> replaceApprovalInfo: No reviewer_id set, skipping Checked By column
INFO - 2026-02-27 12:26:31 --> replaceApprovalInfo: No approver_id set, skipping Approved By column
INFO - 2026-02-27 12:26:31 --> replaceApprovalInfo: Completed processing for document ID: 2
INFO - 2026-02-27 12:26:39 --> Session: Class initialized using 'CodeIgniter\Session\Handlers\FileHandler' driver.
INFO - 2026-02-27 12:26:39 --> replaceApprovalInfo: Starting for document ID: 1
INFO - 2026-02-27 12:26:39 --> replaceApprovalInfo: Approval table found
INFO - 2026-02-27 12:26:39 --> replaceApprovalInfo: Reviewer ID: null, Approver ID: null
INFO - 2026-02-27 12:26:39 --> replaceApprovalInfo: No reviewer_id set, skipping Checked By column
INFO - 2026-02-27 12:26:39 --> replaceApprovalInfo: No approver_id set, skipping Approved By column
INFO - 2026-02-27 12:26:39 --> replaceApprovalInfo: Completed processing for document ID: 1
INFO - 2026-02-27 12:31:37 --> Session: Class initialized using 'CodeIgniter\Session\Handlers\FileHandler' driver.
INFO - 2026-02-27 12:31:37 --> replaceApprovalInfo: Starting for document ID: 2
INFO - 2026-02-27 12:31:37 --> replaceApprovalInfo: Approval table found
INFO - 2026-02-27 12:31:37 --> replaceApprovalInfo: Reviewer ID: null, Approver ID: null
INFO - 2026-02-27 12:31:37 --> replaceApprovalInfo: No reviewer_id set, skipping Checked By column
INFO - 2026-02-27 12:31:37 --> replaceApprovalInfo: No approver_id set, skipping Approved By column
INFO - 2026-02-27 12:31:37 --> replaceApprovalInfo: Completed processing for document ID: 2
INFO - 2026-02-27 12:32:08 --> Session: Class initialized using 'CodeIgniter\Session\Handlers\FileHandler' driver.
INFO - 2026-02-27 12:32:08 --> replaceApprovalInfo: Starting for document ID: 2
INFO - 2026-02-27 12:32:08 --> replaceApprovalInfo: Approval table found
INFO - 2026-02-27 12:32:08 --> replaceApprovalInfo: Reviewer ID: null, Approver ID: null
INFO - 2026-02-27 12:32:08 --> replaceApprovalInfo: No reviewer_id set, skipping Checked By column
INFO - 2026-02-27 12:32:08 --> replaceApprovalInfo: No approver_id set, skipping Approved By column
INFO - 2026-02-27 12:32:08 --> replaceApprovalInfo: Completed processing for document ID: 2
INFO - 2026-02-27 12:32:44 --> Session: Class initialized using 'CodeIgniter\Session\Handlers\FileHandler' driver.
INFO - 2026-02-27 12:32:44 --> replaceApprovalInfo: Starting for document ID: 2
INFO - 2026-02-27 12:32:44 --> replaceApprovalInfo: Approval table found
INFO - 2026-02-27 12:32:44 --> replaceApprovalInfo: Reviewer ID: null, Approver ID: null
INFO - 2026-02-27 12:32:44 --> replaceApprovalInfo: No reviewer_id set, skipping Checked By column
INFO - 2026-02-27 12:32:44 --> replaceApprovalInfo: No approver_id set, skipping Approved By column
INFO - 2026-02-27 12:32:44 --> replaceApprovalInfo: Completed processing for document ID: 2
INFO - 2026-02-27 12:34:39 --> Session: Class initialized using 'CodeIgniter\Session\Handlers\FileHandler' driver.
INFO - 2026-02-27 12:34:39 --> replaceApprovalInfo: Starting for document ID: 2
INFO - 2026-02-27 12:34:39 --> replaceApprovalInfo: Approval table found
INFO - 2026-02-27 12:34:39 --> replaceApprovalInfo: Reviewer ID: null, Approver ID: null
INFO - 2026-02-27 12:34:39 --> replaceApprovalInfo: No reviewer_id set, skipping Checked By column
INFO - 2026-02-27 12:34:39 --> replaceApprovalInfo: No approver_id set, skipping Approved By column
INFO - 2026-02-27 12:34:39 --> replaceApprovalInfo: Completed processing for document ID: 2
INFO - 2026-02-27 12:35:22 --> Session: Class initialized using 'CodeIgniter\Session\Handlers\FileHandler' driver.
INFO - 2026-02-27 12:35:22 --> replaceApprovalInfo: Starting for document ID: 2
INFO - 2026-02-27 12:35:22 --> replaceApprovalInfo: Approval table found
INFO - 2026-02-27 12:35:22 --> replaceApprovalInfo: Reviewer ID: null, Approver ID: null
INFO - 2026-02-27 12:35:22 --> replaceApprovalInfo: No reviewer_id set, skipping Checked By column
INFO - 2026-02-27 12:35:22 --> replaceApprovalInfo: No approver_id set, skipping Approved By column
INFO - 2026-02-27 12:35:22 --> replaceApprovalInfo: Completed processing for document ID: 2
INFO - 2026-02-27 12:35:25 --> Session: Class initialized using 'CodeIgniter\Session\Handlers\FileHandler' driver.
INFO - 2026-02-27 12:35:38 --> Session: Class initialized using 'CodeIgniter\Session\Handlers\FileHandler' driver.
INFO - 2026-02-27 12:35:38 --> Session: Class initialized using 'CodeIgniter\Session\Handlers\FileHandler' driver.
INFO - 2026-02-27 12:35:44 --> Session: Class initialized using 'CodeIgniter\Session\Handlers\FileHandler' driver.
INFO - 2026-02-27 12:35:44 --> replaceApprovalInfo: Starting for document ID: 2
INFO - 2026-02-27 12:35:44 --> replaceApprovalInfo: Approval table found
INFO - 2026-02-27 12:35:44 --> replaceApprovalInfo: Reviewer ID: null, Approver ID: null
INFO - 2026-02-27 12:35:44 --> replaceApprovalInfo: No reviewer_id set, skipping Checked By column
INFO - 2026-02-27 12:35:44 --> replaceApprovalInfo: No approver_id set, skipping Approved By column
INFO - 2026-02-27 12:35:44 --> replaceApprovalInfo: Completed processing for document ID: 2
INFO - 2026-02-27 12:35:47 --> Session: Class initialized using 'CodeIgniter\Session\Handlers\FileHandler' driver.
INFO - 2026-02-27 12:35:47 --> replaceApprovalInfo: Starting for document ID: 2
INFO - 2026-02-27 12:35:47 --> replaceApprovalInfo: Approval table found
INFO - 2026-02-27 12:35:47 --> replaceApprovalInfo: Reviewer ID: null, Approver ID: null
INFO - 2026-02-27 12:35:47 --> replaceApprovalInfo: No reviewer_id set, skipping Checked By column
INFO - 2026-02-27 12:35:47 --> replaceApprovalInfo: No approver_id set, skipping Approved By column
INFO - 2026-02-27 12:35:47 --> replaceApprovalInfo: Completed processing for document ID: 2
INFO - 2026-02-27 12:35:55 --> Session: Class initialized using 'CodeIgniter\Session\Handlers\FileHandler' driver.
INFO - 2026-02-27 12:35:55 --> replaceApprovalInfo: Starting for document ID: 2
INFO - 2026-02-27 12:35:55 --> replaceApprovalInfo: Approval table found
INFO - 2026-02-27 12:35:55 --> replaceApprovalInfo: Reviewer ID: null, Approver ID: null
INFO - 2026-02-27 12:35:55 --> replaceApprovalInfo: No reviewer_id set, skipping Checked By column
INFO - 2026-02-27 12:35:55 --> replaceApprovalInfo: No approver_id set, skipping Approved By column
INFO - 2026-02-27 12:35:55 --> replaceApprovalInfo: Completed processing for document ID: 2
INFO - 2026-02-27 12:38:05 --> Session: Class initialized using 'CodeIgniter\Session\Handlers\FileHandler' driver.
INFO - 2026-02-27 12:38:05 --> replaceApprovalInfo: Starting for document ID: 2
INFO - 2026-02-27 12:38:05 --> replaceApprovalInfo: Approval table found
INFO - 2026-02-27 12:38:05 --> replaceApprovalInfo: Reviewer ID: null, Approver ID: null
INFO - 2026-02-27 12:38:05 --> replaceApprovalInfo: No reviewer_id set, skipping Checked By column
INFO - 2026-02-27 12:38:05 --> replaceApprovalInfo: No approver_id set, skipping Approved By column
INFO - 2026-02-27 12:38:05 --> replaceApprovalInfo: Completed processing for document ID: 2
INFO - 2026-02-27 12:38:09 --> Session: Class initialized using 'CodeIgniter\Session\Handlers\FileHandler' driver.
INFO - 2026-02-27 12:38:09 --> replaceApprovalInfo: Starting for document ID: 2
INFO - 2026-02-27 12:38:09 --> replaceApprovalInfo: Approval table found
INFO - 2026-02-27 12:38:09 --> replaceApprovalInfo: Reviewer ID: null, Approver ID: null
INFO - 2026-02-27 12:38:09 --> replaceApprovalInfo: No reviewer_id set, skipping Checked By column
INFO - 2026-02-27 12:38:09 --> replaceApprovalInfo: No approver_id set, skipping Approved By column
INFO - 2026-02-27 12:38:09 --> replaceApprovalInfo: Completed processing for document ID: 2
INFO - 2026-02-27 12:38:26 --> Session: Class initialized using 'CodeIgniter\Session\Handlers\FileHandler' driver.
INFO - 2026-02-27 12:38:26 --> replaceApprovalInfo: Starting for document ID: 2
INFO - 2026-02-27 12:38:26 --> replaceApprovalInfo: Approval table found
INFO - 2026-02-27 12:38:26 --> replaceApprovalInfo: Reviewer ID: null, Approver ID: null
INFO - 2026-02-27 12:38:26 --> replaceApprovalInfo: No reviewer_id set, skipping Checked By column
INFO - 2026-02-27 12:38:26 --> replaceApprovalInfo: No approver_id set, skipping Approved By column
INFO - 2026-02-27 12:38:26 --> replaceApprovalInfo: Completed processing for document ID: 2
INFO - 2026-02-27 12:38:28 --> Session: Class initialized using 'CodeIgniter\Session\Handlers\FileHandler' driver.
INFO - 2026-02-27 12:38:45 --> Session: Class initialized using 'CodeIgniter\Session\Handlers\FileHandler' driver.
INFO - 2026-02-27 12:38:45 --> Session: Class initialized using 'CodeIgniter\Session\Handlers\FileHandler' driver.
INFO - 2026-02-27 12:38:48 --> Session: Class initialized using 'CodeIgniter\Session\Handlers\FileHandler' driver.
INFO - 2026-02-27 12:38:48 --> replaceApprovalInfo: Starting for document ID: 2
INFO - 2026-02-27 12:38:48 --> replaceApprovalInfo: Approval table found
INFO - 2026-02-27 12:38:48 --> replaceApprovalInfo: Reviewer ID: null, Approver ID: null
INFO - 2026-02-27 12:38:48 --> replaceApprovalInfo: No reviewer_id set, skipping Checked By column
INFO - 2026-02-27 12:38:48 --> replaceApprovalInfo: No approver_id set, skipping Approved By column
INFO - 2026-02-27 12:38:48 --> replaceApprovalInfo: Completed processing for document ID: 2
INFO - 2026-02-27 12:38:52 --> Session: Class initialized using 'CodeIgniter\Session\Handlers\FileHandler' driver.
INFO - 2026-02-27 12:38:52 --> replaceApprovalInfo: Starting for document ID: 2
INFO - 2026-02-27 12:38:52 --> replaceApprovalInfo: Approval table found
INFO - 2026-02-27 12:38:52 --> replaceApprovalInfo: Reviewer ID: null, Approver ID: null
INFO - 2026-02-27 12:38:52 --> replaceApprovalInfo: No reviewer_id set, skipping Checked By column
INFO - 2026-02-27 12:38:52 --> replaceApprovalInfo: No approver_id set, skipping Approved By column
INFO - 2026-02-27 12:38:52 --> replaceApprovalInfo: Completed processing for document ID: 2
INFO - 2026-02-27 12:39:30 --> Session: Class initialized using 'CodeIgniter\Session\Handlers\FileHandler' driver.
INFO - 2026-02-27 12:39:30 --> replaceApprovalInfo: Starting for document ID: 2
INFO - 2026-02-27 12:39:30 --> replaceApprovalInfo: Approval table found
INFO - 2026-02-27 12:39:30 --> replaceApprovalInfo: Reviewer ID: null, Approver ID: null
INFO - 2026-02-27 12:39:30 --> replaceApprovalInfo: No reviewer_id set, skipping Checked By column
INFO - 2026-02-27 12:39:30 --> replaceApprovalInfo: No approver_id set, skipping Approved By column
INFO - 2026-02-27 12:39:30 --> replaceApprovalInfo: Completed processing for document ID: 2
INFO - 2026-02-27 12:39:32 --> Session: Class initialized using 'CodeIgniter\Session\Handlers\FileHandler' driver.
INFO - 2026-02-27 12:39:42 --> Session: Class initialized using 'CodeIgniter\Session\Handlers\FileHandler' driver.
INFO - 2026-02-27 12:39:43 --> Session: Class initialized using 'CodeIgniter\Session\Handlers\FileHandler' driver.
INFO - 2026-02-27 12:39:46 --> Session: Class initialized using 'CodeIgniter\Session\Handlers\FileHandler' driver.
INFO - 2026-02-27 12:39:46 --> replaceApprovalInfo: Starting for document ID: 2
INFO - 2026-02-27 12:39:46 --> replaceApprovalInfo: Approval table found
INFO - 2026-02-27 12:39:46 --> replaceApprovalInfo: Reviewer ID: null, Approver ID: null
INFO - 2026-02-27 12:39:46 --> replaceApprovalInfo: No reviewer_id set, skipping Checked By column
INFO - 2026-02-27 12:39:46 --> replaceApprovalInfo: No approver_id set, skipping Approved By column
INFO - 2026-02-27 12:39:46 --> replaceApprovalInfo: Completed processing for document ID: 2
INFO - 2026-02-27 12:39:48 --> Session: Class initialized using 'CodeIgniter\Session\Handlers\FileHandler' driver.
INFO - 2026-02-27 12:39:48 --> replaceApprovalInfo: Starting for document ID: 2
INFO - 2026-02-27 12:39:48 --> replaceApprovalInfo: Approval table found
INFO - 2026-02-27 12:39:48 --> replaceApprovalInfo: Reviewer ID: null, Approver ID: null
INFO - 2026-02-27 12:39:48 --> replaceApprovalInfo: No reviewer_id set, skipping Checked By column
INFO - 2026-02-27 12:39:48 --> replaceApprovalInfo: No approver_id set, skipping Approved By column
INFO - 2026-02-27 12:39:48 --> replaceApprovalInfo: Completed processing for document ID: 2
INFO - 2026-02-27 12:41:16 --> Session: Class initialized using 'CodeIgniter\Session\Handlers\FileHandler' driver.
INFO - 2026-02-27 12:41:16 --> replaceApprovalInfo: Starting for document ID: 2
INFO - 2026-02-27 12:41:16 --> replaceApprovalInfo: Approval table found
INFO - 2026-02-27 12:41:16 --> replaceApprovalInfo: Reviewer ID: null, Approver ID: null
INFO - 2026-02-27 12:41:16 --> replaceApprovalInfo: No reviewer_id set, skipping Checked By column
INFO - 2026-02-27 12:41:16 --> replaceApprovalInfo: No approver_id set, skipping Approved By column
INFO - 2026-02-27 12:41:16 --> replaceApprovalInfo: Completed processing for document ID: 2
INFO - 2026-02-27 12:41:30 --> Session: Class initialized using 'CodeIgniter\Session\Handlers\FileHandler' driver.
INFO - 2026-02-27 12:41:30 --> replaceApprovalInfo: Starting for document ID: 2
INFO - 2026-02-27 12:41:30 --> replaceApprovalInfo: Approval table found
INFO - 2026-02-27 12:41:30 --> replaceApprovalInfo: Reviewer ID: null, Approver ID: null
INFO - 2026-02-27 12:41:30 --> replaceApprovalInfo: No reviewer_id set, skipping Checked By column
INFO - 2026-02-27 12:41:30 --> replaceApprovalInfo: No approver_id set, skipping Approved By column
INFO - 2026-02-27 12:41:30 --> replaceApprovalInfo: Completed processing for document ID: 2
INFO - 2026-02-27 12:41:32 --> Session: Class initialized using 'CodeIgniter\Session\Handlers\FileHandler' driver.
INFO - 2026-02-27 12:41:43 --> Session: Class initialized using 'CodeIgniter\Session\Handlers\FileHandler' driver.
INFO - 2026-02-27 12:41:43 --> Session: Class initialized using 'CodeIgniter\Session\Handlers\FileHandler' driver.
INFO - 2026-02-27 12:41:45 --> Session: Class initialized using 'CodeIgniter\Session\Handlers\FileHandler' driver.
INFO - 2026-02-27 12:41:45 --> replaceApprovalInfo: Starting for document ID: 2
INFO - 2026-02-27 12:41:45 --> replaceApprovalInfo: Approval table found
INFO - 2026-02-27 12:41:45 --> replaceApprovalInfo: Reviewer ID: null, Approver ID: null
INFO - 2026-02-27 12:41:45 --> replaceApprovalInfo: No reviewer_id set, skipping Checked By column
INFO - 2026-02-27 12:41:45 --> replaceApprovalInfo: No approver_id set, skipping Approved By column
INFO - 2026-02-27 12:41:45 --> replaceApprovalInfo: Completed processing for document ID: 2
INFO - 2026-02-27 12:41:50 --> Session: Class initialized using 'CodeIgniter\Session\Handlers\FileHandler' driver.
INFO - 2026-02-27 12:41:50 --> replaceApprovalInfo: Starting for document ID: 2
INFO - 2026-02-27 12:41:50 --> replaceApprovalInfo: Approval table found
INFO - 2026-02-27 12:41:50 --> replaceApprovalInfo: Reviewer ID: null, Approver ID: null
INFO - 2026-02-27 12:41:50 --> replaceApprovalInfo: No reviewer_id set, skipping Checked By column
INFO - 2026-02-27 12:41:50 --> replaceApprovalInfo: No approver_id set, skipping Approved By column
INFO - 2026-02-27 12:41:50 --> replaceApprovalInfo: Completed processing for document ID: 2
INFO - 2026-02-27 12:42:41 --> Session: Class initialized using 'CodeIgniter\Session\Handlers\FileHandler' driver.
INFO - 2026-02-27 12:42:41 --> replaceApprovalInfo: Starting for document ID: 2
INFO - 2026-02-27 12:42:41 --> replaceApprovalInfo: Approval table found
INFO - 2026-02-27 12:42:41 --> replaceApprovalInfo: Reviewer ID: null, Approver ID: null
INFO - 2026-02-27 12:42:41 --> replaceApprovalInfo: No reviewer_id set, skipping Checked By column
INFO - 2026-02-27 12:42:41 --> replaceApprovalInfo: No approver_id set, skipping Approved By column
INFO - 2026-02-27 12:42:41 --> replaceApprovalInfo: Completed processing for document ID: 2
INFO - 2026-02-27 12:43:18 --> Session: Class initialized using 'CodeIgniter\Session\Handlers\FileHandler' driver.
INFO - 2026-02-27 12:43:18 --> replaceApprovalInfo: Starting for document ID: 2
INFO - 2026-02-27 12:43:18 --> replaceApprovalInfo: Approval table found
INFO - 2026-02-27 12:43:18 --> replaceApprovalInfo: Reviewer ID: null, Approver ID: null
INFO - 2026-02-27 12:43:18 --> replaceApprovalInfo: No reviewer_id set, skipping Checked By column
INFO - 2026-02-27 12:43:18 --> replaceApprovalInfo: No approver_id set, skipping Approved By column
INFO - 2026-02-27 12:43:18 --> replaceApprovalInfo: Completed processing for document ID: 2
INFO - 2026-02-27 12:45:12 --> Session: Class initialized using 'CodeIgniter\Session\Handlers\FileHandler' driver.
INFO - 2026-02-27 12:45:12 --> replaceApprovalInfo: Starting for document ID: 2
INFO - 2026-02-27 12:45:12 --> replaceApprovalInfo: Approval table found
INFO - 2026-02-27 12:45:12 --> replaceApprovalInfo: Reviewer ID: null, Approver ID: null
INFO - 2026-02-27 12:45:12 --> replaceApprovalInfo: No reviewer_id set, skipping Checked By column
INFO - 2026-02-27 12:45:12 --> replaceApprovalInfo: No approver_id set, skipping Approved By column
INFO - 2026-02-27 12:45:12 --> replaceApprovalInfo: Completed processing for document ID: 2
INFO - 2026-02-27 12:46:31 --> Session: Class initialized using 'CodeIgniter\Session\Handlers\FileHandler' driver.
INFO - 2026-02-27 12:46:31 --> replaceApprovalInfo: Starting for document ID: 2
INFO - 2026-02-27 12:46:31 --> replaceApprovalInfo: Approval table found
INFO - 2026-02-27 12:46:31 --> replaceApprovalInfo: Reviewer ID: null, Approver ID: null
INFO - 2026-02-27 12:46:31 --> replaceApprovalInfo: No reviewer_id set, skipping Checked By column
INFO - 2026-02-27 12:46:31 --> replaceApprovalInfo: No approver_id set, skipping Approved By column
INFO - 2026-02-27 12:46:31 --> replaceApprovalInfo: Completed processing for document ID: 2
INFO - 2026-02-27 12:47:05 --> Session: Class initialized using 'CodeIgniter\Session\Handlers\FileHandler' driver.
INFO - 2026-02-27 12:47:05 --> replaceApprovalInfo: Starting for document ID: 2
INFO - 2026-02-27 12:47:05 --> replaceApprovalInfo: Approval table found
INFO - 2026-02-27 12:47:05 --> replaceApprovalInfo: Reviewer ID: null, Approver ID: null
INFO - 2026-02-27 12:47:05 --> replaceApprovalInfo: No reviewer_id set, skipping Checked By column
INFO - 2026-02-27 12:47:05 --> replaceApprovalInfo: No approver_id set, skipping Approved By column
INFO - 2026-02-27 12:47:05 --> replaceApprovalInfo: Completed processing for document ID: 2
INFO - 2026-02-27 12:47:07 --> Session: Class initialized using 'CodeIgniter\Session\Handlers\FileHandler' driver.
INFO - 2026-02-27 12:47:21 --> Session: Class initialized using 'CodeIgniter\Session\Handlers\FileHandler' driver.
INFO - 2026-02-27 12:47:21 --> Session: Class initialized using 'CodeIgniter\Session\Handlers\FileHandler' driver.
INFO - 2026-02-27 12:47:24 --> Session: Class initialized using 'CodeIgniter\Session\Handlers\FileHandler' driver.
INFO - 2026-02-27 12:47:24 --> replaceApprovalInfo: Starting for document ID: 2
INFO - 2026-02-27 12:47:24 --> replaceApprovalInfo: Approval table found
INFO - 2026-02-27 12:47:24 --> replaceApprovalInfo: Reviewer ID: null, Approver ID: null
INFO - 2026-02-27 12:47:24 --> replaceApprovalInfo: No reviewer_id set, skipping Checked By column
INFO - 2026-02-27 12:47:24 --> replaceApprovalInfo: No approver_id set, skipping Approved By column
INFO - 2026-02-27 12:47:24 --> replaceApprovalInfo: Completed processing for document ID: 2
INFO - 2026-02-27 12:47:30 --> Session: Class initialized using 'CodeIgniter\Session\Handlers\FileHandler' driver.
INFO - 2026-02-27 12:47:30 --> replaceApprovalInfo: Starting for document ID: 2
INFO - 2026-02-27 12:47:30 --> replaceApprovalInfo: Approval table found
INFO - 2026-02-27 12:47:30 --> replaceApprovalInfo: Reviewer ID: null, Approver ID: null
INFO - 2026-02-27 12:47:30 --> replaceApprovalInfo: No reviewer_id set, skipping Checked By column
INFO - 2026-02-27 12:47:30 --> replaceApprovalInfo: No approver_id set, skipping Approved By column
INFO - 2026-02-27 12:47:30 --> replaceApprovalInfo: Completed processing for document ID: 2
INFO - 2026-02-27 12:47:39 --> Session: Class initialized using 'CodeIgniter\Session\Handlers\FileHandler' driver.
INFO - 2026-02-27 12:47:39 --> replaceApprovalInfo: Starting for document ID: 2
INFO - 2026-02-27 12:47:39 --> replaceApprovalInfo: Approval table found
INFO - 2026-02-27 12:47:39 --> replaceApprovalInfo: Reviewer ID: null, Approver ID: null
INFO - 2026-02-27 12:47:39 --> replaceApprovalInfo: No reviewer_id set, skipping Checked By column
INFO - 2026-02-27 12:47:39 --> replaceApprovalInfo: No approver_id set, skipping Approved By column
INFO - 2026-02-27 12:47:39 --> replaceApprovalInfo: Completed processing for document ID: 2
INFO - 2026-02-27 12:47:40 --> Session: Class initialized using 'CodeIgniter\Session\Handlers\FileHandler' driver.
INFO - 2026-02-27 12:47:47 --> Session: Class initialized using 'CodeIgniter\Session\Handlers\FileHandler' driver.
INFO - 2026-02-27 12:47:47 --> Session: Class initialized using 'CodeIgniter\Session\Handlers\FileHandler' driver.
INFO - 2026-02-27 12:47:50 --> Session: Class initialized using 'CodeIgniter\Session\Handlers\FileHandler' driver.
INFO - 2026-02-27 12:47:50 --> replaceApprovalInfo: Starting for document ID: 2
INFO - 2026-02-27 12:47:50 --> replaceApprovalInfo: Approval table found
INFO - 2026-02-27 12:47:50 --> replaceApprovalInfo: Reviewer ID: null, Approver ID: null
INFO - 2026-02-27 12:47:50 --> replaceApprovalInfo: No reviewer_id set, skipping Checked By column
INFO - 2026-02-27 12:47:50 --> replaceApprovalInfo: No approver_id set, skipping Approved By column
INFO - 2026-02-27 12:47:50 --> replaceApprovalInfo: Completed processing for document ID: 2
INFO - 2026-02-27 12:47:55 --> Session: Class initialized using 'CodeIgniter\Session\Handlers\FileHandler' driver.
INFO - 2026-02-27 12:47:55 --> replaceApprovalInfo: Starting for document ID: 2
INFO - 2026-02-27 12:47:55 --> replaceApprovalInfo: Approval table found
INFO - 2026-02-27 12:47:55 --> replaceApprovalInfo: Reviewer ID: null, Approver ID: null
INFO - 2026-02-27 12:47:55 --> replaceApprovalInfo: No reviewer_id set, skipping Checked By column
INFO - 2026-02-27 12:47:55 --> replaceApprovalInfo: No approver_id set, skipping Approved By column
INFO - 2026-02-27 12:47:55 --> replaceApprovalInfo: Completed processing for document ID: 2
INFO - 2026-02-27 12:54:35 --> Session: Class initialized using 'CodeIgniter\Session\Handlers\FileHandler' driver.
INFO - 2026-02-27 12:54:35 --> replaceApprovalInfo: Starting for document ID: 2
INFO - 2026-02-27 12:54:35 --> replaceApprovalInfo: Approval table found
INFO - 2026-02-27 12:54:35 --> replaceApprovalInfo: Reviewer ID: null, Approver ID: null
INFO - 2026-02-27 12:54:35 --> replaceApprovalInfo: No reviewer_id set, skipping Checked By column
INFO - 2026-02-27 12:54:35 --> replaceApprovalInfo: No approver_id set, skipping Approved By column
INFO - 2026-02-27 12:54:35 --> replaceApprovalInfo: Completed processing for document ID: 2
